#
# There is insufficient memory for the Java Runtime Environment to continue.
# Native memory allocation (mmap) failed to map 30408704 bytes. Error detail: G1 virtual space
# Possible reasons:
#   The system is out of physical RAM or swap space
#   This process is running with CompressedOops enabled, and the Java Heap may be blocking the growth of the native heap
# Possible solutions:
#   Reduce memory load on the system
#   Increase physical memory or swap space
#   Check if swap backing store is full
#   Decrease Java heap size (-Xmx/-Xms)
#   Decrease number of Java threads
#   Decrease Java thread stack sizes (-Xss)
#   Set larger code cache with -XX:ReservedCodeCacheSize=
#   JVM is running with Unscaled Compressed Oops mode in which the Java heap is
#     placed in the first 4GB address space. The Java Heap base address is the
#     maximum limit for the native heap growth. Please use -XX:HeapBaseMinAddress
#     to set the Java Heap base and to place the Java Heap above 4GB virtual address.
# This output file may be truncated or incomplete.
#
#  Out of Memory Error (os_windows.cpp:3898), pid=8096, tid=4468
#
# JRE version: OpenJDK Runtime Environment (21.0.7) (build 21.0.7+-13880790-b1038.58)
# Java VM: OpenJDK 64-Bit Server VM (21.0.7+-13880790-b1038.58, mixed mode, tiered, compressed oops, compressed class ptrs, g1 gc, windows-amd64)
# No core dump will be written. Minidumps are not enabled by default on client versions of Windows
#

---------------  S U M M A R Y ------------

Command Line: --add-opens=java.base/java.lang=ALL-UNNAMED --add-opens=java.base/java.lang.invoke=ALL-UNNAMED --add-opens=java.base/java.util=ALL-UNNAMED --add-opens=java.prefs/java.util.prefs=ALL-UNNAMED --add-exports=jdk.compiler/com.sun.tools.javac.api=ALL-UNNAMED --add-exports=jdk.compiler/com.sun.tools.javac.util=ALL-UNNAMED --add-opens=java.base/java.util=ALL-UNNAMED --add-opens=java.prefs/java.util.prefs=ALL-UNNAMED --add-opens=java.base/java.nio.charset=ALL-UNNAMED --add-opens=java.base/java.net=ALL-UNNAMED --add-opens=java.base/java.util.concurrent.atomic=ALL-UNNAMED --add-opens=java.xml/javax.xml.namespace=ALL-UNNAMED -Xmx2048m -Dfile.encoding=UTF-8 -Duser.country=US -Duser.language=en -Duser.variant -javaagent:C:\Users\Nguyen Tung\.gradle\wrapper\dists\gradle-8.13-bin\5xuhj0ry160q40clulazy9h7d\gradle-8.13\lib\agents\gradle-instrumentation-agent-8.13.jar org.gradle.launcher.daemon.bootstrap.GradleDaemon 8.13

Host: Intel(R) Pentium(R) Gold G5400 CPU @ 3.70GHz, 4 cores, 3G,  Windows 10 , 64 bit Build 19041 (10.0.19041.1645)
Time: Sun Sep 28 21:06:59 2025 SE Asia Standard Time elapsed time: 13.948462 seconds (0d 0h 0m 13s)

---------------  T H R E A D  ---------------

Current thread (0x00000217b36899a0):  VMThread "VM Thread"          [id=4468, stack(0x000000d7ca900000,0x000000d7caa00000) (1024K)]

Stack: [0x000000d7ca900000,0x000000d7caa00000]
Native frames: (J=compiled Java code, j=interpreted, Vv=VM code, C=native code)
V  [jvm.dll+0x6d25c9]
V  [jvm.dll+0x860923]
V  [jvm.dll+0x862e7e]
V  [jvm.dll+0x863563]
V  [jvm.dll+0x27f156]
V  [jvm.dll+0x6ceee5]
V  [jvm.dll+0x6c29aa]
V  [jvm.dll+0x355ebb]
V  [jvm.dll+0x35db16]
V  [jvm.dll+0x3afb16]
V  [jvm.dll+0x3afde8]
V  [jvm.dll+0x32855c]
V  [jvm.dll+0x3285e7]
V  [jvm.dll+0x36e47c]
V  [jvm.dll+0x36cc2e]
V  [jvm.dll+0x327cb1]
V  [jvm.dll+0x36c330]
V  [jvm.dll+0x8692e8]
V  [jvm.dll+0x86a664]
V  [jvm.dll+0x86aba0]
V  [jvm.dll+0x86ae33]
V  [jvm.dll+0x808d08]
V  [jvm.dll+0x6d0e1d]
C  [ucrtbase.dll+0x21bb2]
C  [KERNEL32.DLL+0x17034]
C  [ntdll.dll+0x52651]

VM_Operation (0x000000d7ce8fca30): G1CollectForAllocation, mode: safepoint, requested by thread 0x00000217bb6e6da0


---------------  P R O C E S S  ---------------

Threads class SMR info:
_java_thread_list=0x00000217bba80970, length=60, elements={
0x000002179a590500, 0x00000217b3838070, 0x00000217b38522a0, 0x00000217b3852d00,
0x00000217b38669e0, 0x00000217b3867440, 0x00000217b3867ea0, 0x00000217b3868900,
0x00000217b38736b0, 0x00000217b3877650, 0x00000217b3b88340, 0x00000217b9b52000,
0x00000217b8ca4d60, 0x00000217b97e5440, 0x00000217b992af70, 0x00000217b984fbc0,
0x00000217b9adf3a0, 0x00000217b9afcb20, 0x00000217b9aceaa0, 0x00000217b9ad0b70,
0x00000217b9acf7c0, 0x00000217b9ad1200, 0x00000217b9ad1890, 0x00000217b9acfe50,
0x00000217b9acf130, 0x00000217b9ad1f20, 0x00000217bb60fb90, 0x00000217bb60e150,
0x00000217bb60f500, 0x00000217bb610220, 0x00000217bb6115d0, 0x00000217bb6122f0,
0x00000217bb610f40, 0x00000217bb613010, 0x00000217bb60e7e0, 0x00000217bb60cda0,
0x00000217bb6136a0, 0x00000217bb60c710, 0x00000217bb611c60, 0x00000217bb60d430,
0x00000217bb60dac0, 0x00000217bb60ee70, 0x00000217ba761f40, 0x00000217ba764010,
0x00000217ba7625d0, 0x00000217ba7618b0, 0x00000217ba75e430, 0x00000217ba764d30,
0x00000217ba75fe70, 0x00000217ba762c60, 0x00000217ba760500, 0x00000217ba7632f0,
0x00000217ba763980, 0x00000217ba761220, 0x00000217ba75dda0, 0x00000217ba7653c0,
0x00000217ba75eac0, 0x00000217bb6e9500, 0x00000217bb6e6710, 0x00000217bb6e6da0
}

Java Threads: ( => current thread )
  0x000002179a590500 JavaThread "main"                              [_thread_blocked, id=5024, stack(0x000000d7ca200000,0x000000d7ca300000) (1024K)]
  0x00000217b3838070 JavaThread "Common-Cleaner"             daemon [_thread_blocked, id=8908, stack(0x000000d7caa00000,0x000000d7cab00000) (1024K)]
  0x00000217b38522a0 JavaThread "Reference Handler"          daemon [_thread_blocked, id=5912, stack(0x000000d7cab00000,0x000000d7cac00000) (1024K)]
  0x00000217b3852d00 JavaThread "Finalizer"                  daemon [_thread_blocked, id=1332, stack(0x000000d7cac00000,0x000000d7cad00000) (1024K)]
  0x00000217b38669e0 JavaThread "Signal Dispatcher"          daemon [_thread_blocked, id=4012, stack(0x000000d7cad00000,0x000000d7cae00000) (1024K)]
  0x00000217b3867440 JavaThread "Attach Listener"            daemon [_thread_blocked, id=9000, stack(0x000000d7cae00000,0x000000d7caf00000) (1024K)]
  0x00000217b3867ea0 JavaThread "Service Thread"             daemon [_thread_blocked, id=5576, stack(0x000000d7caf00000,0x000000d7cb000000) (1024K)]
  0x00000217b3868900 JavaThread "Monitor Deflation Thread"   daemon [_thread_blocked, id=9296, stack(0x000000d7cb000000,0x000000d7cb100000) (1024K)]
  0x00000217b38736b0 JavaThread "C2 CompilerThread0"         daemon [_thread_blocked, id=8712, stack(0x000000d7cb100000,0x000000d7cb200000) (1024K)]
  0x00000217b3877650 JavaThread "C1 CompilerThread0"         daemon [_thread_blocked, id=8560, stack(0x000000d7cb200000,0x000000d7cb300000) (1024K)]
  0x00000217b3b88340 JavaThread "Notification Thread"        daemon [_thread_blocked, id=10096, stack(0x000000d7cb300000,0x000000d7cb400000) (1024K)]
  0x00000217b9b52000 JavaThread "Daemon health stats"               [_thread_blocked, id=8672, stack(0x000000d7cb700000,0x000000d7cb800000) (1024K)]
  0x00000217b8ca4d60 JavaThread "Incoming local TCP Connector on port 52799"        [_thread_in_native, id=4860, stack(0x000000d7cb800000,0x000000d7cb900000) (1024K)]
  0x00000217b97e5440 JavaThread "Daemon periodic checks"            [_thread_blocked, id=5664, stack(0x000000d7cb900000,0x000000d7cba00000) (1024K)]
  0x00000217b992af70 JavaThread "Daemon"                            [_thread_blocked, id=10080, stack(0x000000d7cba00000,0x000000d7cbb00000) (1024K)]
  0x00000217b984fbc0 JavaThread "Handler for socket connection from /127.0.0.1:52799 to /127.0.0.1:52800"        [_thread_in_native, id=8292, stack(0x000000d7cbb00000,0x000000d7cbc00000) (1024K)]
  0x00000217b9adf3a0 JavaThread "Cancel handler"                    [_thread_blocked, id=9116, stack(0x000000d7cbc00000,0x000000d7cbd00000) (1024K)]
  0x00000217b9afcb20 JavaThread "Daemon worker"                     [_thread_blocked, id=3216, stack(0x000000d7cbd00000,0x000000d7cbe00000) (1024K)]
  0x00000217b9aceaa0 JavaThread "Asynchronous log dispatcher for DefaultDaemonConnection: socket connection from /127.0.0.1:52799 to /127.0.0.1:52800"        [_thread_blocked, id=4828, stack(0x000000d7cbe00000,0x000000d7cbf00000) (1024K)]
  0x00000217b9ad0b70 JavaThread "Stdin handler"                     [_thread_blocked, id=5640, stack(0x000000d7cbf00000,0x000000d7cc000000) (1024K)]
  0x00000217b9acf7c0 JavaThread "Daemon client event forwarder"        [_thread_blocked, id=8288, stack(0x000000d7cc000000,0x000000d7cc100000) (1024K)]
  0x00000217b9ad1200 JavaThread "Cache worker for journal cache (C:\Users\Nguyen Tung\.gradle\caches\journal-1)"        [_thread_blocked, id=8532, stack(0x000000d7cc100000,0x000000d7cc200000) (1024K)]
  0x00000217b9ad1890 JavaThread "File lock request listener"        [_thread_in_native, id=9932, stack(0x000000d7cc200000,0x000000d7cc300000) (1024K)]
  0x00000217b9acfe50 JavaThread "Cache worker for file hash cache (C:\Users\Nguyen Tung\.gradle\caches\8.13\fileHashes)"        [_thread_blocked, id=3964, stack(0x000000d7cc300000,0x000000d7cc400000) (1024K)]
  0x00000217b9acf130 JavaThread "Cache worker for file hash cache (C:\Users\Nguyen Tung\StudioProjects\BayTro\.gradle\8.13\fileHashes)"        [_thread_blocked, id=7340, stack(0x000000d7cc400000,0x000000d7cc500000) (1024K)]
  0x00000217b9ad1f20 JavaThread "Cache worker for Build Output Cleanup Cache (C:\Users\Nguyen Tung\StudioProjects\BayTro\.gradle\buildOutputCleanup)"        [_thread_blocked, id=6856, stack(0x000000d7cc500000,0x000000d7cc600000) (1024K)]
  0x00000217bb60fb90 JavaThread "File watcher server"        daemon [_thread_in_native, id=8576, stack(0x000000d7cc600000,0x000000d7cc700000) (1024K)]
  0x00000217bb60e150 JavaThread "File watcher consumer"      daemon [_thread_blocked, id=6236, stack(0x000000d7cc700000,0x000000d7cc800000) (1024K)]
  0x00000217bb60f500 JavaThread "jar transforms"                    [_thread_blocked, id=264, stack(0x000000d7cc800000,0x000000d7cc900000) (1024K)]
  0x00000217bb610220 JavaThread "jar transforms Thread 2"           [_thread_blocked, id=10032, stack(0x000000d7cc900000,0x000000d7cca00000) (1024K)]
  0x00000217bb6115d0 JavaThread "Cache worker for checksums cache (C:\Users\Nguyen Tung\StudioProjects\BayTro\.gradle\8.13\checksums)"        [_thread_blocked, id=6232, stack(0x000000d7cca00000,0x000000d7ccb00000) (1024K)]
  0x00000217bb6122f0 JavaThread "Cache worker for file content cache (C:\Users\Nguyen Tung\.gradle\caches\8.13\fileContent)"        [_thread_blocked, id=9072, stack(0x000000d7ccb00000,0x000000d7ccc00000) (1024K)]
  0x00000217bb610f40 JavaThread "jar transforms Thread 3"           [_thread_blocked, id=2412, stack(0x000000d7ccc00000,0x000000d7ccd00000) (1024K)]
  0x00000217bb613010 JavaThread "Cache worker for cache directory md-supplier (C:\Users\Nguyen Tung\.gradle\caches\8.13\md-supplier)"        [_thread_blocked, id=9832, stack(0x000000d7ccd00000,0x000000d7cce00000) (1024K)]
  0x00000217bb60e7e0 JavaThread "Cache worker for cache directory md-rule (C:\Users\Nguyen Tung\.gradle\caches\8.13\md-rule)"        [_thread_blocked, id=9576, stack(0x000000d7cce00000,0x000000d7ccf00000) (1024K)]
  0x00000217bb60cda0 JavaThread "Unconstrained build operations"        [_thread_blocked, id=4908, stack(0x000000d7ccf00000,0x000000d7cd000000) (1024K)]
  0x00000217bb6136a0 JavaThread "Unconstrained build operations Thread 2"        [_thread_blocked, id=3804, stack(0x000000d7cd000000,0x000000d7cd100000) (1024K)]
  0x00000217bb60c710 JavaThread "Unconstrained build operations Thread 3"        [_thread_blocked, id=4924, stack(0x000000d7cd100000,0x000000d7cd200000) (1024K)]
  0x00000217bb611c60 JavaThread "Unconstrained build operations Thread 4"        [_thread_blocked, id=5540, stack(0x000000d7cd200000,0x000000d7cd300000) (1024K)]
  0x00000217bb60d430 JavaThread "Unconstrained build operations Thread 5"        [_thread_blocked, id=5064, stack(0x000000d7cd300000,0x000000d7cd400000) (1024K)]
  0x00000217bb60dac0 JavaThread "Unconstrained build operations Thread 6"        [_thread_blocked, id=8336, stack(0x000000d7cd400000,0x000000d7cd500000) (1024K)]
  0x00000217bb60ee70 JavaThread "jar transforms Thread 4"           [_thread_blocked, id=8492, stack(0x000000d7cd500000,0x000000d7cd600000) (1024K)]
  0x00000217ba761f40 JavaThread "Unconstrained build operations Thread 7"        [_thread_blocked, id=8276, stack(0x000000d7cd600000,0x000000d7cd700000) (1024K)]
  0x00000217ba764010 JavaThread "Unconstrained build operations Thread 8"        [_thread_blocked, id=2236, stack(0x000000d7cd700000,0x000000d7cd800000) (1024K)]
  0x00000217ba7625d0 JavaThread "Unconstrained build operations Thread 9"        [_thread_blocked, id=9480, stack(0x000000d7cd800000,0x000000d7cd900000) (1024K)]
  0x00000217ba7618b0 JavaThread "Unconstrained build operations Thread 10"        [_thread_blocked, id=5088, stack(0x000000d7cda00000,0x000000d7cdb00000) (1024K)]
  0x00000217ba75e430 JavaThread "Unconstrained build operations Thread 11"        [_thread_blocked, id=1544, stack(0x000000d7cdb00000,0x000000d7cdc00000) (1024K)]
  0x00000217ba764d30 JavaThread "Unconstrained build operations Thread 12"        [_thread_blocked, id=10224, stack(0x000000d7cdc00000,0x000000d7cdd00000) (1024K)]
  0x00000217ba75fe70 JavaThread "Unconstrained build operations Thread 13"        [_thread_blocked, id=5408, stack(0x000000d7cdd00000,0x000000d7cde00000) (1024K)]
  0x00000217ba762c60 JavaThread "Unconstrained build operations Thread 14"        [_thread_blocked, id=4428, stack(0x000000d7cde00000,0x000000d7cdf00000) (1024K)]
  0x00000217ba760500 JavaThread "Unconstrained build operations Thread 15"        [_thread_blocked, id=6392, stack(0x000000d7cdf00000,0x000000d7ce000000) (1024K)]
  0x00000217ba7632f0 JavaThread "Unconstrained build operations Thread 16"        [_thread_blocked, id=7396, stack(0x000000d7ce000000,0x000000d7ce100000) (1024K)]
  0x00000217ba763980 JavaThread "Unconstrained build operations Thread 17"        [_thread_blocked, id=3044, stack(0x000000d7ce100000,0x000000d7ce200000) (1024K)]
  0x00000217ba761220 JavaThread "Unconstrained build operations Thread 18"        [_thread_blocked, id=5004, stack(0x000000d7ce200000,0x000000d7ce300000) (1024K)]
  0x00000217ba75dda0 JavaThread "Unconstrained build operations Thread 19"        [_thread_blocked, id=9604, stack(0x000000d7ce300000,0x000000d7ce400000) (1024K)]
  0x00000217ba7653c0 JavaThread "Unconstrained build operations Thread 20"        [_thread_blocked, id=1884, stack(0x000000d7ce400000,0x000000d7ce500000) (1024K)]
  0x00000217ba75eac0 JavaThread "Unconstrained build operations Thread 21"        [_thread_blocked, id=1772, stack(0x000000d7ce500000,0x000000d7ce600000) (1024K)]
  0x00000217bb6e9500 JavaThread "Unconstrained build operations Thread 22"        [_thread_blocked, id=8608, stack(0x000000d7ce600000,0x000000d7ce700000) (1024K)]
  0x00000217bb6e6710 JavaThread "Unconstrained build operations Thread 23"        [_thread_blocked, id=5596, stack(0x000000d7ce700000,0x000000d7ce800000) (1024K)]
  0x00000217bb6e6da0 JavaThread "Unconstrained build operations Thread 24"        [_thread_blocked, id=6892, stack(0x000000d7ce800000,0x000000d7ce900000) (1024K)]
Total: 60

Other Threads:
=>0x00000217b36899a0 VMThread "VM Thread"                           [id=4468, stack(0x000000d7ca900000,0x000000d7caa00000) (1024K)]
  0x000002179c93e7a0 WatcherThread "VM Periodic Task Thread"        [id=5268, stack(0x000000d7ca800000,0x000000d7ca900000) (1024K)]
  0x000002179c8bd440 WorkerThread "GC Thread#0"                     [id=7208, stack(0x000000d7ca300000,0x000000d7ca400000) (1024K)]
  0x00000217b802ea50 WorkerThread "GC Thread#1"                     [id=2672, stack(0x000000d7cb400000,0x000000d7cb500000) (1024K)]
  0x00000217b806d680 WorkerThread "GC Thread#2"                     [id=6736, stack(0x000000d7cb500000,0x000000d7cb600000) (1024K)]
  0x00000217b8c23d30 WorkerThread "GC Thread#3"                     [id=8360, stack(0x000000d7cb600000,0x000000d7cb700000) (1024K)]
  0x000002179c8ce4a0 ConcurrentGCThread "G1 Main Marker"            [id=6480, stack(0x000000d7ca400000,0x000000d7ca500000) (1024K)]
  0x000002179c8cf650 WorkerThread "G1 Conc#0"                       [id=1284, stack(0x000000d7ca500000,0x000000d7ca600000) (1024K)]
  0x000002179c92c220 ConcurrentGCThread "G1 Refine#0"               [id=1736, stack(0x000000d7ca600000,0x000000d7ca700000) (1024K)]
  0x000002179c92dcb0 ConcurrentGCThread "G1 Service"                [id=8344, stack(0x000000d7ca700000,0x000000d7ca800000) (1024K)]
Total: 10

Threads with active compile tasks:
C2 CompilerThread0  13999 9326       4       java.nio.ByteBuffer::<init> (47 bytes)
Total: 1

VM state: at safepoint (normal execution)

VM Mutex/Monitor currently owned by a thread:  ([mutex/lock_event])
[0x00007ffd450b1468] Threads_lock - owner thread: 0x00000217b36899a0
[0x00007ffd450b1568] Heap_lock - owner thread: 0x00000217bb6e6da0

Heap address: 0x0000000080000000, size: 2048 MB, Compressed Oops mode: 32-bit

CDS archive(s) not mapped
Compressed class space mapped at: 0x0000000100000000-0x0000000140000000, reserved size: 1073741824
Narrow klass base: 0x0000000000000000, Narrow klass shift: 3, Narrow klass range: 0x140000000

GC Precious Log:
 CardTable entry size: 512
 Card Set container configuration: InlinePtr #cards 5 size 8 Array Of Cards #cards 12 size 40 Howl #buckets 4 coarsen threshold 1843 Howl Bitmap #cards 512 size 80 coarsen threshold 460 Card regions per heap region 1 cards per card region 2048
 CPUs: 4 total, 4 available
 Memory: 3968M
 Large Page Support: Disabled
 NUMA Support: Disabled
 Compressed Oops: Enabled (32-bit)
 Heap Region Size: 1M
 Heap Min Capacity: 8M
 Heap Initial Capacity: 64M
 Heap Max Capacity: 2G
 Pre-touch: Disabled
 Parallel Workers: 4
 Concurrent Workers: 1
 Concurrent Refinement Workers: 4
 Periodic GC: Disabled

Heap:
 garbage-first heap   total 97280K, used 57844K [0x0000000080000000, 0x0000000100000000)
  region size 1024K, 3 young (3072K), 3 survivors (3072K)
 Metaspace       used 79645K, committed 81408K, reserved 1179648K
  class space    used 10916K, committed 11776K, reserved 1048576K

Heap Regions: E=young(eden), S=young(survivor), O=old, HS=humongous(starts), HC=humongous(continues), CS=collection set, F=free, TAMS=top-at-mark-start, PB=parsable bottom
|   0|0x0000000080000000, 0x0000000080100000, 0x0000000080100000|100%|HS|  |TAMS 0x0000000080000000| PB 0x0000000080000000| Complete 
|   1|0x0000000080100000, 0x0000000080200000, 0x0000000080200000|100%|HC|  |TAMS 0x0000000080100000| PB 0x0000000080100000| Complete 
|   2|0x0000000080200000, 0x0000000080300000, 0x0000000080300000|100%|HC|  |TAMS 0x0000000080200000| PB 0x0000000080200000| Complete 
|   3|0x0000000080300000, 0x0000000080400000, 0x0000000080400000|100%| O|  |TAMS 0x0000000080300000| PB 0x0000000080300000| Untracked 
|   4|0x0000000080400000, 0x0000000080500000, 0x0000000080500000|100%| O|  |TAMS 0x0000000080400000| PB 0x0000000080400000| Untracked 
|   5|0x0000000080500000, 0x0000000080600000, 0x0000000080600000|100%| O|  |TAMS 0x0000000080500000| PB 0x0000000080500000| Untracked 
|   6|0x0000000080600000, 0x0000000080700000, 0x0000000080700000|100%| O|  |TAMS 0x0000000080600000| PB 0x0000000080600000| Untracked 
|   7|0x0000000080700000, 0x0000000080800000, 0x0000000080800000|100%| O|  |TAMS 0x0000000080700000| PB 0x0000000080700000| Untracked 
|   8|0x0000000080800000, 0x0000000080900000, 0x0000000080900000|100%| O|  |TAMS 0x0000000080800000| PB 0x0000000080800000| Untracked 
|   9|0x0000000080900000, 0x0000000080a00000, 0x0000000080a00000|100%| O|  |TAMS 0x0000000080900000| PB 0x0000000080900000| Untracked 
|  10|0x0000000080a00000, 0x0000000080b00000, 0x0000000080b00000|100%| O|  |TAMS 0x0000000080a00000| PB 0x0000000080a00000| Untracked 
|  11|0x0000000080b00000, 0x0000000080c00000, 0x0000000080c00000|100%|HS|  |TAMS 0x0000000080b00000| PB 0x0000000080b00000| Complete 
|  12|0x0000000080c00000, 0x0000000080d00000, 0x0000000080d00000|100%| O|  |TAMS 0x0000000080c00000| PB 0x0000000080c00000| Untracked 
|  13|0x0000000080d00000, 0x0000000080e00000, 0x0000000080e00000|100%| O|  |TAMS 0x0000000080d00000| PB 0x0000000080d00000| Untracked 
|  14|0x0000000080e00000, 0x0000000080f00000, 0x0000000080f00000|100%| O|  |TAMS 0x0000000080e00000| PB 0x0000000080e00000| Untracked 
|  15|0x0000000080f00000, 0x0000000081000000, 0x0000000081000000|100%| O|  |TAMS 0x0000000080f00000| PB 0x0000000080f00000| Untracked 
|  16|0x0000000081000000, 0x0000000081100000, 0x0000000081100000|100%| O|  |TAMS 0x0000000081000000| PB 0x0000000081000000| Untracked 
|  17|0x0000000081100000, 0x0000000081200000, 0x0000000081200000|100%| O|  |TAMS 0x0000000081100000| PB 0x0000000081100000| Untracked 
|  18|0x0000000081200000, 0x0000000081300000, 0x0000000081300000|100%| O|  |TAMS 0x0000000081200000| PB 0x0000000081200000| Untracked 
|  19|0x0000000081300000, 0x0000000081400000, 0x0000000081400000|100%| O|  |TAMS 0x0000000081300000| PB 0x0000000081300000| Untracked 
|  20|0x0000000081400000, 0x0000000081500000, 0x0000000081500000|100%| O|  |TAMS 0x0000000081400000| PB 0x0000000081400000| Untracked 
|  21|0x0000000081500000, 0x0000000081600000, 0x0000000081600000|100%| O|  |TAMS 0x0000000081500000| PB 0x0000000081500000| Untracked 
|  22|0x0000000081600000, 0x0000000081700000, 0x0000000081700000|100%| O|  |TAMS 0x0000000081600000| PB 0x0000000081600000| Untracked 
|  23|0x0000000081700000, 0x0000000081800000, 0x0000000081800000|100%| O|  |TAMS 0x0000000081700000| PB 0x0000000081700000| Untracked 
|  24|0x0000000081800000, 0x0000000081900000, 0x0000000081900000|100%| O|  |TAMS 0x0000000081800000| PB 0x0000000081800000| Untracked 
|  25|0x0000000081900000, 0x0000000081a00000, 0x0000000081a00000|100%| O|  |TAMS 0x0000000081900000| PB 0x0000000081900000| Untracked 
|  26|0x0000000081a00000, 0x0000000081b00000, 0x0000000081b00000|100%| O|  |TAMS 0x0000000081a00000| PB 0x0000000081a00000| Untracked 
|  27|0x0000000081b00000, 0x0000000081c00000, 0x0000000081c00000|100%| O|  |TAMS 0x0000000081b00000| PB 0x0000000081b00000| Untracked 
|  28|0x0000000081c00000, 0x0000000081d00000, 0x0000000081d00000|100%| O|  |TAMS 0x0000000081c00000| PB 0x0000000081c00000| Untracked 
|  29|0x0000000081d00000, 0x0000000081e00000, 0x0000000081e00000|100%| O|  |TAMS 0x0000000081d00000| PB 0x0000000081d00000| Untracked 
|  30|0x0000000081e00000, 0x0000000081f00000, 0x0000000081f00000|100%| O|  |TAMS 0x0000000081e00000| PB 0x0000000081e00000| Untracked 
|  31|0x0000000081f00000, 0x0000000082000000, 0x0000000082000000|100%| O|  |TAMS 0x0000000081f00000| PB 0x0000000081f00000| Untracked 
|  32|0x0000000082000000, 0x0000000082100000, 0x0000000082100000|100%| O|  |TAMS 0x0000000082000000| PB 0x0000000082000000| Untracked 
|  33|0x0000000082100000, 0x0000000082200000, 0x0000000082200000|100%| O|  |TAMS 0x0000000082100000| PB 0x0000000082100000| Untracked 
|  34|0x0000000082200000, 0x0000000082300000, 0x0000000082300000|100%| O|  |TAMS 0x0000000082200000| PB 0x0000000082200000| Untracked 
|  35|0x0000000082300000, 0x0000000082400000, 0x0000000082400000|100%| O|  |TAMS 0x0000000082300000| PB 0x0000000082300000| Untracked 
|  36|0x0000000082400000, 0x0000000082500000, 0x0000000082500000|100%| O|  |TAMS 0x0000000082400000| PB 0x0000000082400000| Untracked 
|  37|0x0000000082500000, 0x0000000082500000, 0x0000000082600000|  0%| F|  |TAMS 0x0000000082500000| PB 0x0000000082500000| Untracked 
|  38|0x0000000082600000, 0x0000000082700000, 0x0000000082700000|100%| O|  |TAMS 0x0000000082600000| PB 0x0000000082600000| Untracked 
|  39|0x0000000082700000, 0x0000000082700000, 0x0000000082800000|  0%| F|  |TAMS 0x0000000082700000| PB 0x0000000082700000| Untracked 
|  40|0x0000000082800000, 0x0000000082900000, 0x0000000082900000|100%| O|  |TAMS 0x0000000082800000| PB 0x0000000082800000| Untracked 
|  41|0x0000000082900000, 0x0000000082a00000, 0x0000000082a00000|100%| O|  |TAMS 0x0000000082900000| PB 0x0000000082900000| Untracked 
|  42|0x0000000082a00000, 0x0000000082b00000, 0x0000000082b00000|100%| O|  |TAMS 0x0000000082a00000| PB 0x0000000082a00000| Untracked 
|  43|0x0000000082b00000, 0x0000000082c00000, 0x0000000082c00000|100%| O|  |TAMS 0x0000000082b00000| PB 0x0000000082b00000| Untracked 
|  44|0x0000000082c00000, 0x0000000082d00000, 0x0000000082d00000|100%| O|  |TAMS 0x0000000082c00000| PB 0x0000000082c00000| Untracked 
|  45|0x0000000082d00000, 0x0000000082e00000, 0x0000000082e00000|100%| O|  |TAMS 0x0000000082d00000| PB 0x0000000082d00000| Untracked 
|  46|0x0000000082e00000, 0x0000000082e00000, 0x0000000082f00000|  0%| F|  |TAMS 0x0000000082e00000| PB 0x0000000082e00000| Untracked 
|  47|0x0000000082f00000, 0x0000000082f00000, 0x0000000083000000|  0%| F|  |TAMS 0x0000000082f00000| PB 0x0000000082f00000| Untracked 
|  48|0x0000000083000000, 0x0000000083100000, 0x0000000083100000|100%| O|  |TAMS 0x0000000083000000| PB 0x0000000083000000| Untracked 
|  49|0x0000000083100000, 0x0000000083200000, 0x0000000083200000|100%| O|  |TAMS 0x0000000083100000| PB 0x0000000083100000| Untracked 
|  50|0x0000000083200000, 0x0000000083300000, 0x0000000083300000|100%| O|  |TAMS 0x0000000083200000| PB 0x0000000083200000| Untracked 
|  51|0x0000000083300000, 0x0000000083400000, 0x0000000083400000|100%| O|  |TAMS 0x0000000083300000| PB 0x0000000083300000| Untracked 
|  52|0x0000000083400000, 0x0000000083500000, 0x0000000083500000|100%| O|  |TAMS 0x0000000083400000| PB 0x0000000083400000| Untracked 
|  53|0x0000000083500000, 0x0000000083600000, 0x0000000083600000|100%| O|  |TAMS 0x0000000083500000| PB 0x0000000083500000| Untracked 
|  54|0x0000000083600000, 0x0000000083700000, 0x0000000083700000|100%| O|  |TAMS 0x0000000083600000| PB 0x0000000083600000| Untracked 
|  55|0x0000000083700000, 0x0000000083800000, 0x0000000083800000|100%| O|  |TAMS 0x0000000083700000| PB 0x0000000083700000| Untracked 
|  56|0x0000000083800000, 0x0000000083900000, 0x0000000083900000|100%| O|  |TAMS 0x0000000083800000| PB 0x0000000083800000| Untracked 
|  57|0x0000000083900000, 0x0000000083991b00, 0x0000000083a00000| 56%| O|  |TAMS 0x0000000083900000| PB 0x0000000083900000| Untracked 
|  58|0x0000000083a00000, 0x0000000083a00000, 0x0000000083b00000|  0%| F|  |TAMS 0x0000000083a00000| PB 0x0000000083a00000| Untracked 
|  59|0x0000000083b00000, 0x0000000083b00000, 0x0000000083c00000|  0%| F|  |TAMS 0x0000000083b00000| PB 0x0000000083b00000| Untracked 
|  60|0x0000000083c00000, 0x0000000083c00000, 0x0000000083d00000|  0%| F|  |TAMS 0x0000000083c00000| PB 0x0000000083c00000| Untracked 
|  61|0x0000000083d00000, 0x0000000083deb830, 0x0000000083e00000| 91%| S|CS|TAMS 0x0000000083d00000| PB 0x0000000083d00000| Complete 
|  62|0x0000000083e00000, 0x0000000083f00000, 0x0000000083f00000|100%| S|CS|TAMS 0x0000000083e00000| PB 0x0000000083e00000| Complete 
|  63|0x0000000083f00000, 0x0000000083f00000, 0x0000000084000000|  0%| F|  |TAMS 0x0000000083f00000| PB 0x0000000083f00000| Untracked 
|  64|0x0000000084000000, 0x0000000084000000, 0x0000000084100000|  0%| F|  |TAMS 0x0000000084000000| PB 0x0000000084000000| Untracked 
|  65|0x0000000084100000, 0x0000000084100000, 0x0000000084200000|  0%| F|  |TAMS 0x0000000084100000| PB 0x0000000084100000| Untracked 
|  66|0x0000000084200000, 0x0000000084300000, 0x0000000084300000|100%| S|CS|TAMS 0x0000000084200000| PB 0x0000000084200000| Complete 
|  67|0x0000000084300000, 0x0000000084300000, 0x0000000084400000|  0%| F|  |TAMS 0x0000000084300000| PB 0x0000000084300000| Untracked 
|  68|0x0000000084400000, 0x0000000084400000, 0x0000000084500000|  0%| F|  |TAMS 0x0000000084400000| PB 0x0000000084400000| Untracked 
|  69|0x0000000084500000, 0x0000000084500000, 0x0000000084600000|  0%| F|  |TAMS 0x0000000084500000| PB 0x0000000084500000| Untracked 
|  70|0x0000000084600000, 0x0000000084600000, 0x0000000084700000|  0%| F|  |TAMS 0x0000000084600000| PB 0x0000000084600000| Untracked 
|  71|0x0000000084700000, 0x0000000084700000, 0x0000000084800000|  0%| F|  |TAMS 0x0000000084700000| PB 0x0000000084700000| Untracked 
|  72|0x0000000084800000, 0x0000000084800000, 0x0000000084900000|  0%| F|  |TAMS 0x0000000084800000| PB 0x0000000084800000| Untracked 
|  73|0x0000000084900000, 0x0000000084900000, 0x0000000084a00000|  0%| F|  |TAMS 0x0000000084900000| PB 0x0000000084900000| Untracked 
|  74|0x0000000084a00000, 0x0000000084a00000, 0x0000000084b00000|  0%| F|  |TAMS 0x0000000084a00000| PB 0x0000000084a00000| Untracked 
|  75|0x0000000084b00000, 0x0000000084b00000, 0x0000000084c00000|  0%| F|  |TAMS 0x0000000084b00000| PB 0x0000000084b00000| Untracked 
|  76|0x0000000084c00000, 0x0000000084c00000, 0x0000000084d00000|  0%| F|  |TAMS 0x0000000084c00000| PB 0x0000000084c00000| Untracked 
|  77|0x0000000084d00000, 0x0000000084d00000, 0x0000000084e00000|  0%| F|  |TAMS 0x0000000084d00000| PB 0x0000000084d00000| Untracked 
|  78|0x0000000084e00000, 0x0000000084e00000, 0x0000000084f00000|  0%| F|  |TAMS 0x0000000084e00000| PB 0x0000000084e00000| Untracked 
|  79|0x0000000084f00000, 0x0000000084f00000, 0x0000000085000000|  0%| F|  |TAMS 0x0000000084f00000| PB 0x0000000084f00000| Untracked 
|  80|0x0000000085000000, 0x0000000085000000, 0x0000000085100000|  0%| F|  |TAMS 0x0000000085000000| PB 0x0000000085000000| Untracked 
|  81|0x0000000085100000, 0x0000000085100000, 0x0000000085200000|  0%| F|  |TAMS 0x0000000085100000| PB 0x0000000085100000| Untracked 
|  82|0x0000000085200000, 0x0000000085200000, 0x0000000085300000|  0%| F|  |TAMS 0x0000000085200000| PB 0x0000000085200000| Untracked 
|  83|0x0000000085300000, 0x0000000085300000, 0x0000000085400000|  0%| F|  |TAMS 0x0000000085300000| PB 0x0000000085300000| Untracked 
|  84|0x0000000085400000, 0x0000000085400000, 0x0000000085500000|  0%| F|  |TAMS 0x0000000085400000| PB 0x0000000085400000| Untracked 
|  85|0x0000000085500000, 0x0000000085500000, 0x0000000085600000|  0%| F|  |TAMS 0x0000000085500000| PB 0x0000000085500000| Untracked 
|  86|0x0000000085600000, 0x0000000085600000, 0x0000000085700000|  0%| F|  |TAMS 0x0000000085600000| PB 0x0000000085600000| Untracked 
|  87|0x0000000085700000, 0x0000000085700000, 0x0000000085800000|  0%| F|  |TAMS 0x0000000085700000| PB 0x0000000085700000| Untracked 
|  88|0x0000000085800000, 0x0000000085800000, 0x0000000085900000|  0%| F|  |TAMS 0x0000000085800000| PB 0x0000000085800000| Untracked 
|  89|0x0000000085900000, 0x0000000085900000, 0x0000000085a00000|  0%| F|  |TAMS 0x0000000085900000| PB 0x0000000085900000| Untracked 
|  90|0x0000000085a00000, 0x0000000085a00000, 0x0000000085b00000|  0%| F|  |TAMS 0x0000000085a00000| PB 0x0000000085a00000| Untracked 
|  91|0x0000000085b00000, 0x0000000085b00000, 0x0000000085c00000|  0%| F|  |TAMS 0x0000000085b00000| PB 0x0000000085b00000| Untracked 
|  92|0x0000000085c00000, 0x0000000085c00000, 0x0000000085d00000|  0%| F|  |TAMS 0x0000000085c00000| PB 0x0000000085c00000| Untracked 
|  93|0x0000000085d00000, 0x0000000085d00000, 0x0000000085e00000|  0%| F|  |TAMS 0x0000000085d00000| PB 0x0000000085d00000| Untracked 
|  94|0x0000000085e00000, 0x0000000085e00000, 0x0000000085f00000|  0%| F|  |TAMS 0x0000000085e00000| PB 0x0000000085e00000| Untracked 

Card table byte_map: [0x00000217aedd0000,0x00000217af1d0000] _byte_map_base: 0x00000217ae9d0000

Marking Bits: (CMBitMap*) 0x000002179c8bda50
 Bits: [0x00000217af1d0000, 0x00000217b11d0000)

Polling page: 0x000002179a540000

Metaspace:

Usage:
  Non-class:     67.12 MB used.
      Class:     10.66 MB used.
       Both:     77.78 MB used.

Virtual space:
  Non-class space:      128.00 MB reserved,      68.00 MB ( 53%) committed,  2 nodes.
      Class space:        1.00 GB reserved,      11.50 MB (  1%) committed,  1 nodes.
             Both:        1.12 GB reserved,      79.50 MB (  7%) committed. 

Chunk freelists:
   Non-Class:  11.62 MB
       Class:  4.42 MB
        Both:  16.05 MB

MaxMetaspaceSize: unlimited
CompressedClassSpaceSize: 1.00 GB
Initial GC threshold: 21.00 MB
Current GC threshold: 132.44 MB
CDS: off
 - commit_granule_bytes: 65536.
 - commit_granule_words: 8192.
 - virtual_space_node_default_size: 8388608.
 - enlarge_chunks_in_place: 1.
 - use_allocation_guard: 0.


Internal statistics:

num_allocs_failed_limit: 9.
num_arena_births: 3308.
num_arena_deaths: 0.
num_vsnodes_births: 3.
num_vsnodes_deaths: 0.
num_space_committed: 1272.
num_space_uncommitted: 0.
num_chunks_returned_to_freelist: 9.
num_chunks_taken_from_freelist: 6451.
num_chunk_merges: 9.
num_chunk_splits: 4181.
num_chunks_enlarged: 2556.
num_inconsistent_stats: 0.

CodeHeap 'non-profiled nmethods': size=120000Kb used=3752Kb max_used=4021Kb free=116247Kb
 bounds [0x00000217a74a0000, 0x00000217a7890000, 0x00000217ae9d0000]
CodeHeap 'profiled nmethods': size=120000Kb used=14749Kb max_used=14986Kb free=105250Kb
 bounds [0x000002179f9d0000, 0x00000217a0880000, 0x00000217a6f00000]
CodeHeap 'non-nmethods': size=5760Kb used=2834Kb max_used=2897Kb free=2925Kb
 bounds [0x00000217a6f00000, 0x00000217a71e0000, 0x00000217a74a0000]
 total_blobs=9010 nmethods=8057 adapters=857
 compilation: enabled
              stopped_count=0, restarted_count=0
 full_count=0

Compilation events (20 events):
Event: 13.887 Thread 0x00000217b3877650 9321       3       org.gradle.api.internal.artifacts.transform.TransformingAsyncArtifactListener$TransformedArtifact$$Lambda/0x000000010082f5a0::<init> (10 bytes)
Event: 13.887 Thread 0x00000217b3877650 nmethod 9321 0x000002179fd17d10 code [0x000002179fd17ec0, 0x000002179fd18078]
Event: 13.904 Thread 0x00000217b38736b0 nmethod 9293 0x00000217a7524290 code [0x00000217a75245c0, 0x00000217a7525cc8]
Event: 13.904 Thread 0x00000217b38736b0 9291       4       org.gradle.internal.hash.HashCode$HashCode128::appendToHasher (21 bytes)
Event: 13.927 Thread 0x00000217b38736b0 nmethod 9291 0x00000217a74fd590 code [0x00000217a74fd860, 0x00000217a74fec18]
Event: 13.927 Thread 0x00000217b38736b0 9290       4       java.util.concurrent.locks.ReentrantLock$FairSync::initialTryLock (70 bytes)
Event: 13.929 Thread 0x00000217b38736b0 nmethod 9290 0x00000217a76e8110 code [0x00000217a76e82a0, 0x00000217a76e84e8]
Event: 13.929 Thread 0x00000217b38736b0 9322       4       com.google.common.cache.CacheBuilder$1::recordEviction (1 bytes)
Event: 13.929 Thread 0x00000217b38736b0 nmethod 9322 0x00000217a7523f90 code [0x00000217a7524120, 0x00000217a75241a8]
Event: 13.929 Thread 0x00000217b38736b0 9283       4       java.nio.ByteBuffer::flip (7 bytes)
Event: 13.930 Thread 0x00000217b38736b0 nmethod 9283 0x00000217a76e7e10 code [0x00000217a76e7fa0, 0x00000217a76e8040]
Event: 13.930 Thread 0x00000217b38736b0 9315       4       java.util.stream.Streams$AbstractStreamBuilderImpl::estimateSize (9 bytes)
Event: 13.930 Thread 0x00000217b38736b0 nmethod 9315 0x00000217a7614a10 code [0x00000217a7614ba0, 0x00000217a7614c38]
Event: 13.930 Thread 0x00000217b38736b0 9323       4       com.google.common.collect.CollectSpliterators$1WithCharacteristics::characteristics (9 bytes)
Event: 13.930 Thread 0x00000217b38736b0 nmethod 9323 0x00000217a775e310 code [0x00000217a775e4a0, 0x00000217a775e530]
Event: 13.932 Thread 0x00000217b38736b0 9324       4       java.lang.Long::valueOf (40 bytes)
Event: 13.933 Thread 0x00000217b38736b0 nmethod 9324 0x00000217a775dd10 code [0x00000217a775dea0, 0x00000217a775dfd8]
Event: 13.933 Thread 0x00000217b38736b0 9325       4       com.esotericsoftware.kryo.io.Input::readBytes (93 bytes)
Event: 13.936 Thread 0x00000217b38736b0 nmethod 9325 0x00000217a775f910 code [0x00000217a775fac0, 0x00000217a775fde8]
Event: 13.936 Thread 0x00000217b38736b0 9326       4       java.nio.ByteBuffer::<init> (47 bytes)

GC Heap History (20 events):
Event: 6.257 GC heap after
{Heap after GC invocations=15 (full 0):
 garbage-first heap   total 80896K, used 40918K [0x0000000080000000, 0x0000000100000000)
  region size 1024K, 5 young (5120K), 5 survivors (5120K)
 Metaspace       used 55644K, committed 57088K, reserved 1114112K
  class space    used 7664K, committed 8384K, reserved 1048576K
}
Event: 6.351 GC heap before
{Heap before GC invocations=15 (full 0):
 garbage-first heap   total 80896K, used 48086K [0x0000000080000000, 0x0000000100000000)
  region size 1024K, 14 young (14336K), 5 survivors (5120K)
 Metaspace       used 56556K, committed 58048K, reserved 1114112K
  class space    used 7799K, committed 8512K, reserved 1048576K
}
Event: 6.357 GC heap after
{Heap after GC invocations=16 (full 0):
 garbage-first heap   total 97280K, used 42779K [0x0000000080000000, 0x0000000100000000)
  region size 1024K, 2 young (2048K), 2 survivors (2048K)
 Metaspace       used 56556K, committed 58048K, reserved 1114112K
  class space    used 7799K, committed 8512K, reserved 1048576K
}
Event: 6.738 GC heap before
{Heap before GC invocations=16 (full 0):
 garbage-first heap   total 97280K, used 81691K [0x0000000080000000, 0x0000000100000000)
  region size 1024K, 39 young (39936K), 2 survivors (2048K)
 Metaspace       used 58793K, committed 60288K, reserved 1114112K
  class space    used 8041K, committed 8768K, reserved 1048576K
}
Event: 6.741 GC heap after
{Heap after GC invocations=17 (full 0):
 garbage-first heap   total 97280K, used 43034K [0x0000000080000000, 0x0000000100000000)
  region size 1024K, 2 young (2048K), 2 survivors (2048K)
 Metaspace       used 58793K, committed 60288K, reserved 1114112K
  class space    used 8041K, committed 8768K, reserved 1048576K
}
Event: 8.763 GC heap before
{Heap before GC invocations=18 (full 0):
 garbage-first heap   total 97280K, used 83994K [0x0000000080000000, 0x0000000100000000)
  region size 1024K, 43 young (44032K), 2 survivors (2048K)
 Metaspace       used 67039K, committed 68608K, reserved 1114112K
  class space    used 9165K, committed 9920K, reserved 1048576K
}
Event: 8.769 GC heap after
{Heap after GC invocations=19 (full 0):
 garbage-first heap   total 97280K, used 47364K [0x0000000080000000, 0x0000000100000000)
  region size 1024K, 6 young (6144K), 6 survivors (6144K)
 Metaspace       used 67039K, committed 68608K, reserved 1114112K
  class space    used 9165K, committed 9920K, reserved 1048576K
}
Event: 9.180 GC heap before
{Heap before GC invocations=19 (full 0):
 garbage-first heap   total 97280K, used 84228K [0x0000000080000000, 0x0000000100000000)
  region size 1024K, 42 young (43008K), 6 survivors (6144K)
 Metaspace       used 72483K, committed 74048K, reserved 1114112K
  class space    used 9928K, committed 10688K, reserved 1048576K
}
Event: 9.189 GC heap after
{Heap after GC invocations=20 (full 0):
 garbage-first heap   total 97280K, used 49138K [0x0000000080000000, 0x0000000100000000)
  region size 1024K, 3 young (3072K), 3 survivors (3072K)
 Metaspace       used 72483K, committed 74048K, reserved 1114112K
  class space    used 9928K, committed 10688K, reserved 1048576K
}
Event: 9.805 GC heap before
{Heap before GC invocations=20 (full 0):
 garbage-first heap   total 97280K, used 84978K [0x0000000080000000, 0x0000000100000000)
  region size 1024K, 39 young (39936K), 3 survivors (3072K)
 Metaspace       used 76508K, committed 78208K, reserved 1179648K
  class space    used 10564K, committed 11392K, reserved 1048576K
}
Event: 9.811 GC heap after
{Heap after GC invocations=21 (full 0):
 garbage-first heap   total 97280K, used 51309K [0x0000000080000000, 0x0000000100000000)
  region size 1024K, 5 young (5120K), 5 survivors (5120K)
 Metaspace       used 76508K, committed 78208K, reserved 1179648K
  class space    used 10564K, committed 11392K, reserved 1048576K
}
Event: 12.792 GC heap before
{Heap before GC invocations=22 (full 0):
 garbage-first heap   total 97280K, used 85101K [0x0000000080000000, 0x0000000100000000)
  region size 1024K, 38 young (38912K), 5 survivors (5120K)
 Metaspace       used 79030K, committed 80704K, reserved 1179648K
  class space    used 10913K, committed 11712K, reserved 1048576K
}
Event: 12.800 GC heap after
{Heap after GC invocations=23 (full 0):
 garbage-first heap   total 97280K, used 55803K [0x0000000080000000, 0x0000000100000000)
  region size 1024K, 5 young (5120K), 5 survivors (5120K)
 Metaspace       used 79030K, committed 80704K, reserved 1179648K
  class space    used 10913K, committed 11712K, reserved 1048576K
}
Event: 13.152 GC heap before
{Heap before GC invocations=23 (full 0):
 garbage-first heap   total 97280K, used 83451K [0x0000000080000000, 0x0000000100000000)
  region size 1024K, 33 young (33792K), 5 survivors (5120K)
 Metaspace       used 79364K, committed 81152K, reserved 1179648K
  class space    used 10916K, committed 11776K, reserved 1048576K
}
Event: 13.160 GC heap after
{Heap after GC invocations=24 (full 0):
 garbage-first heap   total 97280K, used 57594K [0x0000000080000000, 0x0000000100000000)
  region size 1024K, 4 young (4096K), 4 survivors (4096K)
 Metaspace       used 79364K, committed 81152K, reserved 1179648K
  class space    used 10916K, committed 11776K, reserved 1048576K
}
Event: 13.417 GC heap before
{Heap before GC invocations=24 (full 0):
 garbage-first heap   total 97280K, used 86266K [0x0000000080000000, 0x0000000100000000)
  region size 1024K, 32 young (32768K), 4 survivors (4096K)
 Metaspace       used 79558K, committed 81280K, reserved 1179648K
  class space    used 10916K, committed 11776K, reserved 1048576K
}
Event: 13.422 GC heap after
{Heap after GC invocations=25 (full 0):
 garbage-first heap   total 97280K, used 58181K [0x0000000080000000, 0x0000000100000000)
  region size 1024K, 3 young (3072K), 3 survivors (3072K)
 Metaspace       used 79558K, committed 81280K, reserved 1179648K
  class space    used 10916K, committed 11776K, reserved 1048576K
}
Event: 13.697 GC heap before
{Heap before GC invocations=26 (full 0):
 garbage-first heap   total 97280K, used 86853K [0x0000000080000000, 0x0000000100000000)
  region size 1024K, 32 young (32768K), 3 survivors (3072K)
 Metaspace       used 79639K, committed 81408K, reserved 1179648K
  class space    used 10916K, committed 11776K, reserved 1048576K
}
Event: 13.700 GC heap after
{Heap after GC invocations=27 (full 0):
 garbage-first heap   total 97280K, used 59214K [0x0000000080000000, 0x0000000100000000)
  region size 1024K, 3 young (3072K), 3 survivors (3072K)
 Metaspace       used 79639K, committed 81408K, reserved 1179648K
  class space    used 10916K, committed 11776K, reserved 1048576K
}
Event: 13.936 GC heap before
{Heap before GC invocations=27 (full 0):
 garbage-first heap   total 97280K, used 86862K [0x0000000080000000, 0x0000000100000000)
  region size 1024K, 31 young (31744K), 3 survivors (3072K)
 Metaspace       used 79645K, committed 81408K, reserved 1179648K
  class space    used 10916K, committed 11776K, reserved 1048576K
}

Dll operation events (3 events):
Event: 0.009 Loaded shared library C:\Program Files\Android\Android Studio\jbr\bin\java.dll
Event: 0.014 Loaded shared library C:\Program Files\Android\Android Studio\jbr\bin\zip.dll
Event: 0.842 Loaded shared library C:\Program Files\Android\Android Studio\jbr\bin\verify.dll

Deoptimization events (20 events):
Event: 13.611 Thread 0x00000217bb6e9500 Uncommon trap: trap_request=0xffffffde fr.pc=0x00000217a773f7b0 relative=0x00000000000002f0
Event: 13.611 Thread 0x00000217bb6e9500 Uncommon trap: reason=class_check action=maybe_recompile pc=0x00000217a773f7b0 method=java.util.concurrent.ConcurrentHashMap.get(Ljava/lang/Object;)Ljava/lang/Object; @ 93 c2
Event: 13.611 Thread 0x00000217bb6e9500 DEOPT PACKING pc=0x00000217a773f7b0 sp=0x000000d7ce6fde50
Event: 13.611 Thread 0x00000217bb6e9500 DEOPT UNPACKING pc=0x00000217a6f5469c sp=0x000000d7ce6fdda8 mode 2
Event: 13.611 Thread 0x00000217bb6e9500 Uncommon trap: trap_request=0xffffff45 fr.pc=0x00000217a784e428 relative=0x0000000000001268
Event: 13.611 Thread 0x00000217bb6e9500 Uncommon trap: reason=unstable_if action=reinterpret pc=0x00000217a784e428 method=java.util.concurrent.ConcurrentHashMap.computeIfAbsent(Ljava/lang/Object;Ljava/util/function/Function;)Ljava/lang/Object; @ 199 c2
Event: 13.611 Thread 0x00000217bb6e9500 DEOPT PACKING pc=0x00000217a784e428 sp=0x000000d7ce6fdf30
Event: 13.611 Thread 0x00000217bb6e9500 DEOPT UNPACKING pc=0x00000217a6f5469c sp=0x000000d7ce6fded0 mode 2
Event: 13.612 Thread 0x00000217bb6e6710 Uncommon trap: trap_request=0xffffffde fr.pc=0x00000217a773f7b0 relative=0x00000000000002f0
Event: 13.612 Thread 0x00000217bb6e6710 Uncommon trap: reason=class_check action=maybe_recompile pc=0x00000217a773f7b0 method=java.util.concurrent.ConcurrentHashMap.get(Ljava/lang/Object;)Ljava/lang/Object; @ 93 c2
Event: 13.612 Thread 0x00000217bb6e6710 DEOPT PACKING pc=0x00000217a773f7b0 sp=0x000000d7ce7fde50
Event: 13.612 Thread 0x00000217bb6e6710 DEOPT UNPACKING pc=0x00000217a6f5469c sp=0x000000d7ce7fdda8 mode 2
Event: 13.612 Thread 0x00000217bb6e6710 Uncommon trap: trap_request=0xffffffde fr.pc=0x00000217a773f7b0 relative=0x00000000000002f0
Event: 13.612 Thread 0x00000217bb6e6710 Uncommon trap: reason=class_check action=maybe_recompile pc=0x00000217a773f7b0 method=java.util.concurrent.ConcurrentHashMap.get(Ljava/lang/Object;)Ljava/lang/Object; @ 93 c2
Event: 13.612 Thread 0x00000217bb6e6710 DEOPT PACKING pc=0x00000217a773f7b0 sp=0x000000d7ce7fde50
Event: 13.612 Thread 0x00000217bb6e6710 DEOPT UNPACKING pc=0x00000217a6f5469c sp=0x000000d7ce7fdda8 mode 2
Event: 13.612 Thread 0x00000217b9afcb20 Uncommon trap: trap_request=0xffffffde fr.pc=0x00000217a773f7b0 relative=0x00000000000002f0
Event: 13.612 Thread 0x00000217b9afcb20 Uncommon trap: reason=class_check action=maybe_recompile pc=0x00000217a773f7b0 method=java.util.concurrent.ConcurrentHashMap.get(Ljava/lang/Object;)Ljava/lang/Object; @ 93 c2
Event: 13.612 Thread 0x00000217b9afcb20 DEOPT PACKING pc=0x00000217a773f7b0 sp=0x000000d7cbdf74d0
Event: 13.612 Thread 0x00000217b9afcb20 DEOPT UNPACKING pc=0x00000217a6f5469c sp=0x000000d7cbdf7428 mode 2

Classes loaded (20 events):
Event: 12.163 Loading class sun/security/ssl/SSLEngineOutputRecord$HandshakeFragment
Event: 12.163 Loading class sun/security/ssl/SSLEngineOutputRecord$HandshakeFragment done
Event: 12.163 Loading class sun/security/ssl/SSLEngineOutputRecord$HandshakeMemo
Event: 12.163 Loading class sun/security/ssl/SSLEngineOutputRecord$RecordMemo
Event: 12.163 Loading class sun/security/ssl/SSLEngineOutputRecord$RecordMemo done
Event: 12.163 Loading class sun/security/ssl/SSLEngineOutputRecord$HandshakeMemo done
Event: 12.217 Loading class sun/security/ssl/PreSharedKeyExtension$SHPreSharedKeySpec
Event: 12.218 Loading class sun/security/ssl/PreSharedKeyExtension$SHPreSharedKeySpec done
Event: 12.317 Loading class java/util/concurrent/LinkedBlockingDeque$Itr
Event: 12.317 Loading class java/util/concurrent/LinkedBlockingDeque$AbstractItr
Event: 12.318 Loading class java/util/concurrent/LinkedBlockingDeque$AbstractItr done
Event: 12.318 Loading class java/util/concurrent/LinkedBlockingDeque$Itr done
Event: 12.654 Loading class java/util/Collections$ReverseComparator
Event: 12.654 Loading class java/util/Collections$ReverseComparator done
Event: 12.655 Loading class java/util/Collections$ReverseComparator2
Event: 12.655 Loading class java/util/Collections$ReverseComparator2 done
Event: 12.773 Loading class java/util/LinkedList$LLSpliterator
Event: 12.773 Loading class java/util/LinkedList$LLSpliterator done
Event: 13.037 Loading class java/lang/foreign/MemorySegment
Event: 13.038 Loading class java/lang/foreign/MemorySegment done

Classes unloaded (0 events):
No events

Classes redefined (0 events):
No events

Internal exceptions (20 events):
Event: 9.549 Thread 0x00000217b9acf7c0 Exception <a 'java/lang/NoSuchMethodError'{0x000000008442d918}: static Lorg/gradle/internal/operations/OperationIdentifier;.<clinit>()V> (0x000000008442d918) 
thrown [s\src\hotspot\share\prims\jni.cpp, line 1144]
Event: 9.575 Thread 0x00000217b9afcb20 Exception <a 'java/lang/NoSuchMethodError'{0x0000000084383f00}: 'void java.lang.invoke.Invokers$Holder.invokeExact_MT(java.lang.Object, java.lang.Object, java.lang.Object, java.lang.Object)'> (0x0000000084383f00) 
thrown [s\src\hotspot\share\interpreter\linkResolver.cpp, line 784]
Event: 9.580 Thread 0x00000217b9afcb20 Exception <a 'java/lang/ClassNotFoundException'{0x00000000843c4548}: org/gradle/internal/serialize/codecs/core/ClosureCodec$BrokenScriptBeanInfo> (0x00000000843c4548) 
thrown [s\src\hotspot\share\classfile\systemDictionary.cpp, line 312]
Event: 9.581 Thread 0x00000217b9afcb20 Exception <a 'java/lang/ClassNotFoundException'{0x00000000843d3070}: org/gradle/internal/serialize/codecs/core/ClosureCodec$BrokenScriptCustomizer> (0x00000000843d3070) 
thrown [s\src\hotspot\share\classfile\systemDictionary.cpp, line 312]
Event: 9.583 Thread 0x00000217b9afcb20 Exception <a 'java/lang/ClassNotFoundException'{0x00000000843ed118}: org/gradle/api/invocation/GradleBeanInfo> (0x00000000843ed118) 
thrown [s\src\hotspot\share\classfile\systemDictionary.cpp, line 312]
Event: 9.583 Thread 0x00000217b9afcb20 Exception <a 'java/lang/ClassNotFoundException'{0x00000000843f9128}: org/gradle/api/invocation/GradleCustomizer> (0x00000000843f9128) 
thrown [s\src\hotspot\share\classfile\systemDictionary.cpp, line 312]
Event: 9.587 Thread 0x00000217b9afcb20 Exception <a 'java/lang/NoSuchMethodError'{0x000000008421b388}: 'void java.lang.invoke.Invokers$Holder.invokeExact_MT(java.lang.Object, java.lang.Object, int, java.lang.Object)'> (0x000000008421b388) 
thrown [s\src\hotspot\share\interpreter\linkResolver.cpp, line 784]
Event: 9.594 Thread 0x00000217b9afcb20 Exception <a 'java/lang/NoSuchMethodError'{0x000000008424ce18}: 'void java.lang.invoke.Invokers$Holder.invokeExact_MT(java.lang.Object, java.lang.Object, long, java.lang.Object)'> (0x000000008424ce18) 
thrown [s\src\hotspot\share\interpreter\linkResolver.cpp, line 784]
Event: 9.859 Thread 0x00000217b9afcb20 Exception <a 'java/lang/NoSuchMethodError'{0x0000000085e5c7b8}: 'long java.lang.invoke.DirectMethodHandle$Holder.invokeStatic(java.lang.Object, long)'> (0x0000000085e5c7b8) 
thrown [s\src\hotspot\share\interpreter\linkResolver.cpp, line 784]
Event: 9.954 Thread 0x00000217b9afcb20 Exception <a 'java/lang/NoSuchMethodError'{0x0000000085afa830}: 'java.lang.Object java.lang.invoke.DirectMethodHandle$Holder.invokeVirtual(java.lang.Object, java.lang.Object, java.lang.Object, java.lang.Object, java.lang.Object, java.lang.Object, java.lang.Object, java.lang.Object, java.lang.Object, java.lang.Object, java.lang.Object, java.lang.Object, java.lang.Object, java.lang.Object, java.lang.Object, java.lang.Object, java.lang.Object)'> (0x0000000085afa830) 
thrown [s\src\hotspot\share\interpreter\li
Event: 9.954 Thread 0x00000217b9afcb20 Exception <a 'java/lang/NoSuchMethodError'{0x0000000085900a50}: 'java.lang.Object java.lang.invoke.DirectMethodHandle$Holder.invokeSpecial(java.lang.Object, java.lang.Object, java.lang.Object, java.lang.Object, java.lang.Object, java.lang.Object, java.lang.Object, java.lang.Object, java.lang.Object, java.lang.Object, java.lang.Object, java.lang.Object, java.lang.Object, java.lang.Object, java.lang.Object, java.lang.Object, java.lang.Object, java.lang.Object)'> (0x0000000085900a50) 
thrown [s\src\hotspot\sh
Event: 9.955 Thread 0x00000217b9afcb20 Exception <a 'java/lang/NoSuchMethodError'{0x0000000085906018}: 'java.lang.Object java.lang.invoke.DelegatingMethodHandle$Holder.reinvoke_L(java.lang.Object, java.lang.Object, java.lang.Object, java.lang.Object, java.lang.Object, java.lang.Object, java.lang.Object, java.lang.Object, java.lang.Object, java.lang.Object, java.lang.Object, java.lang.Object, java.lang.Object, java.lang.Object, java.lang.Object, java.lang.Object, java.lang.Object)'> (0x0000000085906018) 
thrown [s\src\hotspot\share\interpreter\l
Event: 10.175 Thread 0x00000217b9afcb20 Exception <a 'java/lang/NoSuchMethodError'{0x0000000085038138}: static Lorg/gradle/api/internal/catalog/DefaultVersionCatalog;.<clinit>()V> (0x0000000085038138) 
thrown [s\src\hotspot\share\prims\jni.cpp, line 1144]
Event: 10.180 Thread 0x00000217b9afcb20 Exception <a 'java/lang/NoSuchMethodError'{0x000000008506fb50}: static [Ljava/lang/Object;.<clinit>()V> (0x000000008506fb50) 
thrown [s\src\hotspot\share\prims\jni.cpp, line 1144]
Event: 10.181 Thread 0x00000217b9afcb20 Exception <a 'java/lang/NoSuchMethodError'{0x0000000085097618}: static Lorg/gradle/api/internal/catalog/DependencyModel;.<clinit>()V> (0x0000000085097618) 
thrown [s\src\hotspot\share\prims\jni.cpp, line 1144]
Event: 10.182 Thread 0x00000217b9afcb20 Exception <a 'java/lang/NoSuchMethodError'{0x000000008509c010}: static Lorg/gradle/api/internal/catalog/AbstractContextAwareModel;.<clinit>()V> (0x000000008509c010) 
thrown [s\src\hotspot\share\prims\jni.cpp, line 1144]
Event: 10.183 Thread 0x00000217b9afcb20 Exception <a 'java/lang/NoSuchMethodError'{0x00000000850b51c8}: static Lorg/gradle/api/internal/artifacts/dependencies/AbstractVersionConstraint;.<clinit>()V> (0x00000000850b51c8) 
thrown [s\src\hotspot\share\prims\jni.cpp, line 1144]
Event: 10.192 Thread 0x00000217b9afcb20 Exception <a 'java/lang/NoSuchMethodError'{0x0000000084f17348}: static Lorg/gradle/api/internal/catalog/PluginModel;.<clinit>()V> (0x0000000084f17348) 
thrown [s\src\hotspot\share\prims\jni.cpp, line 1144]
Event: 10.194 Thread 0x00000217b9afcb20 Exception <a 'java/lang/NoSuchMethodError'{0x0000000084f2e748}: static Lorg/gradle/api/internal/catalog/VersionModel;.<clinit>()V> (0x0000000084f2e748) 
thrown [s\src\hotspot\share\prims\jni.cpp, line 1144]
Event: 12.773 Thread 0x00000217b9afcb20 Exception <a 'java/lang/IncompatibleClassChangeError'{0x0000000083e03bf0}: Found class java.lang.Object, but interface was expected> (0x0000000083e03bf0) 
thrown [s\src\hotspot\share\interpreter\linkResolver.cpp, line 851]

ZGC Phase Switch (0 events):
No events

VM Operations (20 events):
Event: 12.700 Executing VM operation: HandshakeAllThreads (Deoptimize) done
Event: 12.789 Executing VM operation: ICBufferFull
Event: 12.789 Executing VM operation: ICBufferFull done
Event: 12.791 Executing VM operation: G1CollectForAllocation (G1 Evacuation Pause)
Event: 12.800 Executing VM operation: G1CollectForAllocation (G1 Evacuation Pause) done
Event: 12.825 Executing VM operation: HandshakeAllThreads (Deoptimize)
Event: 12.825 Executing VM operation: HandshakeAllThreads (Deoptimize) done
Event: 13.013 Executing VM operation: ICBufferFull
Event: 13.013 Executing VM operation: ICBufferFull done
Event: 13.152 Executing VM operation: G1CollectForAllocation (G1 Evacuation Pause)
Event: 13.160 Executing VM operation: G1CollectForAllocation (G1 Evacuation Pause) done
Event: 13.417 Executing VM operation: G1CollectForAllocation (G1 Evacuation Pause)
Event: 13.422 Executing VM operation: G1CollectForAllocation (G1 Evacuation Pause) done
Event: 13.534 Executing VM operation: G1PauseRemark
Event: 13.539 Executing VM operation: G1PauseRemark done
Event: 13.590 Executing VM operation: G1PauseCleanup
Event: 13.590 Executing VM operation: G1PauseCleanup done
Event: 13.697 Executing VM operation: G1CollectForAllocation (G1 Evacuation Pause)
Event: 13.700 Executing VM operation: G1CollectForAllocation (G1 Evacuation Pause) done
Event: 13.936 Executing VM operation: G1CollectForAllocation (G1 Evacuation Pause)

Memory protections (0 events):
No events

Nmethod flushes (20 events):
Event: 13.538 Thread 0x00000217b36899a0 flushing  nmethod 0x00000217a00f5910
Event: 13.538 Thread 0x00000217b36899a0 flushing  nmethod 0x00000217a010b390
Event: 13.538 Thread 0x00000217b36899a0 flushing  nmethod 0x00000217a010cf90
Event: 13.538 Thread 0x00000217b36899a0 flushing  nmethod 0x00000217a01c5810
Event: 13.538 Thread 0x00000217b36899a0 flushing  nmethod 0x00000217a01e6110
Event: 13.538 Thread 0x00000217b36899a0 flushing  nmethod 0x00000217a0211a90
Event: 13.538 Thread 0x00000217b36899a0 flushing  nmethod 0x00000217a0299b10
Event: 13.538 Thread 0x00000217b36899a0 flushing  nmethod 0x00000217a0358910
Event: 13.538 Thread 0x00000217b36899a0 flushing  nmethod 0x00000217a0358e90
Event: 13.538 Thread 0x00000217b36899a0 flushing  nmethod 0x00000217a0359210
Event: 13.538 Thread 0x00000217b36899a0 flushing  nmethod 0x00000217a0386190
Event: 13.538 Thread 0x00000217b36899a0 flushing  nmethod 0x00000217a038cb10
Event: 13.538 Thread 0x00000217b36899a0 flushing  nmethod 0x00000217a038d910
Event: 13.538 Thread 0x00000217b36899a0 flushing  nmethod 0x00000217a038e990
Event: 13.538 Thread 0x00000217b36899a0 flushing  nmethod 0x00000217a038ee90
Event: 13.538 Thread 0x00000217b36899a0 flushing  nmethod 0x00000217a0446710
Event: 13.538 Thread 0x00000217b36899a0 flushing  nmethod 0x00000217a0446f10
Event: 13.538 Thread 0x00000217b36899a0 flushing  nmethod 0x00000217a047d410
Event: 13.538 Thread 0x00000217b36899a0 flushing  nmethod 0x00000217a0535b10
Event: 13.538 Thread 0x00000217b36899a0 flushing  nmethod 0x00000217a0536810

Events (20 events):
Event: 5.989 Thread 0x00000217b9afcb20 Thread added: 0x00000217bb60dac0
Event: 6.108 Thread 0x00000217b9afcb20 Thread added: 0x00000217bb60ee70
Event: 6.191 Thread 0x00000217b9afcb20 Thread added: 0x00000217ba761f40
Event: 6.191 Thread 0x00000217b9afcb20 Thread added: 0x00000217ba764010
Event: 6.192 Thread 0x00000217b9afcb20 Thread added: 0x00000217ba7625d0
Event: 8.650 Thread 0x00000217b9afcb20 Thread added: 0x00000217ba7618b0
Event: 8.650 Thread 0x00000217b9afcb20 Thread added: 0x00000217ba75e430
Event: 8.663 Thread 0x00000217b9afcb20 Thread added: 0x00000217ba764d30
Event: 8.665 Thread 0x00000217b9afcb20 Thread added: 0x00000217ba75fe70
Event: 8.682 Thread 0x00000217b9afcb20 Thread added: 0x00000217ba762c60
Event: 8.682 Thread 0x00000217b9afcb20 Thread added: 0x00000217ba760500
Event: 12.791 Thread 0x00000217b9afcb20 Thread added: 0x00000217ba7632f0
Event: 12.791 Thread 0x00000217b9afcb20 Thread added: 0x00000217ba763980
Event: 12.800 Thread 0x00000217b9afcb20 Thread added: 0x00000217ba761220
Event: 12.912 Thread 0x00000217b9afcb20 Thread added: 0x00000217ba75dda0
Event: 12.913 Thread 0x00000217b9afcb20 Thread added: 0x00000217ba7653c0
Event: 12.919 Thread 0x00000217b9afcb20 Thread added: 0x00000217ba75eac0
Event: 13.262 Thread 0x00000217b9afcb20 Thread added: 0x00000217bb6e9500
Event: 13.262 Thread 0x00000217b9afcb20 Thread added: 0x00000217bb6e6710
Event: 13.262 Thread 0x00000217b9afcb20 Thread added: 0x00000217bb6e6da0


Dynamic libraries:
0x00007ff62eee0000 - 0x00007ff62eeea000 	C:\Program Files\Android\Android Studio\jbr\bin\java.exe
0x00007ffd80670000 - 0x00007ffd80865000 	C:\WINDOWS\SYSTEM32\ntdll.dll
0x00007ffd7eee0000 - 0x00007ffd7ef9e000 	C:\WINDOWS\System32\KERNEL32.DLL
0x00007ffd7e310000 - 0x00007ffd7e5d8000 	C:\WINDOWS\System32\KERNELBASE.dll
0x00007ffd7e0c0000 - 0x00007ffd7e1c0000 	C:\WINDOWS\System32\ucrtbase.dll
0x00007ffd76130000 - 0x00007ffd76148000 	C:\Program Files\Android\Android Studio\jbr\bin\jli.dll
0x00007ffd7f090000 - 0x00007ffd7f230000 	C:\WINDOWS\System32\USER32.dll
0x00007ffd7def0000 - 0x00007ffd7df12000 	C:\WINDOWS\System32\win32u.dll
0x00007ffd80070000 - 0x00007ffd8009a000 	C:\WINDOWS\System32\GDI32.dll
0x00007ffd7df20000 - 0x00007ffd7e02b000 	C:\WINDOWS\System32\gdi32full.dll
0x00007ffd7e630000 - 0x00007ffd7e6cd000 	C:\WINDOWS\System32\msvcp_win.dll
0x00007ffd6d570000 - 0x00007ffd6d58b000 	C:\Program Files\Android\Android Studio\jbr\bin\VCRUNTIME140.dll
0x00007ffd6c870000 - 0x00007ffd6cb0a000 	C:\WINDOWS\WinSxS\amd64_microsoft.windows.common-controls_6595b64144ccf1df_6.0.19041.1110_none_60b5254171f9507e\COMCTL32.dll
0x00007ffd7e940000 - 0x00007ffd7e9de000 	C:\WINDOWS\System32\msvcrt.dll
0x00007ffd80250000 - 0x00007ffd80280000 	C:\WINDOWS\System32\IMM32.DLL
0x00007ffd75ac0000 - 0x00007ffd75acc000 	C:\Program Files\Android\Android Studio\jbr\bin\vcruntime140_1.dll
0x00007ffd6ac40000 - 0x00007ffd6accd000 	C:\Program Files\Android\Android Studio\jbr\bin\msvcp140.dll
0x00007ffd44500000 - 0x00007ffd4518e000 	C:\Program Files\Android\Android Studio\jbr\bin\server\jvm.dll
0x00007ffd80520000 - 0x00007ffd805ce000 	C:\WINDOWS\System32\ADVAPI32.dll
0x00007ffd803d0000 - 0x00007ffd8046c000 	C:\WINDOWS\System32\sechost.dll
0x00007ffd802a0000 - 0x00007ffd803c5000 	C:\WINDOWS\System32\RPCRT4.dll
0x00007ffd7fff0000 - 0x00007ffd8005b000 	C:\WINDOWS\System32\WS2_32.dll
0x00007ffd7dc00000 - 0x00007ffd7dc4b000 	C:\WINDOWS\SYSTEM32\POWRPROF.dll
0x00007ffd6c7b0000 - 0x00007ffd6c7d7000 	C:\WINDOWS\SYSTEM32\WINMM.dll
0x00007ffd78310000 - 0x00007ffd7831a000 	C:\WINDOWS\SYSTEM32\VERSION.dll
0x00007ffd7dbe0000 - 0x00007ffd7dbf2000 	C:\WINDOWS\SYSTEM32\UMPDC.dll
0x00007ffd7bcd0000 - 0x00007ffd7bce2000 	C:\WINDOWS\SYSTEM32\kernel.appcore.dll
0x00007ffd6d560000 - 0x00007ffd6d56a000 	C:\Program Files\Android\Android Studio\jbr\bin\jimage.dll
0x00007ffd69820000 - 0x00007ffd69a04000 	C:\WINDOWS\SYSTEM32\DBGHELP.DLL
0x00007ffd697f0000 - 0x00007ffd6981c000 	C:\WINDOWS\SYSTEM32\dbgcore.DLL
0x00007ffd7e030000 - 0x00007ffd7e0b2000 	C:\WINDOWS\System32\bcryptPrimitives.dll
0x00007ffd6d400000 - 0x00007ffd6d40e000 	C:\Program Files\Android\Android Studio\jbr\bin\instrument.dll
0x00007ffd6c3e0000 - 0x00007ffd6c400000 	C:\Program Files\Android\Android Studio\jbr\bin\java.dll
0x00007ffd694c0000 - 0x00007ffd694d8000 	C:\Program Files\Android\Android Studio\jbr\bin\zip.dll
0x00007ffd7f230000 - 0x00007ffd7f974000 	C:\WINDOWS\System32\SHELL32.dll
0x00007ffd7bed0000 - 0x00007ffd7c664000 	C:\WINDOWS\SYSTEM32\windows.storage.dll
0x00007ffd7eb80000 - 0x00007ffd7eed4000 	C:\WINDOWS\System32\combase.dll
0x00007ffd7d730000 - 0x00007ffd7d75c000 	C:\WINDOWS\SYSTEM32\Wldp.dll
0x00007ffd80470000 - 0x00007ffd8051d000 	C:\WINDOWS\System32\SHCORE.dll
0x00007ffd7fee0000 - 0x00007ffd7ff35000 	C:\WINDOWS\System32\shlwapi.dll
0x00007ffd7dcd0000 - 0x00007ffd7dcef000 	C:\WINDOWS\SYSTEM32\profapi.dll
0x00007ffd6c2a0000 - 0x00007ffd6c2b0000 	C:\Program Files\Android\Android Studio\jbr\bin\net.dll
0x00007ffd73160000 - 0x00007ffd7326a000 	C:\WINDOWS\SYSTEM32\WINHTTP.dll
0x00007ffd7d490000 - 0x00007ffd7d4fa000 	C:\WINDOWS\system32\mswsock.dll
0x00007ffd694a0000 - 0x00007ffd694b6000 	C:\Program Files\Android\Android Studio\jbr\bin\nio.dll
0x00007ffd69650000 - 0x00007ffd69660000 	C:\Program Files\Android\Android Studio\jbr\bin\verify.dll
0x00007ffd79a50000 - 0x00007ffd79a77000 	C:\Users\Nguyen Tung\.gradle\native\1def1411415f61bf3af743bc5b6707747c0891f09f0c88961ee8f79bc544acac\windows-amd64\native-platform.dll
0x00007ffd69300000 - 0x00007ffd69378000 	C:\Users\Nguyen Tung\.gradle\native\0.2.7\x86_64-windows-gnu\gradle-fileevents.dll
0x00007ffd69150000 - 0x00007ffd69159000 	C:\Program Files\Android\Android Studio\jbr\bin\management.dll
0x00007ffd690e0000 - 0x00007ffd690eb000 	C:\Program Files\Android\Android Studio\jbr\bin\management_ext.dll
0x00007ffd7e6d0000 - 0x00007ffd7e6d8000 	C:\WINDOWS\System32\PSAPI.DLL
0x00007ffd7d180000 - 0x00007ffd7d1bb000 	C:\WINDOWS\SYSTEM32\IPHLPAPI.DLL
0x00007ffd7efa0000 - 0x00007ffd7efa8000 	C:\WINDOWS\System32\NSI.dll
0x00007ffd69a10000 - 0x00007ffd69a19000 	C:\Program Files\Android\Android Studio\jbr\bin\extnet.dll
0x00007ffd7d690000 - 0x00007ffd7d6a8000 	C:\WINDOWS\SYSTEM32\CRYPTSP.dll
0x00007ffd7ce10000 - 0x00007ffd7ce44000 	C:\WINDOWS\system32\rsaenh.dll
0x00007ffd7e1c0000 - 0x00007ffd7e1e7000 	C:\WINDOWS\System32\bcrypt.dll
0x00007ffd7dc90000 - 0x00007ffd7dcbe000 	C:\WINDOWS\SYSTEM32\USERENV.dll
0x00007ffd7d680000 - 0x00007ffd7d68c000 	C:\WINDOWS\SYSTEM32\CRYPTBASE.dll
0x00007ffd6b430000 - 0x00007ffd6b437000 	C:\WINDOWS\system32\wshunix.dll
0x00007ffd7d1c0000 - 0x00007ffd7d28b000 	C:\WINDOWS\SYSTEM32\DNSAPI.dll
0x00007ffd6ed90000 - 0x00007ffd6ed9a000 	C:\Windows\System32\rasadhlp.dll
0x00007ffd6f7a0000 - 0x00007ffd6f81f000 	C:\WINDOWS\System32\fwpuclnt.dll

dbghelp: loaded successfully - version: 4.0.5 - missing functions: none
symbol engine: initialized successfully - sym options: 0x614 - pdb path: .;C:\Program Files\Android\Android Studio\jbr\bin;C:\WINDOWS\SYSTEM32;C:\WINDOWS\WinSxS\amd64_microsoft.windows.common-controls_6595b64144ccf1df_6.0.19041.1110_none_60b5254171f9507e;C:\Program Files\Android\Android Studio\jbr\bin\server;C:\Users\Nguyen Tung\.gradle\native\1def1411415f61bf3af743bc5b6707747c0891f09f0c88961ee8f79bc544acac\windows-amd64;C:\Users\Nguyen Tung\.gradle\native\0.2.7\x86_64-windows-gnu

VM Arguments:
jvm_args: --add-opens=java.base/java.lang=ALL-UNNAMED --add-opens=java.base/java.lang.invoke=ALL-UNNAMED --add-opens=java.base/java.util=ALL-UNNAMED --add-opens=java.prefs/java.util.prefs=ALL-UNNAMED --add-exports=jdk.compiler/com.sun.tools.javac.api=ALL-UNNAMED --add-exports=jdk.compiler/com.sun.tools.javac.util=ALL-UNNAMED --add-opens=java.base/java.util=ALL-UNNAMED --add-opens=java.prefs/java.util.prefs=ALL-UNNAMED --add-opens=java.base/java.nio.charset=ALL-UNNAMED --add-opens=java.base/java.net=ALL-UNNAMED --add-opens=java.base/java.util.concurrent.atomic=ALL-UNNAMED --add-opens=java.xml/javax.xml.namespace=ALL-UNNAMED -Xmx2048m -Dfile.encoding=UTF-8 -Duser.country=US -Duser.language=en -Duser.variant -javaagent:C:\Users\Nguyen Tung\.gradle\wrapper\dists\gradle-8.13-bin\5xuhj0ry160q40clulazy9h7d\gradle-8.13\lib\agents\gradle-instrumentation-agent-8.13.jar 
java_command: org.gradle.launcher.daemon.bootstrap.GradleDaemon 8.13
java_class_path (initial): C:\Users\Nguyen Tung\.gradle\wrapper\dists\gradle-8.13-bin\5xuhj0ry160q40clulazy9h7d\gradle-8.13\lib\gradle-daemon-main-8.13.jar
Launcher Type: SUN_STANDARD

[Global flags]
     intx CICompilerCount                          = 3                                         {product} {ergonomic}
     uint ConcGCThreads                            = 1                                         {product} {ergonomic}
     uint G1ConcRefinementThreads                  = 4                                         {product} {ergonomic}
   size_t G1HeapRegionSize                         = 1048576                                   {product} {ergonomic}
    uintx GCDrainStackTargetSize                   = 64                                        {product} {ergonomic}
   size_t InitialHeapSize                          = 67108864                                  {product} {ergonomic}
   size_t MarkStackSize                            = 4194304                                   {product} {ergonomic}
   size_t MaxHeapSize                              = 2147483648                                {product} {command line}
   size_t MaxNewSize                               = 1287651328                                {product} {ergonomic}
   size_t MinHeapDeltaBytes                        = 1048576                                   {product} {ergonomic}
   size_t MinHeapSize                              = 8388608                                   {product} {ergonomic}
    uintx NonNMethodCodeHeapSize                   = 5832780                                {pd product} {ergonomic}
    uintx NonProfiledCodeHeapSize                  = 122912730                              {pd product} {ergonomic}
    uintx ProfiledCodeHeapSize                     = 122912730                              {pd product} {ergonomic}
    uintx ReservedCodeCacheSize                    = 251658240                              {pd product} {ergonomic}
     bool SegmentedCodeCache                       = true                                      {product} {ergonomic}
   size_t SoftMaxHeapSize                          = 2147483648                             {manageable} {ergonomic}
     bool UseCompressedOops                        = true                           {product lp64_product} {ergonomic}
     bool UseG1GC                                  = true                                      {product} {ergonomic}
     bool UseLargePagesIndividualAllocation        = false                                  {pd product} {ergonomic}

Logging:
Log output configuration:
 #0: stdout all=warning uptime,level,tags foldmultilines=false
 #1: stderr all=off uptime,level,tags foldmultilines=false

Environment Variables:
PATH=C:\Program Files\Common Files\Oracle\Java\javapath;C:\WINDOWS\system32;C:\WINDOWS;C:\WINDOWS\System32\Wbem;C:\WINDOWS\System32\WindowsPowerShell\v1.0\;C:\WINDOWS\System32\OpenSSH\;C:\Program Files\Git\cmd;C:\Users\Nguyen Tung\AppData\Local\Microsoft\WindowsApps;
USERNAME=Nguyen Tung
OS=Windows_NT
PROCESSOR_IDENTIFIER=Intel64 Family 6 Model 158 Stepping 10, GenuineIntel
TMP=C:\Users\NGUYEN~1\AppData\Local\Temp
TEMP=C:\Users\NGUYEN~1\AppData\Local\Temp




Periodic native trim disabled

JNI global refs:
JNI global refs: 27, weak refs: 0

JNI global refs memory usage: 835, weak refs: 833

Process memory usage:
Resident Set Size: 316356K (7% of 4063584K total physical memory with 227924K free physical memory)

OOME stack traces (most recent first):
Classloader memory used:
Loader org.gradle.internal.classloader.VisitableURLClassLoader                         : 38401K
Loader bootstrap                                                                       : 28619K
Loader org.gradle.initialization.MixInLegacyTypesClassLoader                           : 11070K
Loader jdk.internal.loader.ClassLoaders$PlatformClassLoader                            : 779K
Loader org.gradle.internal.classloader.VisitableURLClassLoader                         : 260K
Loader jdk.internal.loader.ClassLoaders$AppClassLoader                                 : 235K
Loader jdk.internal.reflect.DelegatingClassLoader                                      : 114K
Loader org.gradle.groovy.scripts.internal.DefaultScriptCompilationHandler$ScriptClassLoader: 98800B
Loader org.gradle.internal.classloader.VisitableURLClassLoader$InstrumentingVisitableURLClassLoader: 60352B
Loader org.codehaus.groovy.runtime.callsite.CallSiteClassLoader                        : 10112B

Classes loaded by more than one classloader:
Class Program                                                                         : loaded 3 times (x 70B)
Class org.gradle.internal.classloader.ClassLoaderHierarchy                            : loaded 2 times (x 68B)
Class org.gradle.api.internal.classpath.ManifestUtil                                  : loaded 2 times (x 69B)
Class org.gradle.internal.classloader.DefaultClassLoaderFactory                       : loaded 2 times (x 80B)
Class org.gradle.internal.classloader.ClassLoaderVisitor                              : loaded 2 times (x 74B)
Class org.gradle.api.internal.classpath.EffectiveClassPath                            : loaded 2 times (x 88B)
Class org.gradle.api.internal.DefaultClassPathProvider                                : loaded 2 times (x 74B)
Class [Lorg.gradle.api.internal.ClassPathProvider;                                    : loaded 2 times (x 67B)
Class org.gradle.api.internal.ClassPathProvider                                       : loaded 2 times (x 68B)
Class org.gradle.internal.service.UnknownServiceException                             : loaded 2 times (x 81B)
Class org.gradle.internal.classpath.TransformedClassPath                              : loaded 2 times (x 94B)
Class org.gradle.internal.classloader.InstrumentingClassLoader                        : loaded 2 times (x 68B)
Class ijKotlinCoroutineJvmDebugInit1_6ijlri0fp49ekm6312sngnp6p$_run_closure1          : loaded 2 times (x 137B)
Class org.gradle.internal.service.ServiceLocator                                      : loaded 2 times (x 68B)
Class ijKotlinCoroutineJvmDebugInit1_6ijlri0fp49ekm6312sngnp6p                        : loaded 2 times (x 177B)
Class org.gradle.internal.InternalTransformer                                         : loaded 2 times (x 68B)
Class org.gradle.internal.classloader.ClasspathUtil$1                                 : loaded 2 times (x 74B)
Class org.gradle.api.internal.classpath.DefaultModuleRegistry$DefaultModule           : loaded 2 times (x 84B)
Class org.gradle.api.internal.classpath.Module                                        : loaded 2 times (x 68B)
Class org.gradle.api.internal.classpath.UnknownModuleException                        : loaded 2 times (x 80B)
Class org.gradle.api.internal.DefaultClassPathRegistry                                : loaded 2 times (x 74B)
Class org.gradle.api.internal.ClassPathRegistry                                       : loaded 2 times (x 68B)
Class org.gradle.internal.classpath.DefaultClassPath$ImmutableUniqueList              : loaded 2 times (x 197B)
Class org.gradle.internal.classloader.FilteringClassLoader                            : loaded 2 times (x 103B)
Class Settings_gradle$1                                                               : loaded 2 times (x 72B)
Class org.gradle.internal.classpath.ClassPath                                         : loaded 2 times (x 68B)
Class org.gradle.api.UncheckedIOException                                             : loaded 2 times (x 80B)
Class org.gradle.internal.installation.GradleInstallation$1                           : loaded 2 times (x 73B)
Class org.gradle.api.internal.classpath.ModuleRegistry                                : loaded 2 times (x 68B)
Class org.gradle.api.internal.classpath.DefaultModuleRegistry                         : loaded 2 times (x 84B)
Class org.gradle.internal.service.ServiceLookupException                              : loaded 2 times (x 80B)
Class org.gradle.internal.classloader.ClassLoaderFactory                              : loaded 2 times (x 68B)
Class org.gradle.internal.service.CachingServiceLocator                               : loaded 2 times (x 80B)
Class org.gradle.internal.classloader.ClasspathUtil                                   : loaded 2 times (x 69B)
Class org.gradle.api.specs.Spec                                                       : loaded 2 times (x 68B)
Class org.gradle.internal.classloader.VisitableURLClassLoader$InstrumentingVisitableURLClassLoader: loaded 2 times (x 121B)
Class org.gradle.internal.classloader.VisitableURLClassLoader$Spec                    : loaded 2 times (x 72B)
Class org.gradle.internal.classpath.DefaultClassPath                                  : loaded 2 times (x 88B)
Class org.gradle.internal.classloader.ClassLoaderSpec                                 : loaded 2 times (x 69B)
Class Settings_gradle$1$1                                                             : loaded 2 times (x 72B)
Class org.gradle.internal.classloader.VisitableURLClassLoader                         : loaded 2 times (x 115B)
Class Settings_gradle                                                                 : loaded 2 times (x 126B)
Class ijJvmDebugger1_ef8m1veyp0ol1q35xx5vipe5l                                        : loaded 2 times (x 177B)
Class org.gradle.internal.Cast                                                        : loaded 2 times (x 69B)
Class org.gradle.api.Action                                                           : loaded 2 times (x 68B)
Class org.gradle.internal.classpath.DefaultClassPath$ImmutableUniqueList$Builder      : loaded 2 times (x 73B)
Class org.gradle.api.GradleException                                                  : loaded 2 times (x 80B)
Class org.gradle.internal.IoActions                                                   : loaded 2 times (x 69B)
Class org.gradle.internal.classloader.SystemClassLoaderSpec                           : loaded 2 times (x 69B)
Class org.gradle.api.internal.classpath.GlobalCacheRootsProvider                      : loaded 2 times (x 68B)
Class ijJvmDebugger1_ef8m1veyp0ol1q35xx5vipe5l$_run_closure1                          : loaded 2 times (x 137B)
Class org.gradle.internal.installation.CurrentGradleInstallationLocator               : loaded 2 times (x 69B)
Class org.gradle.internal.service.DefaultServiceLocator                               : loaded 2 times (x 81B)
Class org.gradle.internal.installation.CurrentGradleInstallation                      : loaded 2 times (x 71B)
Class org.gradle.util.internal.GUtil                                                  : loaded 2 times (x 69B)
Class org.gradle.internal.installation.GradleInstallation                             : loaded 2 times (x 73B)

---------------  S Y S T E M  ---------------

OS:
 Windows 10 , 64 bit Build 19041 (10.0.19041.1645)
OS uptime: 0 days 2:48 hours

CPU: total 4 (initial active 4) (2 cores per cpu, 2 threads per core) family 6 model 158 stepping 10 microcode 0xb4, cx8, cmov, fxsr, ht, mmx, 3dnowpref, sse, sse2, sse3, ssse3, sse4.1, sse4.2, popcnt, lzcnt, tsc, tscinvbit, aes, erms, clmul, clflush, clflushopt, rdtscp
Processor Information for the first 4 processors :
  Max Mhz: 3696, Current Mhz: 3696, Mhz Limit: 3696

Memory: 4k page, system-wide physical 3968M (221M free)
TotalPageFile size 6619M (AvailPageFile size 17M)
current process WorkingSet (physical memory assigned to process): 308M, peak: 309M
current process commit charge ("private bytes"): 333M, peak: 363M

vm_info: OpenJDK 64-Bit Server VM (21.0.7+-13880790-b1038.58) for windows-amd64 JRE (21.0.7+-13880790-b1038.58), built on 2025-08-04T20:56:21Z by "builder" with MS VC++ 16.10 / 16.11 (VS2019)

END.
