#
# There is insufficient memory for the Java Runtime Environment to continue.
# Native memory allocation (mmap) failed to map 132120576 bytes. Error detail: G1 virtual space
# Possible reasons:
#   The system is out of physical RAM or swap space
#   This process is running with CompressedOops enabled, and the Java Heap may be blocking the growth of the native heap
# Possible solutions:
#   Reduce memory load on the system
#   Increase physical memory or swap space
#   Check if swap backing store is full
#   Decrease Java heap size (-Xmx/-Xms)
#   Decrease number of Java threads
#   Decrease Java thread stack sizes (-Xss)
#   Set larger code cache with -XX:ReservedCodeCacheSize=
#   JVM is running with Unscaled Compressed Oops mode in which the Java heap is
#     placed in the first 4GB address space. The Java Heap base address is the
#     maximum limit for the native heap growth. Please use -XX:HeapBaseMinAddress
#     to set the Java Heap base and to place the Java Heap above 4GB virtual address.
# This output file may be truncated or incomplete.
#
#  Out of Memory Error (os_windows.cpp:3898), pid=5672, tid=7884
#
# JRE version: OpenJDK Runtime Environment (21.0.7) (build 21.0.7+-13880790-b1038.58)
# Java VM: OpenJDK 64-Bit Server VM (21.0.7+-13880790-b1038.58, mixed mode, tiered, compressed oops, compressed class ptrs, g1 gc, windows-amd64)
# No core dump will be written. Minidumps are not enabled by default on client versions of Windows
#

---------------  S U M M A R Y ------------

Command Line: org.jetbrains.kotlin.cli.jvm.K2JVMCompiler @C:\Users\Nguyen Tung\StudioProjects\BayTro\app\build\20250928_9991574438203211689.compiler.options

Host: Intel(R) Pentium(R) Gold G5400 CPU @ 3.70GHz, 4 cores, 3G,  Windows 10 , 64 bit Build 19041 (10.0.19041.1645)
Time: Sun Sep 28 21:15:04 2025 SE Asia Standard Time elapsed time: 6.401054 seconds (0d 0h 0m 6s)

---------------  T H R E A D  ---------------

Current thread (0x000001c1429c1c10):  VMThread "VM Thread"          [id=7884, stack(0x0000000427b00000,0x0000000427c00000) (1024K)]

Stack: [0x0000000427b00000,0x0000000427c00000]
Native frames: (J=compiled Java code, j=interpreted, Vv=VM code, C=native code)
V  [jvm.dll+0x6d25c9]
V  [jvm.dll+0x860923]
V  [jvm.dll+0x862e7e]
V  [jvm.dll+0x863563]
V  [jvm.dll+0x27f156]
V  [jvm.dll+0x6ceee5]
V  [jvm.dll+0x6c29aa]
V  [jvm.dll+0x355ebb]
V  [jvm.dll+0x35db16]
V  [jvm.dll+0x3afb16]
V  [jvm.dll+0x3afde8]
V  [jvm.dll+0x32855c]
V  [jvm.dll+0x3285e7]
V  [jvm.dll+0x36e47c]
V  [jvm.dll+0x36cc2e]
V  [jvm.dll+0x327cb1]
V  [jvm.dll+0x36c330]
V  [jvm.dll+0x8692e8]
V  [jvm.dll+0x86a664]
V  [jvm.dll+0x86aba0]
V  [jvm.dll+0x86ae33]
V  [jvm.dll+0x808d08]
V  [jvm.dll+0x6d0e1d]
C  [ucrtbase.dll+0x21bb2]
C  [KERNEL32.DLL+0x17034]
C  [ntdll.dll+0x52651]

VM_Operation (0x00000004274f7cb0): G1CollectForAllocation, mode: safepoint, requested by thread 0x000001c12adbb020


---------------  P R O C E S S  ---------------

Threads class SMR info:
_java_thread_list=0x000001c147301b60, length=11, elements={
0x000001c12adbb020, 0x000001c142a113e0, 0x000001c142a1d770, 0x000001c142a1f1e0,
0x000001c142a20c50, 0x000001c142a216b0, 0x000001c142a22110, 0x000001c142a22b70,
0x000001c142a35a40, 0x000001c142a3df80, 0x000001c142cf9c90
}

Java Threads: ( => current thread )
  0x000001c12adbb020 JavaThread "main"                              [_thread_blocked, id=8512, stack(0x0000000427400000,0x0000000427500000) (1024K)]
  0x000001c142a113e0 JavaThread "Common-Cleaner"             daemon [_thread_blocked, id=3572, stack(0x0000000427c00000,0x0000000427d00000) (1024K)]
  0x000001c142a1d770 JavaThread "Reference Handler"          daemon [_thread_blocked, id=8400, stack(0x0000000427d00000,0x0000000427e00000) (1024K)]
  0x000001c142a1f1e0 JavaThread "Finalizer"                  daemon [_thread_blocked, id=108, stack(0x0000000427e00000,0x0000000427f00000) (1024K)]
  0x000001c142a20c50 JavaThread "Signal Dispatcher"          daemon [_thread_blocked, id=8644, stack(0x0000000427f00000,0x0000000428000000) (1024K)]
  0x000001c142a216b0 JavaThread "Attach Listener"            daemon [_thread_blocked, id=7264, stack(0x0000000428000000,0x0000000428100000) (1024K)]
  0x000001c142a22110 JavaThread "Service Thread"             daemon [_thread_blocked, id=3604, stack(0x0000000428100000,0x0000000428200000) (1024K)]
  0x000001c142a22b70 JavaThread "Monitor Deflation Thread"   daemon [_thread_blocked, id=2980, stack(0x0000000428200000,0x0000000428300000) (1024K)]
  0x000001c142a35a40 JavaThread "C2 CompilerThread0"         daemon [_thread_in_native, id=5812, stack(0x0000000428300000,0x0000000428400000) (1024K)]
  0x000001c142a3df80 JavaThread "C1 CompilerThread0"         daemon [_thread_blocked, id=4320, stack(0x0000000428400000,0x0000000428500000) (1024K)]
  0x000001c142cf9c90 JavaThread "Notification Thread"        daemon [_thread_blocked, id=1184, stack(0x0000000428500000,0x0000000428600000) (1024K)]
Total: 11

Other Threads:
=>0x000001c1429c1c10 VMThread "VM Thread"                           [id=7884, stack(0x0000000427b00000,0x0000000427c00000) (1024K)]
  0x000001c12d0b4aa0 WatcherThread "VM Periodic Task Thread"        [id=1108, stack(0x0000000427a00000,0x0000000427b00000) (1024K)]
  0x000001c12d039e40 WorkerThread "GC Thread#0"                     [id=8840, stack(0x0000000427500000,0x0000000427600000) (1024K)]
  0x000001c1472e0f10 WorkerThread "GC Thread#1"                     [id=4832, stack(0x0000000428700000,0x0000000428800000) (1024K)]
  0x000001c1472fb0d0 WorkerThread "GC Thread#2"                     [id=6164, stack(0x0000000428800000,0x0000000428900000) (1024K)]
  0x000001c1472fb470 WorkerThread "GC Thread#3"                     [id=7876, stack(0x0000000428900000,0x0000000428a00000) (1024K)]
  0x000001c12d043af0 ConcurrentGCThread "G1 Main Marker"            [id=7788, stack(0x0000000427600000,0x0000000427700000) (1024K)]
  0x000001c12d044ca0 WorkerThread "G1 Conc#0"                       [id=2244, stack(0x0000000427700000,0x0000000427800000) (1024K)]
  0x000001c12d0a1a90 ConcurrentGCThread "G1 Refine#0"               [id=3148, stack(0x0000000427800000,0x0000000427900000) (1024K)]
  0x000001c12d0a2510 ConcurrentGCThread "G1 Service"                [id=9992, stack(0x0000000427900000,0x0000000427a00000) (1024K)]
Total: 10

Threads with active compile tasks:
C2 CompilerThread0  6425 4944   !   4       org.jetbrains.kotlin.metadata.ProtoBuf$Function::<init> (1811 bytes)
C1 CompilerThread0  6425 5303       3       org.jetbrains.org.objectweb.asm.MethodVisitor::<init> (94 bytes)
Total: 2

VM state: at safepoint (normal execution)

VM Mutex/Monitor currently owned by a thread:  ([mutex/lock_event])
[0x00007ffd450b1468] Threads_lock - owner thread: 0x000001c1429c1c10
[0x00007ffd450b1568] Heap_lock - owner thread: 0x000001c12adbb020

Heap address: 0x00000000c1e00000, size: 994 MB, Compressed Oops mode: 32-bit

CDS archive(s) not mapped
Compressed class space mapped at: 0x0000000100000000-0x0000000140000000, reserved size: 1073741824
Narrow klass base: 0x0000000000000000, Narrow klass shift: 3, Narrow klass range: 0x140000000

GC Precious Log:
 CardTable entry size: 512
 Card Set container configuration: InlinePtr #cards 5 size 8 Array Of Cards #cards 12 size 40 Howl #buckets 4 coarsen threshold 1843 Howl Bitmap #cards 512 size 80 coarsen threshold 460 Card regions per heap region 1 cards per card region 2048
 CPUs: 4 total, 4 available
 Memory: 3968M
 Large Page Support: Disabled
 NUMA Support: Disabled
 Compressed Oops: Enabled (32-bit)
 Heap Region Size: 1M
 Heap Min Capacity: 8M
 Heap Initial Capacity: 64M
 Heap Max Capacity: 994M
 Pre-touch: Disabled
 Parallel Workers: 4
 Concurrent Workers: 1
 Concurrent Refinement Workers: 4
 Periodic GC: Disabled

Heap:
 garbage-first heap   total 99328K, used 67480K [0x00000000c1e00000, 0x0000000100000000)
  region size 1024K, 3 young (3072K), 3 survivors (3072K)
 Metaspace       used 62266K, committed 62592K, reserved 1114112K
  class space    used 7147K, committed 7296K, reserved 1048576K

Heap Regions: E=young(eden), S=young(survivor), O=old, HS=humongous(starts), HC=humongous(continues), CS=collection set, F=free, TAMS=top-at-mark-start, PB=parsable bottom
|   0|0x00000000c1e00000, 0x00000000c1f00000, 0x00000000c1f00000|100%|HS|  |TAMS 0x00000000c1f00000| PB 0x00000000c1e00000| Complete 
|   1|0x00000000c1f00000, 0x00000000c2000000, 0x00000000c2000000|100%|HC|  |TAMS 0x00000000c2000000| PB 0x00000000c1f00000| Complete 
|   2|0x00000000c2000000, 0x00000000c2100000, 0x00000000c2100000|100%|HC|  |TAMS 0x00000000c2100000| PB 0x00000000c2000000| Complete 
|   3|0x00000000c2100000, 0x00000000c2200000, 0x00000000c2200000|100%|HC|  |TAMS 0x00000000c2200000| PB 0x00000000c2100000| Complete 
|   4|0x00000000c2200000, 0x00000000c2300000, 0x00000000c2300000|100%| O|  |TAMS 0x00000000c2300000| PB 0x00000000c2200000| Untracked 
|   5|0x00000000c2300000, 0x00000000c2400000, 0x00000000c2400000|100%| O|  |TAMS 0x00000000c2400000| PB 0x00000000c2300000| Untracked 
|   6|0x00000000c2400000, 0x00000000c2500000, 0x00000000c2500000|100%| O|  |TAMS 0x00000000c2500000| PB 0x00000000c2400000| Untracked 
|   7|0x00000000c2500000, 0x00000000c2600000, 0x00000000c2600000|100%| O|  |TAMS 0x00000000c2600000| PB 0x00000000c2500000| Untracked 
|   8|0x00000000c2600000, 0x00000000c2700000, 0x00000000c2700000|100%| O|  |TAMS 0x00000000c2700000| PB 0x00000000c2600000| Untracked 
|   9|0x00000000c2700000, 0x00000000c2800000, 0x00000000c2800000|100%| O|  |TAMS 0x00000000c2800000| PB 0x00000000c2700000| Untracked 
|  10|0x00000000c2800000, 0x00000000c2900000, 0x00000000c2900000|100%| O|  |TAMS 0x00000000c2900000| PB 0x00000000c2800000| Untracked 
|  11|0x00000000c2900000, 0x00000000c2a00000, 0x00000000c2a00000|100%| O|  |TAMS 0x00000000c2a00000| PB 0x00000000c2900000| Untracked 
|  12|0x00000000c2a00000, 0x00000000c2b00000, 0x00000000c2b00000|100%| O|  |TAMS 0x00000000c2b00000| PB 0x00000000c2a00000| Untracked 
|  13|0x00000000c2b00000, 0x00000000c2c00000, 0x00000000c2c00000|100%| O|  |TAMS 0x00000000c2c00000| PB 0x00000000c2b00000| Untracked 
|  14|0x00000000c2c00000, 0x00000000c2d00000, 0x00000000c2d00000|100%| O|  |TAMS 0x00000000c2d00000| PB 0x00000000c2c00000| Untracked 
|  15|0x00000000c2d00000, 0x00000000c2e00000, 0x00000000c2e00000|100%| O|  |TAMS 0x00000000c2e00000| PB 0x00000000c2d00000| Untracked 
|  16|0x00000000c2e00000, 0x00000000c2f00000, 0x00000000c2f00000|100%| O|  |TAMS 0x00000000c2f00000| PB 0x00000000c2e00000| Untracked 
|  17|0x00000000c2f00000, 0x00000000c3000000, 0x00000000c3000000|100%| O|  |TAMS 0x00000000c3000000| PB 0x00000000c2f00000| Untracked 
|  18|0x00000000c3000000, 0x00000000c3100000, 0x00000000c3100000|100%| O|  |TAMS 0x00000000c3100000| PB 0x00000000c3000000| Untracked 
|  19|0x00000000c3100000, 0x00000000c3200000, 0x00000000c3200000|100%| O|  |TAMS 0x00000000c3200000| PB 0x00000000c3100000| Untracked 
|  20|0x00000000c3200000, 0x00000000c3300000, 0x00000000c3300000|100%| O|  |TAMS 0x00000000c3300000| PB 0x00000000c3200000| Untracked 
|  21|0x00000000c3300000, 0x00000000c3400000, 0x00000000c3400000|100%| O|  |TAMS 0x00000000c3400000| PB 0x00000000c3300000| Untracked 
|  22|0x00000000c3400000, 0x00000000c3500000, 0x00000000c3500000|100%| O|  |TAMS 0x00000000c3500000| PB 0x00000000c3400000| Untracked 
|  23|0x00000000c3500000, 0x00000000c3600000, 0x00000000c3600000|100%| O|  |TAMS 0x00000000c3600000| PB 0x00000000c3500000| Untracked 
|  24|0x00000000c3600000, 0x00000000c3700000, 0x00000000c3700000|100%| O|  |TAMS 0x00000000c3700000| PB 0x00000000c3600000| Untracked 
|  25|0x00000000c3700000, 0x00000000c3800000, 0x00000000c3800000|100%| O|  |TAMS 0x00000000c3800000| PB 0x00000000c3700000| Untracked 
|  26|0x00000000c3800000, 0x00000000c3900000, 0x00000000c3900000|100%| O|  |TAMS 0x00000000c3900000| PB 0x00000000c3800000| Untracked 
|  27|0x00000000c3900000, 0x00000000c3a00000, 0x00000000c3a00000|100%| O|  |TAMS 0x00000000c3a00000| PB 0x00000000c3900000| Untracked 
|  28|0x00000000c3a00000, 0x00000000c3b00000, 0x00000000c3b00000|100%| O|  |TAMS 0x00000000c3b00000| PB 0x00000000c3a00000| Untracked 
|  29|0x00000000c3b00000, 0x00000000c3c00000, 0x00000000c3c00000|100%| O|  |TAMS 0x00000000c3c00000| PB 0x00000000c3b00000| Untracked 
|  30|0x00000000c3c00000, 0x00000000c3d00000, 0x00000000c3d00000|100%| O|  |TAMS 0x00000000c3d00000| PB 0x00000000c3c00000| Untracked 
|  31|0x00000000c3d00000, 0x00000000c3e00000, 0x00000000c3e00000|100%| O|  |TAMS 0x00000000c3e00000| PB 0x00000000c3d00000| Untracked 
|  32|0x00000000c3e00000, 0x00000000c3f00000, 0x00000000c3f00000|100%| O|  |TAMS 0x00000000c3f00000| PB 0x00000000c3e00000| Untracked 
|  33|0x00000000c3f00000, 0x00000000c4000000, 0x00000000c4000000|100%| O|  |TAMS 0x00000000c4000000| PB 0x00000000c3f00000| Untracked 
|  34|0x00000000c4000000, 0x00000000c4100000, 0x00000000c4100000|100%|HS|  |TAMS 0x00000000c4100000| PB 0x00000000c4000000| Complete 
|  35|0x00000000c4100000, 0x00000000c4200000, 0x00000000c4200000|100%| O|  |TAMS 0x00000000c4200000| PB 0x00000000c4100000| Untracked 
|  36|0x00000000c4200000, 0x00000000c4300000, 0x00000000c4300000|100%| O|  |TAMS 0x00000000c4300000| PB 0x00000000c4200000| Untracked 
|  37|0x00000000c4300000, 0x00000000c4400000, 0x00000000c4400000|100%| O|  |TAMS 0x00000000c4400000| PB 0x00000000c4300000| Untracked 
|  38|0x00000000c4400000, 0x00000000c4500000, 0x00000000c4500000|100%| O|  |TAMS 0x00000000c4500000| PB 0x00000000c4400000| Untracked 
|  39|0x00000000c4500000, 0x00000000c4600000, 0x00000000c4600000|100%| O|  |TAMS 0x00000000c4600000| PB 0x00000000c4500000| Untracked 
|  40|0x00000000c4600000, 0x00000000c4700000, 0x00000000c4700000|100%| O|  |TAMS 0x00000000c4600000| PB 0x00000000c4600000| Untracked 
|  41|0x00000000c4700000, 0x00000000c4800000, 0x00000000c4800000|100%| O|  |TAMS 0x00000000c4800000| PB 0x00000000c4700000| Untracked 
|  42|0x00000000c4800000, 0x00000000c4900000, 0x00000000c4900000|100%| O|  |TAMS 0x00000000c4900000| PB 0x00000000c4800000| Untracked 
|  43|0x00000000c4900000, 0x00000000c4a00000, 0x00000000c4a00000|100%| O|  |TAMS 0x00000000c4a00000| PB 0x00000000c4900000| Untracked 
|  44|0x00000000c4a00000, 0x00000000c4b00000, 0x00000000c4b00000|100%| O|  |TAMS 0x00000000c4b00000| PB 0x00000000c4a00000| Untracked 
|  45|0x00000000c4b00000, 0x00000000c4c00000, 0x00000000c4c00000|100%| O|  |TAMS 0x00000000c4c00000| PB 0x00000000c4b00000| Untracked 
|  46|0x00000000c4c00000, 0x00000000c4d00000, 0x00000000c4d00000|100%| O|  |TAMS 0x00000000c4d00000| PB 0x00000000c4c00000| Untracked 
|  47|0x00000000c4d00000, 0x00000000c4e00000, 0x00000000c4e00000|100%| O|  |TAMS 0x00000000c4e00000| PB 0x00000000c4d00000| Untracked 
|  48|0x00000000c4e00000, 0x00000000c4f00000, 0x00000000c4f00000|100%| O|  |TAMS 0x00000000c4e00000| PB 0x00000000c4e00000| Untracked 
|  49|0x00000000c4f00000, 0x00000000c5000000, 0x00000000c5000000|100%| O|  |TAMS 0x00000000c5000000| PB 0x00000000c4f00000| Untracked 
|  50|0x00000000c5000000, 0x00000000c5100000, 0x00000000c5100000|100%| O|  |TAMS 0x00000000c5100000| PB 0x00000000c5000000| Untracked 
|  51|0x00000000c5100000, 0x00000000c5200000, 0x00000000c5200000|100%| O|  |TAMS 0x00000000c5200000| PB 0x00000000c5100000| Untracked 
|  52|0x00000000c5200000, 0x00000000c5300000, 0x00000000c5300000|100%| O|  |TAMS 0x00000000c5300000| PB 0x00000000c5200000| Untracked 
|  53|0x00000000c5300000, 0x00000000c5400000, 0x00000000c5400000|100%| O|  |TAMS 0x00000000c5400000| PB 0x00000000c5300000| Untracked 
|  54|0x00000000c5400000, 0x00000000c5500000, 0x00000000c5500000|100%| O|  |TAMS 0x00000000c5500000| PB 0x00000000c5400000| Untracked 
|  55|0x00000000c5500000, 0x00000000c5600000, 0x00000000c5600000|100%| O|  |TAMS 0x00000000c5600000| PB 0x00000000c5500000| Untracked 
|  56|0x00000000c5600000, 0x00000000c5700000, 0x00000000c5700000|100%| O|  |TAMS 0x00000000c5700000| PB 0x00000000c5600000| Untracked 
|  57|0x00000000c5700000, 0x00000000c5800000, 0x00000000c5800000|100%| O|  |TAMS 0x00000000c5700000| PB 0x00000000c5700000| Untracked 
|  58|0x00000000c5800000, 0x00000000c5859508, 0x00000000c5900000| 34%| O|  |TAMS 0x00000000c5800000| PB 0x00000000c5800000| Untracked 
|  59|0x00000000c5900000, 0x00000000c5900000, 0x00000000c5a00000|  0%| F|  |TAMS 0x00000000c5900000| PB 0x00000000c5900000| Untracked 
|  60|0x00000000c5a00000, 0x00000000c5a00000, 0x00000000c5b00000|  0%| F|  |TAMS 0x00000000c5a00000| PB 0x00000000c5a00000| Untracked 
|  61|0x00000000c5b00000, 0x00000000c5b00000, 0x00000000c5c00000|  0%| F|  |TAMS 0x00000000c5b00000| PB 0x00000000c5b00000| Untracked 
|  62|0x00000000c5c00000, 0x00000000c5c00000, 0x00000000c5d00000|  0%| F|  |TAMS 0x00000000c5c00000| PB 0x00000000c5c00000| Untracked 
|  63|0x00000000c5d00000, 0x00000000c5d00000, 0x00000000c5e00000|  0%| F|  |TAMS 0x00000000c5d00000| PB 0x00000000c5d00000| Untracked 
|  64|0x00000000c5e00000, 0x00000000c5e00000, 0x00000000c5f00000|  0%| F|  |TAMS 0x00000000c5e00000| PB 0x00000000c5e00000| Untracked 
|  65|0x00000000c5f00000, 0x00000000c5f00000, 0x00000000c6000000|  0%| F|  |TAMS 0x00000000c5f00000| PB 0x00000000c5f00000| Untracked 
|  66|0x00000000c6000000, 0x00000000c6000000, 0x00000000c6100000|  0%| F|  |TAMS 0x00000000c6000000| PB 0x00000000c6000000| Untracked 
|  67|0x00000000c6100000, 0x00000000c6100000, 0x00000000c6200000|  0%| F|  |TAMS 0x00000000c6100000| PB 0x00000000c6100000| Untracked 
|  68|0x00000000c6200000, 0x00000000c6200000, 0x00000000c6300000|  0%| F|  |TAMS 0x00000000c6200000| PB 0x00000000c6200000| Untracked 
|  69|0x00000000c6300000, 0x00000000c6300000, 0x00000000c6400000|  0%| F|  |TAMS 0x00000000c6300000| PB 0x00000000c6300000| Untracked 
|  70|0x00000000c6400000, 0x00000000c648cb60, 0x00000000c6500000| 54%| S|CS|TAMS 0x00000000c6400000| PB 0x00000000c6400000| Complete 
|  71|0x00000000c6500000, 0x00000000c6600000, 0x00000000c6600000|100%| S|CS|TAMS 0x00000000c6500000| PB 0x00000000c6500000| Complete 
|  72|0x00000000c6600000, 0x00000000c6700000, 0x00000000c6700000|100%| S|CS|TAMS 0x00000000c6600000| PB 0x00000000c6600000| Complete 
|  73|0x00000000c6700000, 0x00000000c6700000, 0x00000000c6800000|  0%| F|  |TAMS 0x00000000c6700000| PB 0x00000000c6700000| Untracked 
|  74|0x00000000c6800000, 0x00000000c6800000, 0x00000000c6900000|  0%| F|  |TAMS 0x00000000c6800000| PB 0x00000000c6800000| Untracked 
|  75|0x00000000c6900000, 0x00000000c6900000, 0x00000000c6a00000|  0%| F|  |TAMS 0x00000000c6900000| PB 0x00000000c6900000| Untracked 
|  76|0x00000000c6a00000, 0x00000000c6a00000, 0x00000000c6b00000|  0%| F|  |TAMS 0x00000000c6a00000| PB 0x00000000c6a00000| Untracked 
|  77|0x00000000c6b00000, 0x00000000c6b00000, 0x00000000c6c00000|  0%| F|  |TAMS 0x00000000c6b00000| PB 0x00000000c6b00000| Untracked 
|  78|0x00000000c6c00000, 0x00000000c6c00000, 0x00000000c6d00000|  0%| F|  |TAMS 0x00000000c6c00000| PB 0x00000000c6c00000| Untracked 
|  79|0x00000000c6d00000, 0x00000000c6d00000, 0x00000000c6e00000|  0%| F|  |TAMS 0x00000000c6d00000| PB 0x00000000c6d00000| Untracked 
|  80|0x00000000c6e00000, 0x00000000c6e00000, 0x00000000c6f00000|  0%| F|  |TAMS 0x00000000c6e00000| PB 0x00000000c6e00000| Untracked 
|  81|0x00000000c6f00000, 0x00000000c6f00000, 0x00000000c7000000|  0%| F|  |TAMS 0x00000000c6f00000| PB 0x00000000c6f00000| Untracked 
|  82|0x00000000c7000000, 0x00000000c7000000, 0x00000000c7100000|  0%| F|  |TAMS 0x00000000c7000000| PB 0x00000000c7000000| Untracked 
|  83|0x00000000c7100000, 0x00000000c7100000, 0x00000000c7200000|  0%| F|  |TAMS 0x00000000c7100000| PB 0x00000000c7100000| Untracked 
|  84|0x00000000c7200000, 0x00000000c7200000, 0x00000000c7300000|  0%| F|  |TAMS 0x00000000c7200000| PB 0x00000000c7200000| Untracked 
|  85|0x00000000c7300000, 0x00000000c7300000, 0x00000000c7400000|  0%| F|  |TAMS 0x00000000c7300000| PB 0x00000000c7300000| Untracked 
|  86|0x00000000c7400000, 0x00000000c7400000, 0x00000000c7500000|  0%| F|  |TAMS 0x00000000c7400000| PB 0x00000000c7400000| Untracked 
|  87|0x00000000c7500000, 0x00000000c7500000, 0x00000000c7600000|  0%| F|  |TAMS 0x00000000c7500000| PB 0x00000000c7500000| Untracked 
|  88|0x00000000c7600000, 0x00000000c7600000, 0x00000000c7700000|  0%| F|  |TAMS 0x00000000c7600000| PB 0x00000000c7600000| Untracked 
|  89|0x00000000c7700000, 0x00000000c7700000, 0x00000000c7800000|  0%| F|  |TAMS 0x00000000c7700000| PB 0x00000000c7700000| Untracked 
|  90|0x00000000c7800000, 0x00000000c7800000, 0x00000000c7900000|  0%| F|  |TAMS 0x00000000c7800000| PB 0x00000000c7800000| Untracked 
|  91|0x00000000c7900000, 0x00000000c7900000, 0x00000000c7a00000|  0%| F|  |TAMS 0x00000000c7900000| PB 0x00000000c7900000| Untracked 
| 989|0x00000000ffb00000, 0x00000000ffc00000, 0x00000000ffc00000|100%| O|  |TAMS 0x00000000ffc00000| PB 0x00000000ffb00000| Untracked 
| 990|0x00000000ffc00000, 0x00000000ffd00000, 0x00000000ffd00000|100%| O|  |TAMS 0x00000000ffd00000| PB 0x00000000ffc00000| Untracked 
| 991|0x00000000ffd00000, 0x00000000ffe00000, 0x00000000ffe00000|100%| O|  |TAMS 0x00000000ffe00000| PB 0x00000000ffd00000| Untracked 
| 992|0x00000000ffe00000, 0x00000000fff00000, 0x00000000fff00000|100%| O|  |TAMS 0x00000000fff00000| PB 0x00000000ffe00000| Untracked 
| 993|0x00000000fff00000, 0x0000000100000000, 0x0000000100000000|100%| O|  |TAMS 0x0000000100000000| PB 0x00000000fff00000| Untracked 

Card table byte_map: [0x000001c13f370000,0x000001c13f570000] _byte_map_base: 0x000001c13ed61000

Marking Bits: (CMBitMap*) 0x000001c12d03b460
 Bits: [0x000001c13f570000, 0x000001c1404f8000)

Polling page: 0x000001c12ad70000

Metaspace:

Usage:
  Non-class:     53.83 MB used.
      Class:      6.98 MB used.
       Both:     60.81 MB used.

Virtual space:
  Non-class space:       64.00 MB reserved,      54.00 MB ( 84%) committed,  1 nodes.
      Class space:        1.00 GB reserved,       7.12 MB ( <1%) committed,  1 nodes.
             Both:        1.06 GB reserved,      61.12 MB (  6%) committed. 

Chunk freelists:
   Non-Class:  9.09 MB
       Class:  8.86 MB
        Both:  17.95 MB

MaxMetaspaceSize: unlimited
CompressedClassSpaceSize: 1.00 GB
Initial GC threshold: 21.00 MB
Current GC threshold: 92.81 MB
CDS: off
 - commit_granule_bytes: 65536.
 - commit_granule_words: 8192.
 - virtual_space_node_default_size: 8388608.
 - enlarge_chunks_in_place: 1.
 - use_allocation_guard: 0.


Internal statistics:

num_allocs_failed_limit: 3.
num_arena_births: 262.
num_arena_deaths: 0.
num_vsnodes_births: 2.
num_vsnodes_deaths: 0.
num_space_committed: 977.
num_space_uncommitted: 0.
num_chunks_returned_to_freelist: 3.
num_chunks_taken_from_freelist: 2098.
num_chunk_merges: 3.
num_chunk_splits: 1767.
num_chunks_enlarged: 1603.
num_inconsistent_stats: 0.

CodeHeap 'non-profiled nmethods': size=120000Kb used=2039Kb max_used=2039Kb free=117960Kb
 bounds [0x000001c137c40000, 0x000001c137eb0000, 0x000001c13f170000]
CodeHeap 'profiled nmethods': size=120000Kb used=9541Kb max_used=9541Kb free=110458Kb
 bounds [0x000001c130170000, 0x000001c130ad0000, 0x000001c1376a0000]
CodeHeap 'non-nmethods': size=5760Kb used=1635Kb max_used=1661Kb free=4124Kb
 bounds [0x000001c1376a0000, 0x000001c137910000, 0x000001c137c40000]
 total_blobs=5436 nmethods=4749 adapters=592
 compilation: enabled
              stopped_count=0, restarted_count=0
 full_count=0

Compilation events (20 events):
Event: 6.377 Thread 0x000001c142a3df80 5291       2       org.jetbrains.kotlin.fir.declarations.builder.FirValueParameterBuilder::build (79 bytes)
Event: 6.379 Thread 0x000001c142a3df80 nmethod 5291 0x000001c130ab8b10 code [0x000001c130ab9000, 0x000001c130aba530]
Event: 6.379 Thread 0x000001c142a3df80 5293       3       org.jetbrains.kotlin.fir.symbols.impl.FirNamedFunctionSymbol::<init> (13 bytes)
Event: 6.379 Thread 0x000001c142a3df80 nmethod 5293 0x000001c130abb390 code [0x000001c130abb5e0, 0x000001c130abbd98]
Event: 6.379 Thread 0x000001c142a3df80 5292       2       org.jetbrains.kotlin.fir.declarations.builder.FirValueParameterBuilder::setValueParameterKind (12 bytes)
Event: 6.380 Thread 0x000001c142a3df80 nmethod 5292 0x000001c130abc090 code [0x000001c130abc280, 0x000001c130abc5a0]
Event: 6.381 Thread 0x000001c142a3df80 5294       2       org.jetbrains.kotlin.metadata.jvm.deserialization.ClassMapperLite::mapClass (58 bytes)
Event: 6.382 Thread 0x000001c142a3df80 nmethod 5294 0x000001c130abc790 code [0x000001c130abca00, 0x000001c130abcf58]
Event: 6.382 Thread 0x000001c142a3df80 5297       3       org.jetbrains.kotlin.metadata.ProtoBuf$Property::getDefaultInstanceForType (5 bytes)
Event: 6.382 Thread 0x000001c142a3df80 nmethod 5297 0x000001c130abd310 code [0x000001c130abd4c0, 0x000001c130abd630]
Event: 6.382 Thread 0x000001c142a3df80 5295       1       org.jetbrains.kotlin.metadata.jvm.deserialization.JvmMemberSignature$Field::getName (5 bytes)
Event: 6.382 Thread 0x000001c142a3df80 nmethod 5295 0x000001c137e3d990 code [0x000001c137e3db20, 0x000001c137e3dbe8]
Event: 6.382 Thread 0x000001c142a3df80 5296       1       org.jetbrains.kotlin.metadata.jvm.deserialization.JvmMemberSignature$Field::getDesc (5 bytes)
Event: 6.382 Thread 0x000001c142a3df80 nmethod 5296 0x000001c137e3dc90 code [0x000001c137e3de20, 0x000001c137e3dee8]
Event: 6.383 Thread 0x000001c142a3df80 5298       2       org.jetbrains.kotlin.load.kotlin.JvmPackagePartSource::<init> (130 bytes)
Event: 6.384 Thread 0x000001c142a3df80 nmethod 5298 0x000001c130abd710 code [0x000001c130abda60, 0x000001c130abe698]
Event: 6.384 Thread 0x000001c142a3df80 5299       2       org.jetbrains.kotlin.fir.deserialization.FirDeserializationContext$Companion::createForPackage (108 bytes)
Event: 6.386 Thread 0x000001c142a3df80 nmethod 5299 0x000001c130abef10 code [0x000001c130abf2c0, 0x000001c130abffb0]
Event: 6.386 Thread 0x000001c142a3df80 5303       3       org.jetbrains.org.objectweb.asm.MethodVisitor::<init> (94 bytes)
Event: 6.386 Thread 0x000001c142a3df80 nmethod 5303 0x000001c130ac0990 code [0x000001c130ac0be0, 0x000001c130ac1438]

GC Heap History (20 events):
Event: 4.120 GC heap after
{Heap after GC invocations=11 (full 0):
 garbage-first heap   total 62464K, used 32236K [0x00000000c1e00000, 0x0000000100000000)
  region size 1024K, 3 young (3072K), 3 survivors (3072K)
 Metaspace       used 43145K, committed 43456K, reserved 1114112K
  class space    used 5283K, committed 5440K, reserved 1048576K
}
Event: 4.478 GC heap before
{Heap before GC invocations=11 (full 0):
 garbage-first heap   total 62464K, used 50668K [0x00000000c1e00000, 0x0000000100000000)
  region size 1024K, 22 young (22528K), 3 survivors (3072K)
 Metaspace       used 48691K, committed 48960K, reserved 1114112K
  class space    used 5810K, committed 5952K, reserved 1048576K
}
Event: 4.483 GC heap after
{Heap after GC invocations=12 (full 0):
 garbage-first heap   total 62464K, used 33970K [0x00000000c1e00000, 0x0000000100000000)
  region size 1024K, 2 young (2048K), 2 survivors (2048K)
 Metaspace       used 48691K, committed 48960K, reserved 1114112K
  class space    used 5810K, committed 5952K, reserved 1048576K
}
Event: 4.984 GC heap before
{Heap before GC invocations=13 (full 0):
 garbage-first heap   total 62464K, used 51378K [0x00000000c1e00000, 0x0000000100000000)
  region size 1024K, 20 young (20480K), 2 survivors (2048K)
 Metaspace       used 52335K, committed 52608K, reserved 1114112K
  class space    used 6142K, committed 6272K, reserved 1048576K
}
Event: 4.990 GC heap after
{Heap after GC invocations=14 (full 0):
 garbage-first heap   total 62464K, used 36673K [0x00000000c1e00000, 0x0000000100000000)
  region size 1024K, 3 young (3072K), 3 survivors (3072K)
 Metaspace       used 52335K, committed 52608K, reserved 1114112K
  class space    used 6142K, committed 6272K, reserved 1048576K
}
Event: 5.195 GC heap before
{Heap before GC invocations=14 (full 0):
 garbage-first heap   total 62464K, used 54081K [0x00000000c1e00000, 0x0000000100000000)
  region size 1024K, 20 young (20480K), 3 survivors (3072K)
 Metaspace       used 54878K, committed 55104K, reserved 1114112K
  class space    used 6416K, committed 6528K, reserved 1048576K
}
Event: 5.202 GC heap after
{Heap after GC invocations=15 (full 0):
 garbage-first heap   total 62464K, used 39462K [0x00000000c1e00000, 0x0000000100000000)
  region size 1024K, 3 young (3072K), 3 survivors (3072K)
 Metaspace       used 54878K, committed 55104K, reserved 1114112K
  class space    used 6416K, committed 6528K, reserved 1048576K
}
Event: 5.229 GC heap before
{Heap before GC invocations=15 (full 0):
 garbage-first heap   total 62464K, used 42534K [0x00000000c1e00000, 0x0000000100000000)
  region size 1024K, 7 young (7168K), 3 survivors (3072K)
 Metaspace       used 54935K, committed 55168K, reserved 1114112K
  class space    used 6416K, committed 6528K, reserved 1048576K
}
Event: 5.233 GC heap after
{Heap after GC invocations=16 (full 0):
 garbage-first heap   total 75776K, used 40752K [0x00000000c1e00000, 0x0000000100000000)
  region size 1024K, 2 young (2048K), 2 survivors (2048K)
 Metaspace       used 54935K, committed 55168K, reserved 1114112K
  class space    used 6416K, committed 6528K, reserved 1048576K
}
Event: 5.341 GC heap before
{Heap before GC invocations=17 (full 0):
 garbage-first heap   total 75776K, used 63280K [0x00000000c1e00000, 0x0000000100000000)
  region size 1024K, 23 young (23552K), 2 survivors (2048K)
 Metaspace       used 54999K, committed 55232K, reserved 1114112K
  class space    used 6416K, committed 6528K, reserved 1048576K
}
Event: 5.352 GC heap after
{Heap after GC invocations=18 (full 0):
 garbage-first heap   total 75776K, used 50176K [0x00000000c1e00000, 0x0000000100000000)
  region size 1024K, 3 young (3072K), 3 survivors (3072K)
 Metaspace       used 54999K, committed 55232K, reserved 1114112K
  class space    used 6416K, committed 6528K, reserved 1048576K
}
Event: 5.472 GC heap before
{Heap before GC invocations=18 (full 0):
 garbage-first heap   total 75776K, used 64512K [0x00000000c1e00000, 0x0000000100000000)
  region size 1024K, 17 young (17408K), 3 survivors (3072K)
 Metaspace       used 55937K, committed 56256K, reserved 1114112K
  class space    used 6498K, committed 6656K, reserved 1048576K
}
Event: 5.479 GC heap after
{Heap after GC invocations=19 (full 0):
 garbage-first heap   total 75776K, used 54227K [0x00000000c1e00000, 0x0000000100000000)
  region size 1024K, 3 young (3072K), 3 survivors (3072K)
 Metaspace       used 55937K, committed 56256K, reserved 1114112K
  class space    used 6498K, committed 6656K, reserved 1048576K
}
Event: 5.605 GC heap before
{Heap before GC invocations=19 (full 0):
 garbage-first heap   total 75776K, used 66515K [0x00000000c1e00000, 0x0000000100000000)
  region size 1024K, 15 young (15360K), 3 survivors (3072K)
 Metaspace       used 56699K, committed 57024K, reserved 1114112K
  class space    used 6579K, committed 6720K, reserved 1048576K
}
Event: 5.614 GC heap after
{Heap after GC invocations=20 (full 0):
 garbage-first heap   total 75776K, used 58830K [0x00000000c1e00000, 0x0000000100000000)
  region size 1024K, 2 young (2048K), 2 survivors (2048K)
 Metaspace       used 56699K, committed 57024K, reserved 1114112K
  class space    used 6579K, committed 6720K, reserved 1048576K
}
Event: 5.812 GC heap before
{Heap before GC invocations=21 (full 0):
 garbage-first heap   total 99328K, used 67022K [0x00000000c1e00000, 0x0000000100000000)
  region size 1024K, 10 young (10240K), 2 survivors (2048K)
 Metaspace       used 57253K, committed 57472K, reserved 1114112K
  class space    used 6628K, committed 6720K, reserved 1048576K
}
Event: 5.817 GC heap after
{Heap after GC invocations=22 (full 0):
 garbage-first heap   total 99328K, used 61440K [0x00000000c1e00000, 0x0000000100000000)
  region size 1024K, 2 young (2048K), 2 survivors (2048K)
 Metaspace       used 57253K, committed 57472K, reserved 1114112K
  class space    used 6628K, committed 6720K, reserved 1048576K
}
Event: 6.066 GC heap before
{Heap before GC invocations=22 (full 0):
 garbage-first heap   total 99328K, used 80896K [0x00000000c1e00000, 0x0000000100000000)
  region size 1024K, 22 young (22528K), 2 survivors (2048K)
 Metaspace       used 58493K, committed 58816K, reserved 1114112K
  class space    used 6722K, committed 6848K, reserved 1048576K
}
Event: 6.076 GC heap after
{Heap after GC invocations=23 (full 0):
 garbage-first heap   total 99328K, used 64512K [0x00000000c1e00000, 0x0000000100000000)
  region size 1024K, 3 young (3072K), 3 survivors (3072K)
 Metaspace       used 58493K, committed 58816K, reserved 1114112K
  class space    used 6722K, committed 6848K, reserved 1048576K
}
Event: 6.387 GC heap before
{Heap before GC invocations=23 (full 0):
 garbage-first heap   total 99328K, used 83968K [0x00000000c1e00000, 0x0000000100000000)
  region size 1024K, 22 young (22528K), 3 survivors (3072K)
 Metaspace       used 62266K, committed 62592K, reserved 1114112K
  class space    used 7147K, committed 7296K, reserved 1048576K
}

Dll operation events (3 events):
Event: 0.009 Loaded shared library C:\Program Files\Android\Android Studio\jbr\bin\java.dll
Event: 0.014 Loaded shared library C:\Program Files\Android\Android Studio\jbr\bin\zip.dll
Event: 3.062 Loaded shared library C:\Program Files\Android\Android Studio\jbr\bin\verify.dll

Deoptimization events (20 events):
Event: 5.742 Thread 0x000001c12adbb020 DEOPT PACKING pc=0x000001c1304dcc9a sp=0x00000004274fc300
Event: 5.742 Thread 0x000001c12adbb020 DEOPT UNPACKING pc=0x000001c1376f4e23 sp=0x00000004274fb7c0 mode 0
Event: 5.778 Thread 0x000001c12adbb020 DEOPT PACKING pc=0x000001c130867811 sp=0x00000004274fc160
Event: 5.778 Thread 0x000001c12adbb020 DEOPT UNPACKING pc=0x000001c1376f4e23 sp=0x00000004274fb6f0 mode 0
Event: 5.839 Thread 0x000001c12adbb020 DEOPT PACKING pc=0x000001c1304dcc9a sp=0x00000004274fc320
Event: 5.839 Thread 0x000001c12adbb020 DEOPT UNPACKING pc=0x000001c1376f4e23 sp=0x00000004274fb7e0 mode 0
Event: 5.862 Thread 0x000001c12adbb020 DEOPT PACKING pc=0x000001c1304dcc9a sp=0x00000004274fc3b0
Event: 5.862 Thread 0x000001c12adbb020 DEOPT UNPACKING pc=0x000001c1376f4e23 sp=0x00000004274fb870 mode 0
Event: 5.982 Thread 0x000001c12adbb020 DEOPT PACKING pc=0x000001c1307c0a48 sp=0x00000004274fbbb0
Event: 5.983 Thread 0x000001c12adbb020 DEOPT UNPACKING pc=0x000001c1376f4e23 sp=0x00000004274fb088 mode 0
Event: 6.045 Thread 0x000001c12adbb020 Uncommon trap: trap_request=0xffffff45 fr.pc=0x000001c137d90bd0 relative=0x0000000000000110
Event: 6.045 Thread 0x000001c12adbb020 Uncommon trap: reason=unstable_if action=reinterpret pc=0x000001c137d90bd0 method=java.text.StringCharacterIterator.current()C @ 19 c2
Event: 6.045 Thread 0x000001c12adbb020 DEOPT PACKING pc=0x000001c137d90bd0 sp=0x00000004274fbda0
Event: 6.045 Thread 0x000001c12adbb020 DEOPT UNPACKING pc=0x000001c1376f469c sp=0x00000004274fbd38 mode 2
Event: 6.063 Thread 0x000001c12adbb020 DEOPT PACKING pc=0x000001c13051047d sp=0x00000004274fb1d0
Event: 6.063 Thread 0x000001c12adbb020 DEOPT UNPACKING pc=0x000001c1376f4e23 sp=0x00000004274fa660 mode 0
Event: 6.207 Thread 0x000001c12adbb020 Uncommon trap: trap_request=0xffffff45 fr.pc=0x000001c137c8b148 relative=0x00000000000006e8
Event: 6.207 Thread 0x000001c12adbb020 Uncommon trap: reason=unstable_if action=reinterpret pc=0x000001c137c8b148 method=java.util.ArrayList.grow(I)[Ljava/lang/Object; @ 17 c2
Event: 6.207 Thread 0x000001c12adbb020 DEOPT PACKING pc=0x000001c137c8b148 sp=0x00000004274fe290
Event: 6.207 Thread 0x000001c12adbb020 DEOPT UNPACKING pc=0x000001c1376f469c sp=0x00000004274fe128 mode 2

Classes loaded (20 events):
Event: 5.065 Loading class java/security/AccessControlException
Event: 5.065 Loading class java/security/AccessControlException done
Event: 5.071 Loading class java/lang/Override
Event: 5.071 Loading class java/lang/Override done
Event: 5.133 Loading class java/util/concurrent/atomic/AtomicIntegerArray
Event: 5.134 Loading class java/util/concurrent/atomic/AtomicIntegerArray done
Event: 5.134 Loading class java/util/concurrent/atomic/AtomicLongArray
Event: 5.134 Loading class java/util/concurrent/atomic/AtomicLongArray done
Event: 5.402 Loading class java/text/StringCharacterIterator
Event: 5.402 Loading class java/text/CharacterIterator
Event: 5.402 Loading class java/text/CharacterIterator done
Event: 5.402 Loading class java/text/StringCharacterIterator done
Event: 5.918 Loading class java/util/AbstractList$ListItr
Event: 5.918 Loading class java/util/AbstractList$ListItr done
Event: 5.971 Loading class java/util/RegularEnumSet$EnumSetIterator
Event: 5.971 Loading class java/util/RegularEnumSet$EnumSetIterator done
Event: 6.291 Loading class java/util/AbstractList$RandomAccessSubList
Event: 6.291 Loading class java/util/AbstractList$SubList
Event: 6.291 Loading class java/util/AbstractList$SubList done
Event: 6.291 Loading class java/util/AbstractList$RandomAccessSubList done

Classes unloaded (0 events):
No events

Classes redefined (0 events):
No events

Internal exceptions (20 events):
Event: 3.605 Thread 0x000001c12adbb020 Exception <a 'java/lang/NoSuchMethodError'{0x00000000c55d6250}: 'java.lang.Object java.lang.invoke.DirectMethodHandle$Holder.newInvokeSpecial(java.lang.Object, java.lang.Object, java.lang.Object, java.lang.Object, java.lang.Object, java.lang.Object, java.lang.Object)'> (0x00000000c55d6250) 
thrown [s\src\hotspot\share\interpreter\linkResolver.cpp, line 784]
Event: 3.606 Thread 0x000001c12adbb020 Exception <a 'java/lang/NoSuchMethodError'{0x00000000c55e11c8}: 'java.lang.Object java.lang.invoke.DirectMethodHandle$Holder.newInvokeSpecial(java.lang.Object, java.lang.Object, java.lang.Object, java.lang.Object, java.lang.Object, java.lang.Object, java.lang.Object, java.lang.Object)'> (0x00000000c55e11c8) 
thrown [s\src\hotspot\share\interpreter\linkResolver.cpp, line 784]
Event: 3.608 Thread 0x000001c12adbb020 Exception <a 'java/lang/NoSuchMethodError'{0x00000000c55f3e88}: 'java.lang.Object java.lang.invoke.DirectMethodHandle$Holder.newInvokeSpecial(java.lang.Object, java.lang.Object, java.lang.Object, java.lang.Object, java.lang.Object, java.lang.Object, java.lang.Object, java.lang.Object, java.lang.Object)'> (0x00000000c55f3e88) 
thrown [s\src\hotspot\share\interpreter\linkResolver.cpp, line 784]
Event: 3.972 Thread 0x000001c12adbb020 Exception <a 'java/lang/NoSuchMethodError'{0x00000000c4d79e28}: 'java.lang.Object java.lang.invoke.DirectMethodHandle$Holder.newInvokeSpecial(java.lang.Object, java.lang.Object, int, int)'> (0x00000000c4d79e28) 
thrown [s\src\hotspot\share\interpreter\linkResolver.cpp, line 784]
Event: 3.972 Thread 0x000001c12adbb020 Exception <a 'java/lang/NoSuchMethodError'{0x00000000c4d7de78}: 'java.lang.Object java.lang.invoke.DirectMethodHandle$Holder.invokeSpecial(java.lang.Object, java.lang.Object, java.lang.Object, int, int)'> (0x00000000c4d7de78) 
thrown [s\src\hotspot\share\interpreter\linkResolver.cpp, line 784]
Event: 4.485 Thread 0x000001c142a113e0 Implicit null exception at 0x000001c137d40812 to 0x000001c137d4100c
Event: 4.541 Thread 0x000001c12adbb020 Implicit null exception at 0x000001c137d63360 to 0x000001c137d63470
Event: 4.602 Thread 0x000001c12adbb020 Exception <a 'java/lang/NoSuchMethodError'{0x00000000c53ef230}: 'java.lang.Object java.lang.invoke.DirectMethodHandle$Holder.newInvokeSpecial(java.lang.Object, java.lang.Object, java.lang.Object, int)'> (0x00000000c53ef230) 
thrown [s\src\hotspot\share\interpreter\linkResolver.cpp, line 784]
Event: 4.603 Thread 0x000001c12adbb020 Exception <a 'java/lang/NoSuchMethodError'{0x00000000c53f3430}: 'java.lang.Object java.lang.invoke.DirectMethodHandle$Holder.invokeSpecial(java.lang.Object, java.lang.Object, java.lang.Object, java.lang.Object, int)'> (0x00000000c53f3430) 
thrown [s\src\hotspot\share\interpreter\linkResolver.cpp, line 784]
Event: 4.603 Thread 0x000001c12adbb020 Exception <a 'java/lang/NoSuchMethodError'{0x00000000c53f68d8}: 'java.lang.Object java.lang.invoke.Invokers$Holder.linkToTargetMethod(java.lang.Object, java.lang.Object, int, java.lang.Object)'> (0x00000000c53f68d8) 
thrown [s\src\hotspot\share\interpreter\linkResolver.cpp, line 784]
Event: 5.121 Thread 0x000001c12adbb020 Exception <a 'java/lang/NoSuchMethodError'{0x00000000c4af4790}: 'java.lang.Object java.lang.invoke.DirectMethodHandle$Holder.newInvokeSpecial(java.lang.Object, java.lang.Object, java.lang.Object, int, java.lang.Object)'> (0x00000000c4af4790) 
thrown [s\src\hotspot\share\interpreter\linkResolver.cpp, line 784]
Event: 5.129 Thread 0x000001c12adbb020 Exception <a 'java/lang/NoSuchMethodError'{0x00000000c498aae0}: 'java.lang.Object java.lang.invoke.DirectMethodHandle$Holder.newInvokeSpecial(java.lang.Object, java.lang.Object, java.lang.Object, java.lang.Object, int)'> (0x00000000c498aae0) 
thrown [s\src\hotspot\share\interpreter\linkResolver.cpp, line 784]
Event: 5.129 Thread 0x000001c12adbb020 Exception <a 'java/lang/NoSuchMethodError'{0x00000000c498f1d8}: 'java.lang.Object java.lang.invoke.DirectMethodHandle$Holder.invokeSpecial(java.lang.Object, java.lang.Object, java.lang.Object, java.lang.Object, java.lang.Object, int)'> (0x00000000c498f1d8) 
thrown [s\src\hotspot\share\interpreter\linkResolver.cpp, line 784]
Event: 5.130 Thread 0x000001c12adbb020 Exception <a 'java/lang/NoSuchMethodError'{0x00000000c49931c8}: 'java.lang.Object java.lang.invoke.Invokers$Holder.linkToTargetMethod(java.lang.Object, java.lang.Object, java.lang.Object, int, java.lang.Object)'> (0x00000000c49931c8) 
thrown [s\src\hotspot\share\interpreter\linkResolver.cpp, line 784]
Event: 5.421 Thread 0x000001c12adbb020 Exception <a 'java/lang/NoSuchMethodError'{0x00000000c5a3aed0}: 'java.lang.Object java.lang.invoke.DirectMethodHandle$Holder.newInvokeSpecial(java.lang.Object, java.lang.Object, java.lang.Object, java.lang.Object, java.lang.Object, java.lang.Object)'> (0x00000000c5a3aed0) 
thrown [s\src\hotspot\share\interpreter\linkResolver.cpp, line 784]
Event: 5.433 Thread 0x000001c12adbb020 Implicit null exception at 0x000001c137cbf720 to 0x000001c137cbf97c
Event: 6.225 Thread 0x000001c12adbb020 Exception <a 'java/lang/NoSuchMethodError'{0x00000000c71c5f28}: 'java.lang.Object java.lang.invoke.DirectMethodHandle$Holder.newInvokeSpecial(java.lang.Object, java.lang.Object, java.lang.Object, java.lang.Object, int, java.lang.Object, java.lang.Object)'> (0x00000000c71c5f28) 
thrown [s\src\hotspot\share\interpreter\linkResolver.cpp, line 784]
Event: 6.225 Thread 0x000001c12adbb020 Exception <a 'java/lang/NoSuchMethodError'{0x00000000c71ce108}: 'java.lang.Object java.lang.invoke.Invokers$Holder.linkToTargetMethod(java.lang.Object, java.lang.Object, java.lang.Object, int, java.lang.Object, java.lang.Object, java.lang.Object)'> (0x00000000c71ce108) 
thrown [s\src\hotspot\share\interpreter\linkResolver.cpp, line 784]
Event: 6.273 Thread 0x000001c12adbb020 Exception <a 'java/lang/NoSuchMethodError'{0x00000000c6d61e18}: 'java.lang.Object java.lang.invoke.DirectMethodHandle$Holder.invokeSpecial(java.lang.Object, java.lang.Object, int, java.lang.Object, java.lang.Object)'> (0x00000000c6d61e18) 
thrown [s\src\hotspot\share\interpreter\linkResolver.cpp, line 784]
Event: 6.343 Thread 0x000001c12adbb020 Exception <a 'java/lang/NoSuchMethodError'{0x00000000c68198c8}: 'java.lang.Object java.lang.invoke.DirectMethodHandle$Holder.newInvokeSpecial(java.lang.Object, int, java.lang.Object)'> (0x00000000c68198c8) 
thrown [s\src\hotspot\share\interpreter\linkResolver.cpp, line 784]

ZGC Phase Switch (0 events):
No events

VM Operations (20 events):
Event: 5.614 Executing VM operation: G1CollectForAllocation (G1 Evacuation Pause) done
Event: 5.709 Executing VM operation: G1PauseRemark
Event: 5.713 Executing VM operation: G1PauseRemark done
Event: 5.757 Executing VM operation: G1PauseCleanup
Event: 5.757 Executing VM operation: G1PauseCleanup done
Event: 5.812 Executing VM operation: G1CollectForAllocation (G1 Evacuation Pause)
Event: 5.817 Executing VM operation: G1CollectForAllocation (G1 Evacuation Pause) done
Event: 5.919 Executing VM operation: HandshakeAllThreads (Deoptimize)
Event: 5.919 Executing VM operation: HandshakeAllThreads (Deoptimize) done
Event: 5.957 Executing VM operation: ICBufferFull
Event: 5.957 Executing VM operation: ICBufferFull done
Event: 6.032 Executing VM operation: HandshakeAllThreads (Deoptimize)
Event: 6.032 Executing VM operation: HandshakeAllThreads (Deoptimize) done
Event: 6.066 Executing VM operation: G1CollectForAllocation (G1 Evacuation Pause)
Event: 6.076 Executing VM operation: G1CollectForAllocation (G1 Evacuation Pause) done
Event: 6.313 Executing VM operation: HandshakeAllThreads (Deoptimize)
Event: 6.314 Executing VM operation: HandshakeAllThreads (Deoptimize) done
Event: 6.344 Executing VM operation: ICBufferFull
Event: 6.344 Executing VM operation: ICBufferFull done
Event: 6.387 Executing VM operation: G1CollectForAllocation (G1 Evacuation Pause)

Memory protections (0 events):
No events

Nmethod flushes (20 events):
Event: 5.713 Thread 0x000001c1429c1c10 flushing  nmethod 0x000001c1305c2690
Event: 5.713 Thread 0x000001c1429c1c10 flushing  nmethod 0x000001c1305c2d10
Event: 5.713 Thread 0x000001c1429c1c10 flushing  nmethod 0x000001c1305c4410
Event: 5.713 Thread 0x000001c1429c1c10 flushing  nmethod 0x000001c1305c4890
Event: 5.713 Thread 0x000001c1429c1c10 flushing  nmethod 0x000001c1305c4d10
Event: 5.713 Thread 0x000001c1429c1c10 flushing  nmethod 0x000001c1305cd410
Event: 5.713 Thread 0x000001c1429c1c10 flushing  nmethod 0x000001c1305ce010
Event: 5.713 Thread 0x000001c1429c1c10 flushing  nmethod 0x000001c1305cea10
Event: 5.713 Thread 0x000001c1429c1c10 flushing  nmethod 0x000001c1305ced90
Event: 5.713 Thread 0x000001c1429c1c10 flushing  nmethod 0x000001c1305cfa90
Event: 5.713 Thread 0x000001c1429c1c10 flushing  nmethod 0x000001c1305d0510
Event: 5.713 Thread 0x000001c1429c1c10 flushing  nmethod 0x000001c1305e0110
Event: 5.713 Thread 0x000001c1429c1c10 flushing  nmethod 0x000001c1305e0d10
Event: 5.713 Thread 0x000001c1429c1c10 flushing  nmethod 0x000001c1305e2290
Event: 5.713 Thread 0x000001c1429c1c10 flushing  nmethod 0x000001c1305e3510
Event: 5.713 Thread 0x000001c1429c1c10 flushing  nmethod 0x000001c1305e3c90
Event: 5.713 Thread 0x000001c1429c1c10 flushing  nmethod 0x000001c1305e6a10
Event: 5.713 Thread 0x000001c1429c1c10 flushing  nmethod 0x000001c130698290
Event: 5.713 Thread 0x000001c1429c1c10 flushing  nmethod 0x000001c130747210
Event: 5.713 Thread 0x000001c1429c1c10 flushing  nmethod 0x000001c130767710

Events (19 events):
Event: 0.013 Thread 0x000001c12adbb020 Thread added: 0x000001c12adbb020
Event: 0.081 Thread 0x000001c12adbb020 Thread added: 0x000001c142a113e0
Event: 0.098 Thread 0x000001c12adbb020 Thread added: 0x000001c142a1d770
Event: 0.098 Thread 0x000001c12adbb020 Thread added: 0x000001c142a1f1e0
Event: 0.100 Thread 0x000001c12adbb020 Thread added: 0x000001c142a20c50
Event: 0.100 Thread 0x000001c12adbb020 Thread added: 0x000001c142a216b0
Event: 0.100 Thread 0x000001c12adbb020 Thread added: 0x000001c142a22110
Event: 0.100 Thread 0x000001c12adbb020 Thread added: 0x000001c142a22b70
Event: 0.100 Thread 0x000001c12adbb020 Thread added: 0x000001c142a35a40
Event: 0.105 Thread 0x000001c12adbb020 Thread added: 0x000001c142a3df80
Event: 0.184 Thread 0x000001c12adbb020 Thread added: 0x000001c142cf9c90
Event: 0.205 Loaded shared library C:\Program Files\Android\Android Studio\jbr\bin\net.dll
Event: 0.208 Loaded shared library C:\Program Files\Android\Android Studio\jbr\bin\nio.dll
Event: 0.281 Thread 0x000001c142a35a40 Thread added: 0x000001c142d73270
Event: 0.290 Loaded shared library C:\Program Files\Android\Android Studio\jbr\bin\zip.dll
Event: 0.360 Loaded shared library C:\Program Files\Android\Android Studio\jbr\bin\jimage.dll
Event: 0.965 Thread 0x000001c142d73270 Thread exited: 0x000001c142d73270
Event: 1.832 Loaded shared library C:\Program Files\Android\Android Studio\jbr\bin\management.dll
Event: 1.844 Loaded shared library C:\Program Files\Android\Android Studio\jbr\bin\management_ext.dll


Dynamic libraries:
0x00007ff758610000 - 0x00007ff75861a000 	C:\Program Files\Android\Android Studio\jbr\bin\java.exe
0x00007ffd80670000 - 0x00007ffd80865000 	C:\WINDOWS\SYSTEM32\ntdll.dll
0x00007ffd7eee0000 - 0x00007ffd7ef9e000 	C:\WINDOWS\System32\KERNEL32.DLL
0x00007ffd7e310000 - 0x00007ffd7e5d8000 	C:\WINDOWS\System32\KERNELBASE.dll
0x00007ffd7e0c0000 - 0x00007ffd7e1c0000 	C:\WINDOWS\System32\ucrtbase.dll
0x00007ffd6d570000 - 0x00007ffd6d58b000 	C:\Program Files\Android\Android Studio\jbr\bin\VCRUNTIME140.dll
0x00007ffd79910000 - 0x00007ffd79928000 	C:\Program Files\Android\Android Studio\jbr\bin\jli.dll
0x00007ffd7f090000 - 0x00007ffd7f230000 	C:\WINDOWS\System32\USER32.dll
0x00007ffd7def0000 - 0x00007ffd7df12000 	C:\WINDOWS\System32\win32u.dll
0x00007ffd6c870000 - 0x00007ffd6cb0a000 	C:\WINDOWS\WinSxS\amd64_microsoft.windows.common-controls_6595b64144ccf1df_6.0.19041.1110_none_60b5254171f9507e\COMCTL32.dll
0x00007ffd80070000 - 0x00007ffd8009a000 	C:\WINDOWS\System32\GDI32.dll
0x00007ffd7e940000 - 0x00007ffd7e9de000 	C:\WINDOWS\System32\msvcrt.dll
0x00007ffd7df20000 - 0x00007ffd7e02b000 	C:\WINDOWS\System32\gdi32full.dll
0x00007ffd7e630000 - 0x00007ffd7e6cd000 	C:\WINDOWS\System32\msvcp_win.dll
0x00007ffd80250000 - 0x00007ffd80280000 	C:\WINDOWS\System32\IMM32.DLL
0x00007ffd75ac0000 - 0x00007ffd75acc000 	C:\Program Files\Android\Android Studio\jbr\bin\vcruntime140_1.dll
0x00007ffd69760000 - 0x00007ffd697ed000 	C:\Program Files\Android\Android Studio\jbr\bin\msvcp140.dll
0x00007ffd44500000 - 0x00007ffd4518e000 	C:\Program Files\Android\Android Studio\jbr\bin\server\jvm.dll
0x00007ffd80520000 - 0x00007ffd805ce000 	C:\WINDOWS\System32\ADVAPI32.dll
0x00007ffd803d0000 - 0x00007ffd8046c000 	C:\WINDOWS\System32\sechost.dll
0x00007ffd802a0000 - 0x00007ffd803c5000 	C:\WINDOWS\System32\RPCRT4.dll
0x00007ffd7fff0000 - 0x00007ffd8005b000 	C:\WINDOWS\System32\WS2_32.dll
0x00007ffd6c7b0000 - 0x00007ffd6c7d7000 	C:\WINDOWS\SYSTEM32\WINMM.dll
0x00007ffd78310000 - 0x00007ffd7831a000 	C:\WINDOWS\SYSTEM32\VERSION.dll
0x00007ffd7dc00000 - 0x00007ffd7dc4b000 	C:\WINDOWS\SYSTEM32\POWRPROF.dll
0x00007ffd7dbe0000 - 0x00007ffd7dbf2000 	C:\WINDOWS\SYSTEM32\UMPDC.dll
0x00007ffd7bcd0000 - 0x00007ffd7bce2000 	C:\WINDOWS\SYSTEM32\kernel.appcore.dll
0x00007ffd6d560000 - 0x00007ffd6d56a000 	C:\Program Files\Android\Android Studio\jbr\bin\jimage.dll
0x00007ffd69820000 - 0x00007ffd69a04000 	C:\WINDOWS\SYSTEM32\DBGHELP.DLL
0x00007ffd697f0000 - 0x00007ffd6981c000 	C:\WINDOWS\SYSTEM32\dbgcore.DLL
0x00007ffd7e030000 - 0x00007ffd7e0b2000 	C:\WINDOWS\System32\bcryptPrimitives.dll
0x00007ffd6c3e0000 - 0x00007ffd6c400000 	C:\Program Files\Android\Android Studio\jbr\bin\java.dll
0x00007ffd694c0000 - 0x00007ffd694d8000 	C:\Program Files\Android\Android Studio\jbr\bin\zip.dll
0x00007ffd7f230000 - 0x00007ffd7f974000 	C:\WINDOWS\System32\SHELL32.dll
0x00007ffd7bed0000 - 0x00007ffd7c664000 	C:\WINDOWS\SYSTEM32\windows.storage.dll
0x00007ffd7eb80000 - 0x00007ffd7eed4000 	C:\WINDOWS\System32\combase.dll
0x00007ffd7d730000 - 0x00007ffd7d75c000 	C:\WINDOWS\SYSTEM32\Wldp.dll
0x00007ffd80470000 - 0x00007ffd8051d000 	C:\WINDOWS\System32\SHCORE.dll
0x00007ffd7fee0000 - 0x00007ffd7ff35000 	C:\WINDOWS\System32\shlwapi.dll
0x00007ffd7dcd0000 - 0x00007ffd7dcef000 	C:\WINDOWS\SYSTEM32\profapi.dll
0x00007ffd6c2a0000 - 0x00007ffd6c2b0000 	C:\Program Files\Android\Android Studio\jbr\bin\net.dll
0x00007ffd73160000 - 0x00007ffd7326a000 	C:\WINDOWS\SYSTEM32\WINHTTP.dll
0x00007ffd7d490000 - 0x00007ffd7d4fa000 	C:\WINDOWS\system32\mswsock.dll
0x00007ffd694a0000 - 0x00007ffd694b6000 	C:\Program Files\Android\Android Studio\jbr\bin\nio.dll
0x00007ffd79960000 - 0x00007ffd79969000 	C:\Program Files\Android\Android Studio\jbr\bin\management.dll
0x00007ffd6d4d0000 - 0x00007ffd6d4db000 	C:\Program Files\Android\Android Studio\jbr\bin\management_ext.dll
0x00007ffd7e6d0000 - 0x00007ffd7e6d8000 	C:\WINDOWS\System32\PSAPI.DLL
0x00007ffd69650000 - 0x00007ffd69660000 	C:\Program Files\Android\Android Studio\jbr\bin\verify.dll

dbghelp: loaded successfully - version: 4.0.5 - missing functions: none
symbol engine: initialized successfully - sym options: 0x614 - pdb path: .;C:\Program Files\Android\Android Studio\jbr\bin;C:\WINDOWS\SYSTEM32;C:\WINDOWS\WinSxS\amd64_microsoft.windows.common-controls_6595b64144ccf1df_6.0.19041.1110_none_60b5254171f9507e;C:\Program Files\Android\Android Studio\jbr\bin\server

VM Arguments:
java_command: org.jetbrains.kotlin.cli.jvm.K2JVMCompiler @C:\Users\Nguyen Tung\StudioProjects\BayTro\app\build\20250928_9991574438203211689.compiler.options
java_class_path (initial): C:\Users\Nguyen Tung\.gradle\caches\modules-2\files-2.1\org.jetbrains.kotlin\kotlin-compiler-embeddable\2.2.20\bb8331b7585e36ea311825b01a1c06860c055fd1\kotlin-compiler-embeddable-2.2.20.jar;C:\Users\Nguyen Tung\.gradle\caches\modules-2\files-2.1\org.jetbrains.kotlin\kotlin-stdlib\2.2.20\5380b19fa1924399b62ce3a1faffebb2b4f82272\kotlin-stdlib-2.2.20.jar;C:\Users\Nguyen Tung\.gradle\caches\modules-2\files-2.1\org.jetbrains.kotlin\kotlin-script-runtime\2.2.20\4c679cbeac0bb583b75c3a080013da8eaf240807\kotlin-script-runtime-2.2.20.jar;C:\Users\Nguyen Tung\.gradle\caches\modules-2\files-2.1\org.jetbrains.kotlin\kotlin-reflect\1.6.10\1cbe9c92c12a94eea200d23c2bbaedaf3daf5132\kotlin-reflect-1.6.10.jar;C:\Users\Nguyen Tung\.gradle\caches\modules-2\files-2.1\org.jetbrains.kotlin\kotlin-daemon-embeddable\2.2.20\feff12d48d7f1eb628742b0a721395e16f8755bf\kotlin-daemon-embeddable-2.2.20.jar;C:\Users\Nguyen Tung\.gradle\caches\modules-2\files-2.1\org.jetbrains.kotlinx\kotlinx-coroutines-core-jvm\1.8.0\ac1dc37a30a93150b704022f8d895ee1bd3a36b3\kotlinx-coroutines-core-jvm-1.8.0.jar;C:\Users\Nguyen Tung\.gradle\caches\modules-2\files-2.1\org.jetbrains\annotations\13.0\919f0dfe192fb4e063e7dacadee7f8bb9a2672a9\annotations-13.0.jar
Launcher Type: SUN_STANDARD

[Global flags]
     intx CICompilerCount                          = 3                                         {product} {ergonomic}
     uint ConcGCThreads                            = 1                                         {product} {ergonomic}
     uint G1ConcRefinementThreads                  = 4                                         {product} {ergonomic}
   size_t G1HeapRegionSize                         = 1048576                                   {product} {ergonomic}
    uintx GCDrainStackTargetSize                   = 64                                        {product} {ergonomic}
   size_t InitialHeapSize                          = 67108864                                  {product} {ergonomic}
   size_t MarkStackSize                            = 4194304                                   {product} {ergonomic}
   size_t MaxHeapSize                              = 1042284544                                {product} {ergonomic}
   size_t MaxNewSize                               = 624951296                                 {product} {ergonomic}
   size_t MinHeapDeltaBytes                        = 1048576                                   {product} {ergonomic}
   size_t MinHeapSize                              = 8388608                                   {product} {ergonomic}
    uintx NonNMethodCodeHeapSize                   = 5832780                                {pd product} {ergonomic}
    uintx NonProfiledCodeHeapSize                  = 122912730                              {pd product} {ergonomic}
    uintx ProfiledCodeHeapSize                     = 122912730                              {pd product} {ergonomic}
    uintx ReservedCodeCacheSize                    = 251658240                              {pd product} {ergonomic}
     bool SegmentedCodeCache                       = true                                      {product} {ergonomic}
   size_t SoftMaxHeapSize                          = 1042284544                             {manageable} {ergonomic}
     bool UseCompressedOops                        = true                           {product lp64_product} {ergonomic}
     bool UseG1GC                                  = true                                      {product} {ergonomic}
     bool UseLargePagesIndividualAllocation        = false                                  {pd product} {ergonomic}

Logging:
Log output configuration:
 #0: stdout all=warning uptime,level,tags foldmultilines=false
 #1: stderr all=off uptime,level,tags foldmultilines=false

Environment Variables:
PATH=C:\Program Files\Common Files\Oracle\Java\javapath;C:\WINDOWS\system32;C:\WINDOWS;C:\WINDOWS\System32\Wbem;C:\WINDOWS\System32\WindowsPowerShell\v1.0\;C:\WINDOWS\System32\OpenSSH\;C:\Program Files\Git\cmd;C:\Users\Nguyen Tung\AppData\Local\Microsoft\WindowsApps;
USERNAME=Nguyen Tung
OS=Windows_NT
PROCESSOR_IDENTIFIER=Intel64 Family 6 Model 158 Stepping 10, GenuineIntel
TMP=C:\Users\NGUYEN~1\AppData\Local\Temp
TEMP=C:\Users\NGUYEN~1\AppData\Local\Temp




Periodic native trim disabled

JNI global refs:
JNI global refs: 10, weak refs: 13

JNI global refs memory usage: 835, weak refs: 833

Process memory usage:
Resident Set Size: 274120K (6% of 4063584K total physical memory with 276432K free physical memory)

OOME stack traces (most recent first):
Classloader memory used:
Loader jdk.internal.loader.ClassLoaders$AppClassLoader                                 : 50337K
Loader bootstrap                                                                       : 11229K
Loader java.net.URLClassLoader                                                         : 699K

---------------  S Y S T E M  ---------------

OS:
 Windows 10 , 64 bit Build 19041 (10.0.19041.1645)
OS uptime: 0 days 2:56 hours

CPU: total 4 (initial active 4) (2 cores per cpu, 2 threads per core) family 6 model 158 stepping 10 microcode 0xb4, cx8, cmov, fxsr, ht, mmx, 3dnowpref, sse, sse2, sse3, ssse3, sse4.1, sse4.2, popcnt, lzcnt, tsc, tscinvbit, aes, erms, clmul, clflush, clflushopt, rdtscp
Processor Information for the first 4 processors :
  Max Mhz: 3696, Current Mhz: 3696, Mhz Limit: 3696

Memory: 4k page, system-wide physical 3968M (259M free)
TotalPageFile size 6276M (AvailPageFile size 44M)
current process WorkingSet (physical memory assigned to process): 270M, peak: 270M
current process commit charge ("private bytes"): 294M, peak: 418M

vm_info: OpenJDK 64-Bit Server VM (21.0.7+-13880790-b1038.58) for windows-amd64 JRE (21.0.7+-13880790-b1038.58), built on 2025-08-04T20:56:21Z by "builder" with MS VC++ 16.10 / 16.11 (VS2019)

END.
