#
# There is insufficient memory for the Java Runtime Environment to continue.
# Native memory allocation (malloc) failed to allocate 1059360 bytes. Error detail: Chunk::new
# Possible reasons:
#   The system is out of physical RAM or swap space
#   This process is running with CompressedOops enabled, and the Java Heap may be blocking the growth of the native heap
# Possible solutions:
#   Reduce memory load on the system
#   Increase physical memory or swap space
#   Check if swap backing store is full
#   Decrease Java heap size (-Xmx/-Xms)
#   Decrease number of Java threads
#   Decrease Java thread stack sizes (-Xss)
#   Set larger code cache with -XX:ReservedCodeCacheSize=
#   JVM is running with Unscaled Compressed Oops mode in which the Java heap is
#     placed in the first 4GB address space. The Java Heap base address is the
#     maximum limit for the native heap growth. Please use -XX:HeapBaseMinAddress
#     to set the Java Heap base and to place the Java Heap above 4GB virtual address.
# This output file may be truncated or incomplete.
#
#  Out of Memory Error (arena.cpp:168), pid=6520, tid=9440
#
# JRE version: OpenJDK Runtime Environment (21.0.7) (build 21.0.7+-13880790-b1038.58)
# Java VM: OpenJDK 64-Bit Server VM (21.0.7+-13880790-b1038.58, mixed mode, tiered, compressed oops, compressed class ptrs, g1 gc, windows-amd64)
# No core dump will be written. Minidumps are not enabled by default on client versions of Windows
#

---------------  S U M M A R Y ------------

Command Line: --add-opens=java.base/java.lang=ALL-UNNAMED --add-opens=java.base/java.lang.invoke=ALL-UNNAMED --add-opens=java.base/java.util=ALL-UNNAMED --add-opens=java.prefs/java.util.prefs=ALL-UNNAMED --add-exports=jdk.compiler/com.sun.tools.javac.api=ALL-UNNAMED --add-exports=jdk.compiler/com.sun.tools.javac.util=ALL-UNNAMED --add-opens=java.base/java.util=ALL-UNNAMED --add-opens=java.prefs/java.util.prefs=ALL-UNNAMED --add-opens=java.base/java.nio.charset=ALL-UNNAMED --add-opens=java.base/java.net=ALL-UNNAMED --add-opens=java.base/java.util.concurrent.atomic=ALL-UNNAMED --add-opens=java.xml/javax.xml.namespace=ALL-UNNAMED -Xmx2048m -Dfile.encoding=UTF-8 -Duser.country=US -Duser.language=en -Duser.variant -javaagent:C:\Users\Nguyen Tung\.gradle\wrapper\dists\gradle-8.13-bin\5xuhj0ry160q40clulazy9h7d\gradle-8.13\lib\agents\gradle-instrumentation-agent-8.13.jar org.gradle.launcher.daemon.bootstrap.GradleDaemon 8.13

Host: Intel(R) Pentium(R) Gold G5400 CPU @ 3.70GHz, 4 cores, 3G,  Windows 10 , 64 bit Build 19041 (10.0.19041.1645)
Time: Sun Sep 28 21:08:25 2025 SE Asia Standard Time elapsed time: 7.737342 seconds (0d 0h 0m 7s)

---------------  T H R E A D  ---------------

Current thread (0x0000020abd228790):  JavaThread "C2 CompilerThread0" daemon [_thread_in_native, id=9440, stack(0x000000cef1000000,0x000000cef1100000) (1024K)]


Current CompileTask:
C2:7737 5211   !   4       java.net.URL::<init> (543 bytes)

Stack: [0x000000cef1000000,0x000000cef1100000]
Native frames: (J=compiled Java code, j=interpreted, Vv=VM code, C=native code)
V  [jvm.dll+0x6d25c9]
V  [jvm.dll+0x860923]
V  [jvm.dll+0x862e7e]
V  [jvm.dll+0x863563]
V  [jvm.dll+0x27f156]
V  [jvm.dll+0xc002d]
V  [jvm.dll+0xc0563]
V  [jvm.dll+0x3b6d3b]
V  [jvm.dll+0x382c27]
V  [jvm.dll+0x38209a]
V  [jvm.dll+0x247e72]
V  [jvm.dll+0x247441]
V  [jvm.dll+0x1c5fb4]
V  [jvm.dll+0x256bac]
V  [jvm.dll+0x2550f6]
V  [jvm.dll+0x3f1d16]
V  [jvm.dll+0x808d08]
V  [jvm.dll+0x6d0e1d]
C  [ucrtbase.dll+0x21bb2]
C  [KERNEL32.DLL+0x17034]
C  [ntdll.dll+0x52651]


---------------  P R O C E S S  ---------------

Threads class SMR info:
_java_thread_list=0x0000020ac4f75ca0, length=45, elements={
0x0000020aa408fa00, 0x0000020abd0e76d0, 0x0000020abd0ea520, 0x0000020abd0eae50,
0x0000020abd0ec8c0, 0x0000020abd0ed320, 0x0000020abd0edd80, 0x0000020abd0ee7e0,
0x0000020abd228790, 0x0000020abd2a7870, 0x0000020abd57e920, 0x0000020ac2dbe740,
0x0000020ac2e9a820, 0x0000020ac2e90a30, 0x0000020ac31e9f90, 0x0000020ac31e5bf0,
0x0000020ac3013860, 0x0000020ac3106d80, 0x0000020ac3106060, 0x0000020ac31066f0,
0x0000020ac3107410, 0x0000020ac3107aa0, 0x0000020ac3108130, 0x0000020ac31087c0,
0x0000020ac31094e0, 0x0000020ac345aab0, 0x0000020ac34589e0, 0x0000020ac3456fa0,
0x0000020ac3453b20, 0x0000020ac3459700, 0x0000020ac3456280, 0x0000020ac3454ed0,
0x0000020ac3457630, 0x0000020ac3456910, 0x0000020ac3455bf0, 0x0000020ac3458350,
0x0000020ac3459d90, 0x0000020ac345b140, 0x0000020ac3457cc0, 0x0000020ac3459070,
0x0000020ac3455560, 0x0000020ac59ec640, 0x0000020ac59f0150, 0x0000020ac59f07e0,
0x0000020ac59eccd0
}

Java Threads: ( => current thread )
  0x0000020aa408fa00 JavaThread "main"                              [_thread_blocked, id=2292, stack(0x000000cef0100000,0x000000cef0200000) (1024K)]
  0x0000020abd0e76d0 JavaThread "Common-Cleaner"             daemon [_thread_blocked, id=4404, stack(0x000000cef0900000,0x000000cef0a00000) (1024K)]
  0x0000020abd0ea520 JavaThread "Reference Handler"          daemon [_thread_blocked, id=9292, stack(0x000000cef0a00000,0x000000cef0b00000) (1024K)]
  0x0000020abd0eae50 JavaThread "Finalizer"                  daemon [_thread_blocked, id=7336, stack(0x000000cef0b00000,0x000000cef0c00000) (1024K)]
  0x0000020abd0ec8c0 JavaThread "Signal Dispatcher"          daemon [_thread_blocked, id=10184, stack(0x000000cef0c00000,0x000000cef0d00000) (1024K)]
  0x0000020abd0ed320 JavaThread "Attach Listener"            daemon [_thread_blocked, id=9664, stack(0x000000cef0d00000,0x000000cef0e00000) (1024K)]
  0x0000020abd0edd80 JavaThread "Service Thread"             daemon [_thread_blocked, id=5104, stack(0x000000cef0e00000,0x000000cef0f00000) (1024K)]
  0x0000020abd0ee7e0 JavaThread "Monitor Deflation Thread"   daemon [_thread_blocked, id=5932, stack(0x000000cef0f00000,0x000000cef1000000) (1024K)]
=>0x0000020abd228790 JavaThread "C2 CompilerThread0"         daemon [_thread_in_native, id=9440, stack(0x000000cef1000000,0x000000cef1100000) (1024K)]
  0x0000020abd2a7870 JavaThread "C1 CompilerThread0"         daemon [_thread_in_native, id=1140, stack(0x000000cef1100000,0x000000cef1200000) (1024K)]
  0x0000020abd57e920 JavaThread "Notification Thread"        daemon [_thread_blocked, id=7260, stack(0x000000cef1200000,0x000000cef1300000) (1024K)]
  0x0000020ac2dbe740 JavaThread "Daemon health stats"               [_thread_blocked, id=9056, stack(0x000000cef1600000,0x000000cef1700000) (1024K)]
  0x0000020ac2e9a820 JavaThread "Incoming local TCP Connector on port 52810"        [_thread_in_native, id=6516, stack(0x000000cef1700000,0x000000cef1800000) (1024K)]
  0x0000020ac2e90a30 JavaThread "Daemon periodic checks"            [_thread_blocked, id=5728, stack(0x000000cef1800000,0x000000cef1900000) (1024K)]
  0x0000020ac31e9f90 JavaThread "Daemon"                            [_thread_blocked, id=1156, stack(0x000000cef1900000,0x000000cef1a00000) (1024K)]
  0x0000020ac31e5bf0 JavaThread "Handler for socket connection from /127.0.0.1:52810 to /127.0.0.1:52811"        [_thread_in_native, id=3820, stack(0x000000cef1a00000,0x000000cef1b00000) (1024K)]
  0x0000020ac3013860 JavaThread "Cancel handler"                    [_thread_blocked, id=2188, stack(0x000000cef1b00000,0x000000cef1c00000) (1024K)]
  0x0000020ac3106d80 JavaThread "Daemon worker"                     [_thread_in_Java, id=9140, stack(0x000000cef1c00000,0x000000cef1d00000) (1024K)]
  0x0000020ac3106060 JavaThread "Asynchronous log dispatcher for DefaultDaemonConnection: socket connection from /127.0.0.1:52810 to /127.0.0.1:52811"        [_thread_blocked, id=10228, stack(0x000000cef1d00000,0x000000cef1e00000) (1024K)]
  0x0000020ac31066f0 JavaThread "Stdin handler"                     [_thread_blocked, id=1268, stack(0x000000cef1e00000,0x000000cef1f00000) (1024K)]
  0x0000020ac3107410 JavaThread "Daemon client event forwarder"        [_thread_blocked, id=4372, stack(0x000000cef1f00000,0x000000cef2000000) (1024K)]
  0x0000020ac3107aa0 JavaThread "Cache worker for journal cache (C:\Users\Nguyen Tung\.gradle\caches\journal-1)"        [_thread_blocked, id=10132, stack(0x000000cef2000000,0x000000cef2100000) (1024K)]
  0x0000020ac3108130 JavaThread "File lock request listener"        [_thread_in_native, id=4084, stack(0x000000cef2100000,0x000000cef2200000) (1024K)]
  0x0000020ac31087c0 JavaThread "Cache worker for file hash cache (C:\Users\Nguyen Tung\.gradle\caches\8.13\fileHashes)"        [_thread_blocked, id=4548, stack(0x000000cef2200000,0x000000cef2300000) (1024K)]
  0x0000020ac31094e0 JavaThread "Cache worker for file hash cache (C:\Users\Nguyen Tung\StudioProjects\BayTro\.gradle\8.13\fileHashes)"        [_thread_blocked, id=9284, stack(0x000000cef2300000,0x000000cef2400000) (1024K)]
  0x0000020ac345aab0 JavaThread "Cache worker for Build Output Cleanup Cache (C:\Users\Nguyen Tung\StudioProjects\BayTro\.gradle\buildOutputCleanup)"        [_thread_blocked, id=6152, stack(0x000000cef2400000,0x000000cef2500000) (1024K)]
  0x0000020ac34589e0 JavaThread "File watcher server"        daemon [_thread_in_native, id=1824, stack(0x000000cef2500000,0x000000cef2600000) (1024K)]
  0x0000020ac3456fa0 JavaThread "File watcher consumer"      daemon [_thread_blocked, id=5392, stack(0x000000cef2600000,0x000000cef2700000) (1024K)]
  0x0000020ac3453b20 JavaThread "jar transforms"                    [_thread_blocked, id=9192, stack(0x000000cef2700000,0x000000cef2800000) (1024K)]
  0x0000020ac3459700 JavaThread "jar transforms Thread 2"           [_thread_blocked, id=448, stack(0x000000cef2800000,0x000000cef2900000) (1024K)]
  0x0000020ac3456280 JavaThread "Cache worker for checksums cache (C:\Users\Nguyen Tung\StudioProjects\BayTro\.gradle\8.13\checksums)"        [_thread_blocked, id=9892, stack(0x000000cef2900000,0x000000cef2a00000) (1024K)]
  0x0000020ac3454ed0 JavaThread "Cache worker for file content cache (C:\Users\Nguyen Tung\.gradle\caches\8.13\fileContent)"        [_thread_blocked, id=6468, stack(0x000000cef2a00000,0x000000cef2b00000) (1024K)]
  0x0000020ac3457630 JavaThread "jar transforms Thread 3"           [_thread_blocked, id=1160, stack(0x000000cef2b00000,0x000000cef2c00000) (1024K)]
  0x0000020ac3456910 JavaThread "Cache worker for cache directory md-supplier (C:\Users\Nguyen Tung\.gradle\caches\8.13\md-supplier)"        [_thread_blocked, id=2448, stack(0x000000cef2c00000,0x000000cef2d00000) (1024K)]
  0x0000020ac3455bf0 JavaThread "Cache worker for cache directory md-rule (C:\Users\Nguyen Tung\.gradle\caches\8.13\md-rule)"        [_thread_blocked, id=7036, stack(0x000000cef2d00000,0x000000cef2e00000) (1024K)]
  0x0000020ac3458350 JavaThread "Unconstrained build operations"        [_thread_blocked, id=3812, stack(0x000000cef2e00000,0x000000cef2f00000) (1024K)]
  0x0000020ac3459d90 JavaThread "Unconstrained build operations Thread 2"        [_thread_blocked, id=1444, stack(0x000000cef2f00000,0x000000cef3000000) (1024K)]
  0x0000020ac345b140 JavaThread "Unconstrained build operations Thread 3"        [_thread_blocked, id=904, stack(0x000000cef3000000,0x000000cef3100000) (1024K)]
  0x0000020ac3457cc0 JavaThread "Unconstrained build operations Thread 4"        [_thread_blocked, id=8628, stack(0x000000cef3100000,0x000000cef3200000) (1024K)]
  0x0000020ac3459070 JavaThread "Unconstrained build operations Thread 5"        [_thread_blocked, id=2256, stack(0x000000cef3200000,0x000000cef3300000) (1024K)]
  0x0000020ac3455560 JavaThread "Unconstrained build operations Thread 6"        [_thread_blocked, id=4076, stack(0x000000cef3300000,0x000000cef3400000) (1024K)]
  0x0000020ac59ec640 JavaThread "jar transforms Thread 4"           [_thread_blocked, id=8700, stack(0x000000cef3400000,0x000000cef3500000) (1024K)]
  0x0000020ac59f0150 JavaThread "Unconstrained build operations Thread 7"        [_thread_blocked, id=2416, stack(0x000000cef3500000,0x000000cef3600000) (1024K)]
  0x0000020ac59f07e0 JavaThread "Unconstrained build operations Thread 8"        [_thread_blocked, id=4064, stack(0x000000cef3600000,0x000000cef3700000) (1024K)]
  0x0000020ac59eccd0 JavaThread "Unconstrained build operations Thread 9"        [_thread_blocked, id=4436, stack(0x000000cef3700000,0x000000cef3800000) (1024K)]
Total: 45

Other Threads:
  0x0000020abd061ae0 VMThread "VM Thread"                           [id=3716, stack(0x000000cef0800000,0x000000cef0900000) (1024K)]
  0x0000020abd00cb10 WatcherThread "VM Periodic Task Thread"        [id=4272, stack(0x000000cef0700000,0x000000cef0800000) (1024K)]
  0x0000020aa415e060 WorkerThread "GC Thread#0"                     [id=9020, stack(0x000000cef0200000,0x000000cef0300000) (1024K)]
  0x0000020abd6c1200 WorkerThread "GC Thread#1"                     [id=6204, stack(0x000000cef1300000,0x000000cef1400000) (1024K)]
  0x0000020abd658780 WorkerThread "GC Thread#2"                     [id=4552, stack(0x000000cef1400000,0x000000cef1500000) (1024K)]
  0x0000020ac2307b80 WorkerThread "GC Thread#3"                     [id=9780, stack(0x000000cef1500000,0x000000cef1600000) (1024K)]
  0x0000020aa62ae610 ConcurrentGCThread "G1 Main Marker"            [id=7824, stack(0x000000cef0300000,0x000000cef0400000) (1024K)]
  0x0000020aa62af020 WorkerThread "G1 Conc#0"                       [id=5124, stack(0x000000cef0400000,0x000000cef0500000) (1024K)]
  0x0000020aa6306260 ConcurrentGCThread "G1 Refine#0"               [id=9616, stack(0x000000cef0500000,0x000000cef0600000) (1024K)]
  0x0000020aa6307cf0 ConcurrentGCThread "G1 Service"                [id=3320, stack(0x000000cef0600000,0x000000cef0700000) (1024K)]
Total: 10

Threads with active compile tasks:
C2 CompilerThread0  7780 5211   !   4       java.net.URL::<init> (543 bytes)
C1 CompilerThread0  7780 5372       1       org.gradle.internal.instantiation.generator.AbstractClassGenerator$MethodMetadata::getGenericReturnType (5 bytes)
Total: 2

VM state: not at safepoint (normal execution)

VM Mutex/Monitor currently owned by a thread: None

Heap address: 0x0000000080000000, size: 2048 MB, Compressed Oops mode: 32-bit

CDS archive(s) not mapped
Compressed class space mapped at: 0x0000000100000000-0x0000000140000000, reserved size: 1073741824
Narrow klass base: 0x0000000000000000, Narrow klass shift: 3, Narrow klass range: 0x140000000

GC Precious Log:
 CardTable entry size: 512
 Card Set container configuration: InlinePtr #cards 5 size 8 Array Of Cards #cards 12 size 40 Howl #buckets 4 coarsen threshold 1843 Howl Bitmap #cards 512 size 80 coarsen threshold 460 Card regions per heap region 1 cards per card region 2048
 CPUs: 4 total, 4 available
 Memory: 3968M
 Large Page Support: Disabled
 NUMA Support: Disabled
 Compressed Oops: Enabled (32-bit)
 Heap Region Size: 1M
 Heap Min Capacity: 8M
 Heap Initial Capacity: 64M
 Heap Max Capacity: 2G
 Pre-touch: Disabled
 Parallel Workers: 4
 Concurrent Workers: 1
 Concurrent Refinement Workers: 4
 Periodic GC: Disabled

Heap:
 garbage-first heap   total 80896K, used 41984K [0x0000000080000000, 0x0000000100000000)
  region size 1024K, 7 young (7168K), 5 survivors (5120K)
 Metaspace       used 55878K, committed 57344K, reserved 1114112K
  class space    used 7698K, committed 8384K, reserved 1048576K

Heap Regions: E=young(eden), S=young(survivor), O=old, HS=humongous(starts), HC=humongous(continues), CS=collection set, F=free, TAMS=top-at-mark-start, PB=parsable bottom
|   0|0x0000000080000000, 0x0000000080100000, 0x0000000080100000|100%|HS|  |TAMS 0x0000000080000000| PB 0x0000000080000000| Complete 
|   1|0x0000000080100000, 0x0000000080200000, 0x0000000080200000|100%|HC|  |TAMS 0x0000000080100000| PB 0x0000000080100000| Complete 
|   2|0x0000000080200000, 0x0000000080300000, 0x0000000080300000|100%|HC|  |TAMS 0x0000000080200000| PB 0x0000000080200000| Complete 
|   3|0x0000000080300000, 0x0000000080400000, 0x0000000080400000|100%| O|  |TAMS 0x0000000080300000| PB 0x0000000080300000| Untracked 
|   4|0x0000000080400000, 0x0000000080500000, 0x0000000080500000|100%| O|  |TAMS 0x0000000080400000| PB 0x0000000080400000| Untracked 
|   5|0x0000000080500000, 0x0000000080600000, 0x0000000080600000|100%| O|  |TAMS 0x0000000080500000| PB 0x0000000080500000| Untracked 
|   6|0x0000000080600000, 0x0000000080700000, 0x0000000080700000|100%| O|  |TAMS 0x0000000080600000| PB 0x0000000080600000| Untracked 
|   7|0x0000000080700000, 0x0000000080800000, 0x0000000080800000|100%| O|  |TAMS 0x0000000080700000| PB 0x0000000080700000| Untracked 
|   8|0x0000000080800000, 0x0000000080900000, 0x0000000080900000|100%| O|  |TAMS 0x0000000080800000| PB 0x0000000080800000| Untracked 
|   9|0x0000000080900000, 0x0000000080a00000, 0x0000000080a00000|100%| O|  |TAMS 0x0000000080900000| PB 0x0000000080900000| Untracked 
|  10|0x0000000080a00000, 0x0000000080b00000, 0x0000000080b00000|100%| O|  |TAMS 0x0000000080a00000| PB 0x0000000080a00000| Untracked 
|  11|0x0000000080b00000, 0x0000000080c00000, 0x0000000080c00000|100%|HS|  |TAMS 0x0000000080b00000| PB 0x0000000080b00000| Complete 
|  12|0x0000000080c00000, 0x0000000080d00000, 0x0000000080d00000|100%| O|  |TAMS 0x0000000080c00000| PB 0x0000000080c00000| Untracked 
|  13|0x0000000080d00000, 0x0000000080e00000, 0x0000000080e00000|100%| O|  |TAMS 0x0000000080d00000| PB 0x0000000080d00000| Untracked 
|  14|0x0000000080e00000, 0x0000000080f00000, 0x0000000080f00000|100%| O|  |TAMS 0x0000000080e00000| PB 0x0000000080e00000| Untracked 
|  15|0x0000000080f00000, 0x0000000081000000, 0x0000000081000000|100%| O|  |TAMS 0x0000000080f00000| PB 0x0000000080f00000| Untracked 
|  16|0x0000000081000000, 0x0000000081100000, 0x0000000081100000|100%| O|  |TAMS 0x0000000081000000| PB 0x0000000081000000| Untracked 
|  17|0x0000000081100000, 0x0000000081200000, 0x0000000081200000|100%| O|  |TAMS 0x0000000081100000| PB 0x0000000081100000| Untracked 
|  18|0x0000000081200000, 0x0000000081300000, 0x0000000081300000|100%| O|  |TAMS 0x0000000081200000| PB 0x0000000081200000| Untracked 
|  19|0x0000000081300000, 0x0000000081400000, 0x0000000081400000|100%| O|  |TAMS 0x0000000081300000| PB 0x0000000081300000| Untracked 
|  20|0x0000000081400000, 0x0000000081500000, 0x0000000081500000|100%| O|  |TAMS 0x0000000081400000| PB 0x0000000081400000| Untracked 
|  21|0x0000000081500000, 0x0000000081600000, 0x0000000081600000|100%| O|  |TAMS 0x0000000081500000| PB 0x0000000081500000| Untracked 
|  22|0x0000000081600000, 0x0000000081700000, 0x0000000081700000|100%| O|  |TAMS 0x0000000081600000| PB 0x0000000081600000| Untracked 
|  23|0x0000000081700000, 0x0000000081800000, 0x0000000081800000|100%| O|  |TAMS 0x0000000081700000| PB 0x0000000081700000| Untracked 
|  24|0x0000000081800000, 0x0000000081900000, 0x0000000081900000|100%| O|  |TAMS 0x0000000081800000| PB 0x0000000081800000| Untracked 
|  25|0x0000000081900000, 0x0000000081a00000, 0x0000000081a00000|100%| O|  |TAMS 0x0000000081900000| PB 0x0000000081900000| Untracked 
|  26|0x0000000081a00000, 0x0000000081b00000, 0x0000000081b00000|100%| O|  |TAMS 0x0000000081a00000| PB 0x0000000081a00000| Untracked 
|  27|0x0000000081b00000, 0x0000000081c00000, 0x0000000081c00000|100%| O|  |TAMS 0x0000000081b00000| PB 0x0000000081b00000| Untracked 
|  28|0x0000000081c00000, 0x0000000081d00000, 0x0000000081d00000|100%| O|  |TAMS 0x0000000081c00000| PB 0x0000000081c00000| Untracked 
|  29|0x0000000081d00000, 0x0000000081e00000, 0x0000000081e00000|100%| O|  |TAMS 0x0000000081d00000| PB 0x0000000081d00000| Untracked 
|  30|0x0000000081e00000, 0x0000000081f00000, 0x0000000081f00000|100%| O|  |TAMS 0x0000000081e00000| PB 0x0000000081e00000| Untracked 
|  31|0x0000000081f00000, 0x0000000081f00000, 0x0000000082000000|  0%| F|  |TAMS 0x0000000081f00000| PB 0x0000000081f00000| Untracked 
|  32|0x0000000082000000, 0x0000000082100000, 0x0000000082100000|100%| O|  |TAMS 0x0000000082000000| PB 0x0000000082000000| Untracked 
|  33|0x0000000082100000, 0x0000000082200000, 0x0000000082200000|100%| O|  |TAMS 0x0000000082100000| PB 0x0000000082100000| Untracked 
|  34|0x0000000082200000, 0x0000000082300000, 0x0000000082300000|100%| O|  |TAMS 0x0000000082200000| PB 0x0000000082200000| Untracked 
|  35|0x0000000082300000, 0x0000000082300000, 0x0000000082400000|  0%| F|  |TAMS 0x0000000082300000| PB 0x0000000082300000| Untracked 
|  36|0x0000000082400000, 0x0000000082400000, 0x0000000082500000|  0%| F|  |TAMS 0x0000000082400000| PB 0x0000000082400000| Untracked 
|  37|0x0000000082500000, 0x0000000082500000, 0x0000000082600000|  0%| F|  |TAMS 0x0000000082500000| PB 0x0000000082500000| Untracked 
|  38|0x0000000082600000, 0x0000000082700000, 0x0000000082700000|100%| O|  |TAMS 0x0000000082600000| PB 0x0000000082600000| Untracked 
|  39|0x0000000082700000, 0x0000000082800000, 0x0000000082800000|100%| S|CS|TAMS 0x0000000082700000| PB 0x0000000082700000| Complete 
|  40|0x0000000082800000, 0x0000000082900000, 0x0000000082900000|100%| S|CS|TAMS 0x0000000082800000| PB 0x0000000082800000| Complete 
|  41|0x0000000082900000, 0x0000000082a00000, 0x0000000082a00000|100%| S|CS|TAMS 0x0000000082900000| PB 0x0000000082900000| Complete 
|  42|0x0000000082a00000, 0x0000000082a00000, 0x0000000082b00000|  0%| F|  |TAMS 0x0000000082a00000| PB 0x0000000082a00000| Untracked 
|  43|0x0000000082b00000, 0x0000000082c00000, 0x0000000082c00000|100%| S|CS|TAMS 0x0000000082b00000| PB 0x0000000082b00000| Complete 
|  44|0x0000000082c00000, 0x0000000082d00000, 0x0000000082d00000|100%| S|CS|TAMS 0x0000000082c00000| PB 0x0000000082c00000| Complete 
|  45|0x0000000082d00000, 0x0000000082d00000, 0x0000000082e00000|  0%| F|  |TAMS 0x0000000082d00000| PB 0x0000000082d00000| Untracked 
|  46|0x0000000082e00000, 0x0000000082e00000, 0x0000000082f00000|  0%| F|  |TAMS 0x0000000082e00000| PB 0x0000000082e00000| Untracked 
|  47|0x0000000082f00000, 0x0000000082f00000, 0x0000000083000000|  0%| F|  |TAMS 0x0000000082f00000| PB 0x0000000082f00000| Untracked 
|  48|0x0000000083000000, 0x0000000083000000, 0x0000000083100000|  0%| F|  |TAMS 0x0000000083000000| PB 0x0000000083000000| Untracked 
|  49|0x0000000083100000, 0x0000000083100000, 0x0000000083200000|  0%| F|  |TAMS 0x0000000083100000| PB 0x0000000083100000| Untracked 
|  50|0x0000000083200000, 0x0000000083200000, 0x0000000083300000|  0%| F|  |TAMS 0x0000000083200000| PB 0x0000000083200000| Untracked 
|  51|0x0000000083300000, 0x0000000083300000, 0x0000000083400000|  0%| F|  |TAMS 0x0000000083300000| PB 0x0000000083300000| Untracked 
|  52|0x0000000083400000, 0x0000000083400000, 0x0000000083500000|  0%| F|  |TAMS 0x0000000083400000| PB 0x0000000083400000| Untracked 
|  53|0x0000000083500000, 0x0000000083500000, 0x0000000083600000|  0%| F|  |TAMS 0x0000000083500000| PB 0x0000000083500000| Untracked 
|  54|0x0000000083600000, 0x0000000083600000, 0x0000000083700000|  0%| F|  |TAMS 0x0000000083600000| PB 0x0000000083600000| Untracked 
|  55|0x0000000083700000, 0x0000000083700000, 0x0000000083800000|  0%| F|  |TAMS 0x0000000083700000| PB 0x0000000083700000| Untracked 
|  56|0x0000000083800000, 0x0000000083800000, 0x0000000083900000|  0%| F|  |TAMS 0x0000000083800000| PB 0x0000000083800000| Untracked 
|  57|0x0000000083900000, 0x0000000083900000, 0x0000000083a00000|  0%| F|  |TAMS 0x0000000083900000| PB 0x0000000083900000| Untracked 
|  58|0x0000000083a00000, 0x0000000083a00000, 0x0000000083b00000|  0%| F|  |TAMS 0x0000000083a00000| PB 0x0000000083a00000| Untracked 
|  59|0x0000000083b00000, 0x0000000083b00000, 0x0000000083c00000|  0%| F|  |TAMS 0x0000000083b00000| PB 0x0000000083b00000| Untracked 
|  60|0x0000000083c00000, 0x0000000083c00000, 0x0000000083d00000|  0%| F|  |TAMS 0x0000000083c00000| PB 0x0000000083c00000| Untracked 
|  61|0x0000000083d00000, 0x0000000083d00000, 0x0000000083e00000|  0%| F|  |TAMS 0x0000000083d00000| PB 0x0000000083d00000| Untracked 
|  62|0x0000000083e00000, 0x0000000083e00000, 0x0000000083f00000|  0%| F|  |TAMS 0x0000000083e00000| PB 0x0000000083e00000| Untracked 
|  63|0x0000000083f00000, 0x0000000083f00000, 0x0000000084000000|  0%| F|  |TAMS 0x0000000083f00000| PB 0x0000000083f00000| Untracked 
|  64|0x0000000084000000, 0x0000000084000000, 0x0000000084100000|  0%| F|  |TAMS 0x0000000084000000| PB 0x0000000084000000| Untracked 
|  65|0x0000000084100000, 0x0000000084100000, 0x0000000084200000|  0%| F|  |TAMS 0x0000000084100000| PB 0x0000000084100000| Untracked 
|  66|0x0000000084200000, 0x0000000084200000, 0x0000000084300000|  0%| F|  |TAMS 0x0000000084200000| PB 0x0000000084200000| Untracked 
|  67|0x0000000084300000, 0x0000000084300000, 0x0000000084400000|  0%| F|  |TAMS 0x0000000084300000| PB 0x0000000084300000| Untracked 
|  68|0x0000000084400000, 0x0000000084400000, 0x0000000084500000|  0%| F|  |TAMS 0x0000000084400000| PB 0x0000000084400000| Untracked 
|  69|0x0000000084500000, 0x0000000084500000, 0x0000000084600000|  0%| F|  |TAMS 0x0000000084500000| PB 0x0000000084500000| Untracked 
|  70|0x0000000084600000, 0x0000000084600000, 0x0000000084700000|  0%| F|  |TAMS 0x0000000084600000| PB 0x0000000084600000| Untracked 
|  71|0x0000000084700000, 0x0000000084700000, 0x0000000084800000|  0%| F|  |TAMS 0x0000000084700000| PB 0x0000000084700000| Untracked 
|  72|0x0000000084800000, 0x0000000084800000, 0x0000000084900000|  0%| F|  |TAMS 0x0000000084800000| PB 0x0000000084800000| Untracked 
|  73|0x0000000084900000, 0x0000000084900000, 0x0000000084a00000|  0%| F|  |TAMS 0x0000000084900000| PB 0x0000000084900000| Untracked 
|  74|0x0000000084a00000, 0x0000000084a00000, 0x0000000084b00000|  0%| F|  |TAMS 0x0000000084a00000| PB 0x0000000084a00000| Untracked 
|  75|0x0000000084b00000, 0x0000000084b00000, 0x0000000084c00000|  0%| F|  |TAMS 0x0000000084b00000| PB 0x0000000084b00000| Untracked 
|  76|0x0000000084c00000, 0x0000000084c00000, 0x0000000084d00000|  0%| F|  |TAMS 0x0000000084c00000| PB 0x0000000084c00000| Untracked 
|  77|0x0000000084d00000, 0x0000000084e00000, 0x0000000084e00000|100%| E|  |TAMS 0x0000000084d00000| PB 0x0000000084d00000| Complete 
|  78|0x0000000084e00000, 0x0000000084f00000, 0x0000000084f00000|100%| E|CS|TAMS 0x0000000084e00000| PB 0x0000000084e00000| Complete 

Card table byte_map: [0x0000020ab87b0000,0x0000020ab8bb0000] _byte_map_base: 0x0000020ab83b0000

Marking Bits: (CMBitMap*) 0x0000020aa415e670
 Bits: [0x0000020ab8bb0000, 0x0000020ababb0000)

Polling page: 0x0000020aa5a20000

Metaspace:

Usage:
  Non-class:     47.07 MB used.
      Class:      7.52 MB used.
       Both:     54.59 MB used.

Virtual space:
  Non-class space:       64.00 MB reserved,      47.81 MB ( 75%) committed,  1 nodes.
      Class space:        1.00 GB reserved,       8.19 MB ( <1%) committed,  1 nodes.
             Both:        1.06 GB reserved,      56.00 MB (  5%) committed. 

Chunk freelists:
   Non-Class:  15.45 MB
       Class:  7.69 MB
        Both:  23.15 MB

MaxMetaspaceSize: unlimited
CompressedClassSpaceSize: 1.00 GB
Initial GC threshold: 21.00 MB
Current GC threshold: 59.00 MB
CDS: off
 - commit_granule_bytes: 65536.
 - commit_granule_words: 8192.
 - virtual_space_node_default_size: 8388608.
 - enlarge_chunks_in_place: 1.
 - use_allocation_guard: 0.


Internal statistics:

num_allocs_failed_limit: 6.
num_arena_births: 2692.
num_arena_deaths: 0.
num_vsnodes_births: 2.
num_vsnodes_deaths: 0.
num_space_committed: 896.
num_space_uncommitted: 0.
num_chunks_returned_to_freelist: 6.
num_chunks_taken_from_freelist: 4913.
num_chunk_merges: 6.
num_chunk_splits: 3151.
num_chunks_enlarged: 1910.
num_inconsistent_stats: 0.

CodeHeap 'non-profiled nmethods': size=120000Kb used=2310Kb max_used=2310Kb free=117689Kb
 bounds [0x0000020ab0e80000, 0x0000020ab10f0000, 0x0000020ab83b0000]
CodeHeap 'profiled nmethods': size=120000Kb used=9073Kb max_used=9073Kb free=110926Kb
 bounds [0x0000020aa93b0000, 0x0000020aa9c90000, 0x0000020ab08e0000]
CodeHeap 'non-nmethods': size=5760Kb used=2684Kb max_used=2728Kb free=3075Kb
 bounds [0x0000020ab08e0000, 0x0000020ab0ba0000, 0x0000020ab0e80000]
 total_blobs=5807 nmethods=4963 adapters=749
 compilation: enabled
              stopped_count=0, restarted_count=0
 full_count=0

Compilation events (20 events):
Event: 7.727 Thread 0x0000020abd2a7870 5327       3       com.google.common.cache.LocalCache$Strength$1::referenceValue (28 bytes)
Event: 7.728 Thread 0x0000020abd2a7870 nmethod 5327 0x0000020aa9c79d10 code [0x0000020aa9c79ee0, 0x0000020aa9c7a248]
Event: 7.728 Thread 0x0000020abd2a7870 5328       3       com.google.common.cache.LocalCache$StrongValueReference::<init> (10 bytes)
Event: 7.728 Thread 0x0000020abd2a7870 nmethod 5328 0x0000020aa9c7a390 code [0x0000020aa9c7a540, 0x0000020aa9c7a6f8]
Event: 7.728 Thread 0x0000020abd2a7870 5329       3       com.google.common.cache.LocalCache$Segment::recordWrite (72 bytes)
Event: 7.728 Thread 0x0000020abd2a7870 nmethod 5329 0x0000020aa9c7a790 code [0x0000020aa9c7a9c0, 0x0000020aa9c7b288]
Event: 7.728 Thread 0x0000020abd2a7870 5331       3       java.io.DataInputStream::<init> (28 bytes)
Event: 7.728 Thread 0x0000020abd2a7870 nmethod 5331 0x0000020aa9c7b590 code [0x0000020aa9c7b760, 0x0000020aa9c7bbb0]
Event: 7.729 Thread 0x0000020abd2a7870 5332       3       org.gradle.internal.snapshot.AbstractFileSystemLocationSnapshot::getSnapshot (7 bytes)
Event: 7.729 Thread 0x0000020abd2a7870 nmethod 5332 0x0000020aa9c7bd10 code [0x0000020aa9c7bec0, 0x0000020aa9c7c080]
Event: 7.729 Thread 0x0000020abd2a7870 5333       3       org.gradle.internal.snapshot.DirectorySnapshot::getChildSnapshot (30 bytes)
Event: 7.730 Thread 0x0000020abd2a7870 nmethod 5333 0x0000020aa9c7c110 code [0x0000020aa9c7c3a0, 0x0000020aa9c7d0e0]
Event: 7.730 Thread 0x0000020abd2a7870 5334       3       com.google.common.collect.Iterables::castOrCopyToCollection (24 bytes)
Event: 7.730 Thread 0x0000020abd2a7870 nmethod 5334 0x0000020aa9c7d590 code [0x0000020aa9c7d7a0, 0x0000020aa9c7dec0]
Event: 7.733 Thread 0x0000020abd2a7870 5335       3       com.google.common.collect.LinkedHashMultimap::createCollection (14 bytes)
Event: 7.733 Thread 0x0000020abd2a7870 nmethod 5335 0x0000020aa9c7e090 code [0x0000020aa9c7e240, 0x0000020aa9c7e3f0]
Event: 7.733 Thread 0x0000020abd2a7870 5336       3       com.google.common.collect.LinkedHashMultimap$ValueSet::<init> (55 bytes)
Event: 7.733 Thread 0x0000020abd2a7870 nmethod 5336 0x0000020aa9c7e490 code [0x0000020aa9c7e6a0, 0x0000020aa9c7ebc8]
Event: 7.733 Thread 0x0000020abd2a7870 5337       1       org.gradle.internal.instantiation.generator.AbstractClassGenerator$PropertyMetadata::access$1400 (5 bytes)
Event: 7.733 Thread 0x0000020abd2a7870 nmethod 5337 0x0000020ab10c0c90 code [0x0000020ab10c0e20, 0x0000020ab10c0ed0]

GC Heap History (20 events):
Event: 2.421 GC heap before
{Heap before GC invocations=2 (full 0):
 garbage-first heap   total 65536K, used 45056K [0x0000000080000000, 0x0000000100000000)
  region size 1024K, 38 young (38912K), 4 survivors (4096K)
 Metaspace       used 12359K, committed 12544K, reserved 1114112K
  class space    used 1315K, committed 1408K, reserved 1048576K
}
Event: 2.426 GC heap after
{Heap after GC invocations=3 (full 0):
 garbage-first heap   total 65536K, used 11654K [0x0000000080000000, 0x0000000100000000)
  region size 1024K, 1 young (1024K), 1 survivors (1024K)
 Metaspace       used 12359K, committed 12544K, reserved 1114112K
  class space    used 1315K, committed 1408K, reserved 1048576K
}
Event: 2.996 GC heap before
{Heap before GC invocations=3 (full 0):
 garbage-first heap   total 65536K, used 51590K [0x0000000080000000, 0x0000000100000000)
  region size 1024K, 38 young (38912K), 1 survivors (1024K)
 Metaspace       used 14915K, committed 15168K, reserved 1114112K
  class space    used 1653K, committed 1792K, reserved 1048576K
}
Event: 3.004 GC heap after
{Heap after GC invocations=4 (full 0):
 garbage-first heap   total 65536K, used 18099K [0x0000000080000000, 0x0000000100000000)
  region size 1024K, 5 young (5120K), 5 survivors (5120K)
 Metaspace       used 14915K, committed 15168K, reserved 1114112K
  class space    used 1653K, committed 1792K, reserved 1048576K
}
Event: 3.556 GC heap before
{Heap before GC invocations=4 (full 0):
 garbage-first heap   total 65536K, used 38579K [0x0000000080000000, 0x0000000100000000)
  region size 1024K, 26 young (26624K), 5 survivors (5120K)
 Metaspace       used 21260K, committed 21504K, reserved 1114112K
  class space    used 2497K, committed 2624K, reserved 1048576K
}
Event: 3.563 GC heap after
{Heap after GC invocations=5 (full 0):
 garbage-first heap   total 65536K, used 20574K [0x0000000080000000, 0x0000000100000000)
  region size 1024K, 3 young (3072K), 3 survivors (3072K)
 Metaspace       used 21260K, committed 21504K, reserved 1114112K
  class space    used 2497K, committed 2624K, reserved 1048576K
}
Event: 4.078 GC heap before
{Heap before GC invocations=6 (full 0):
 garbage-first heap   total 65536K, used 51294K [0x0000000080000000, 0x0000000100000000)
  region size 1024K, 34 young (34816K), 3 survivors (3072K)
 Metaspace       used 26952K, committed 27456K, reserved 1114112K
  class space    used 3356K, committed 3584K, reserved 1048576K
}
Event: 4.082 GC heap after
{Heap after GC invocations=7 (full 0):
 garbage-first heap   total 65536K, used 21992K [0x0000000080000000, 0x0000000100000000)
  region size 1024K, 4 young (4096K), 4 survivors (4096K)
 Metaspace       used 26952K, committed 27456K, reserved 1114112K
  class space    used 3356K, committed 3584K, reserved 1048576K
}
Event: 4.541 GC heap before
{Heap before GC invocations=7 (full 0):
 garbage-first heap   total 65536K, used 52712K [0x0000000080000000, 0x0000000100000000)
  region size 1024K, 35 young (35840K), 4 survivors (4096K)
 Metaspace       used 31187K, committed 31744K, reserved 1114112K
  class space    used 4114K, committed 4352K, reserved 1048576K
}
Event: 4.548 GC heap after
{Heap after GC invocations=8 (full 0):
 garbage-first heap   total 65536K, used 24137K [0x0000000080000000, 0x0000000100000000)
  region size 1024K, 4 young (4096K), 4 survivors (4096K)
 Metaspace       used 31187K, committed 31744K, reserved 1114112K
  class space    used 4114K, committed 4352K, reserved 1048576K
}
Event: 5.203 GC heap before
{Heap before GC invocations=8 (full 0):
 garbage-first heap   total 65536K, used 52809K [0x0000000080000000, 0x0000000100000000)
  region size 1024K, 33 young (33792K), 4 survivors (4096K)
 Metaspace       used 35312K, committed 36096K, reserved 1114112K
  class space    used 4794K, committed 5184K, reserved 1048576K
}
Event: 5.209 GC heap after
{Heap after GC invocations=9 (full 0):
 garbage-first heap   total 65536K, used 25799K [0x0000000080000000, 0x0000000100000000)
  region size 1024K, 4 young (4096K), 4 survivors (4096K)
 Metaspace       used 35312K, committed 36096K, reserved 1114112K
  class space    used 4794K, committed 5184K, reserved 1048576K
}
Event: 5.700 GC heap before
{Heap before GC invocations=10 (full 0):
 garbage-first heap   total 65536K, used 54471K [0x0000000080000000, 0x0000000100000000)
  region size 1024K, 33 young (33792K), 4 survivors (4096K)
 Metaspace       used 41502K, committed 42432K, reserved 1114112K
  class space    used 5623K, committed 6080K, reserved 1048576K
}
Event: 5.707 GC heap after
{Heap after GC invocations=11 (full 0):
 garbage-first heap   total 65536K, used 29276K [0x0000000080000000, 0x0000000100000000)
  region size 1024K, 5 young (5120K), 5 survivors (5120K)
 Metaspace       used 41502K, committed 42432K, reserved 1114112K
  class space    used 5623K, committed 6080K, reserved 1048576K
}
Event: 5.963 GC heap before
{Heap before GC invocations=11 (full 0):
 garbage-first heap   total 65536K, used 54876K [0x0000000080000000, 0x0000000100000000)
  region size 1024K, 31 young (31744K), 5 survivors (5120K)
 Metaspace       used 43732K, committed 44608K, reserved 1114112K
  class space    used 5865K, committed 6272K, reserved 1048576K
}
Event: 5.977 GC heap after
{Heap after GC invocations=12 (full 0):
 garbage-first heap   total 79872K, used 32414K [0x0000000080000000, 0x0000000100000000)
  region size 1024K, 4 young (4096K), 4 survivors (4096K)
 Metaspace       used 43732K, committed 44608K, reserved 1114112K
  class space    used 5865K, committed 6272K, reserved 1048576K
}
Event: 6.488 GC heap before
{Heap before GC invocations=12 (full 0):
 garbage-first heap   total 79872K, used 72350K [0x0000000080000000, 0x0000000100000000)
  region size 1024K, 39 young (39936K), 4 survivors (4096K)
 Metaspace       used 47853K, committed 48832K, reserved 1114112K
  class space    used 6385K, committed 6848K, reserved 1048576K
}
Event: 6.493 GC heap after
{Heap after GC invocations=13 (full 0):
 garbage-first heap   total 80896K, used 34417K [0x0000000080000000, 0x0000000100000000)
  region size 1024K, 4 young (4096K), 4 survivors (4096K)
 Metaspace       used 47853K, committed 48832K, reserved 1114112K
  class space    used 6385K, committed 6848K, reserved 1048576K
}
Event: 6.918 GC heap before
{Heap before GC invocations=13 (full 0):
 garbage-first heap   total 80896K, used 70257K [0x0000000080000000, 0x0000000100000000)
  region size 1024K, 39 young (39936K), 4 survivors (4096K)
 Metaspace       used 52320K, committed 53760K, reserved 1114112K
  class space    used 7128K, committed 7808K, reserved 1048576K
}
Event: 6.926 GC heap after
{Heap after GC invocations=14 (full 0):
 garbage-first heap   total 80896K, used 36200K [0x0000000080000000, 0x0000000100000000)
  region size 1024K, 3 young (3072K), 3 survivors (3072K)
 Metaspace       used 52320K, committed 53760K, reserved 1114112K
  class space    used 7128K, committed 7808K, reserved 1048576K
}

Dll operation events (3 events):
Event: 0.023 Loaded shared library C:\Program Files\Android\Android Studio\jbr\bin\java.dll
Event: 0.030 Loaded shared library C:\Program Files\Android\Android Studio\jbr\bin\zip.dll
Event: 1.490 Loaded shared library C:\Program Files\Android\Android Studio\jbr\bin\verify.dll

Deoptimization events (20 events):
Event: 7.375 Thread 0x0000020ac3459070 DEOPT PACKING pc=0x0000020ab10869a8 sp=0x000000cef32fe3c0
Event: 7.375 Thread 0x0000020ac3459070 DEOPT UNPACKING pc=0x0000020ab093469c sp=0x000000cef32fe338 mode 2
Event: 7.398 Thread 0x0000020ac3457cc0 DEOPT PACKING pc=0x0000020aa94c3416 sp=0x000000cef31fd9f0
Event: 7.398 Thread 0x0000020ac3457cc0 DEOPT UNPACKING pc=0x0000020ab0934e23 sp=0x000000cef31fcf38 mode 0
Event: 7.572 Thread 0x0000020ac3106d80 DEOPT PACKING pc=0x0000020aa94ab421 sp=0x000000cef1cf9130
Event: 7.572 Thread 0x0000020ac3106d80 DEOPT UNPACKING pc=0x0000020ab0934e23 sp=0x000000cef1cf8630 mode 0
Event: 7.580 Thread 0x0000020ac3106d80 Uncommon trap: trap_request=0xffffff45 fr.pc=0x0000020ab102305c relative=0x000000000000193c
Event: 7.580 Thread 0x0000020ac3106d80 Uncommon trap: reason=unstable_if action=reinterpret pc=0x0000020ab102305c method=java.util.zip.ZipFile.getInputStream(Ljava/util/zip/ZipEntry;)Ljava/io/InputStream; @ 101 c2
Event: 7.580 Thread 0x0000020ac3106d80 DEOPT PACKING pc=0x0000020ab102305c sp=0x000000cef1cf9740
Event: 7.580 Thread 0x0000020ac3106d80 DEOPT UNPACKING pc=0x0000020ab093469c sp=0x000000cef1cf96f8 mode 2
Event: 7.580 Thread 0x0000020ac3106d80 Uncommon trap: trap_request=0xffffff76 fr.pc=0x0000020ab10aed80 relative=0x00000000000014c0
Event: 7.580 Thread 0x0000020ac3106d80 Uncommon trap: reason=predicate action=maybe_recompile pc=0x0000020ab10aed80 method=jdk.internal.loader.Resource.getBytes()[B @ 50 c2
Event: 7.580 Thread 0x0000020ac3106d80 DEOPT PACKING pc=0x0000020ab10aed80 sp=0x000000cef1cf9800
Event: 7.580 Thread 0x0000020ac3106d80 DEOPT UNPACKING pc=0x0000020ab093469c sp=0x000000cef1cf9750 mode 2
Event: 7.582 Thread 0x0000020ac3106d80 Uncommon trap: trap_request=0xffffff45 fr.pc=0x0000020ab10885d4 relative=0x00000000000000b4
Event: 7.582 Thread 0x0000020ac3106d80 Uncommon trap: reason=unstable_if action=reinterpret pc=0x0000020ab10885d4 method=org.gradle.internal.instrumentation.agent.DefaultClassFileTransformer.transform(Ljava/lang/ClassLoader;Ljava/lang/String;Ljava/lang/Class;Ljava/security/ProtectionDomain;[B)
Event: 7.582 Thread 0x0000020ac3106d80 DEOPT PACKING pc=0x0000020ab10885d4 sp=0x000000cef1cf81d0
Event: 7.582 Thread 0x0000020ac3106d80 DEOPT UNPACKING pc=0x0000020ab093469c sp=0x000000cef1cf8140 mode 2
Event: 7.686 Thread 0x0000020ac3106d80 DEOPT PACKING pc=0x0000020aa9850b9f sp=0x000000cef1cf9200
Event: 7.686 Thread 0x0000020ac3106d80 DEOPT UNPACKING pc=0x0000020ab0934e23 sp=0x000000cef1cf86d8 mode 0

Classes loaded (20 events):
Event: 7.340 Loading class java/nio/channels/Channels
Event: 7.340 Loading class java/nio/channels/Channels done
Event: 7.340 Loading class sun/nio/ch/Streams
Event: 7.340 Loading class sun/nio/ch/Streams done
Event: 7.340 Loading class sun/nio/ch/ChannelInputStream
Event: 7.340 Loading class sun/nio/ch/ChannelInputStream done
Event: 7.443 Loading class java/util/stream/SortedOps
Event: 7.443 Loading class java/util/stream/SortedOps done
Event: 7.443 Loading class java/util/stream/SortedOps$OfRef
Event: 7.443 Loading class java/util/stream/SortedOps$OfRef done
Event: 7.444 Loading class java/util/stream/SortedOps$SizedRefSortingSink
Event: 7.444 Loading class java/util/stream/SortedOps$AbstractRefSortingSink
Event: 7.444 Loading class java/util/stream/SortedOps$AbstractRefSortingSink done
Event: 7.444 Loading class java/util/stream/SortedOps$SizedRefSortingSink done
Event: 7.607 Loading class java/lang/ThreadDeath
Event: 7.607 Loading class java/lang/ThreadDeath done
Event: 7.608 Loading class sun/misc/SharedSecrets
Event: 7.608 Loading class sun/misc/SharedSecrets done
Event: 7.687 Loading class java/util/AbstractList$ListItr
Event: 7.688 Loading class java/util/AbstractList$ListItr done

Classes unloaded (0 events):
No events

Classes redefined (0 events):
No events

Internal exceptions (20 events):
Event: 6.950 Thread 0x0000020ac3106d80 Exception <a 'java/lang/ClassNotFoundException'{0x0000000084d868f8}: ijJvmDebugger1_ef8m1veyp0ol1q35xx5vipe5l$_run_closure1Customizer> (0x0000000084d868f8) 
thrown [s\src\hotspot\share\classfile\systemDictionary.cpp, line 312]
Event: 7.024 Thread 0x0000020ac3106d80 Exception <a 'java/lang/NoSuchMethodError'{0x0000000084a2a0e0}: 'java.lang.Object java.lang.invoke.DirectMethodHandle$Holder.newInvokeSpecial(java.lang.Object, int, java.lang.Object)'> (0x0000000084a2a0e0) 
thrown [s\src\hotspot\share\interpreter\linkResolver.cpp, line 784]
Event: 7.130 Thread 0x0000020ac3106d80 Exception <a 'java/lang/NoSuchMethodError'{0x000000008458af90}: 'java.lang.Object java.lang.invoke.DirectMethodHandle$Holder.newInvokeSpecial(java.lang.Object, java.lang.Object, java.lang.Object, int)'> (0x000000008458af90) 
thrown [s\src\hotspot\share\interpreter\linkResolver.cpp, line 784]
Event: 7.131 Thread 0x0000020ac3106d80 Exception <a 'java/lang/NoSuchMethodError'{0x000000008458f3d8}: 'java.lang.Object java.lang.invoke.Invokers$Holder.linkToTargetMethod(java.lang.Object, java.lang.Object, int, java.lang.Object)'> (0x000000008458f3d8) 
thrown [s\src\hotspot\share\interpreter\linkResolver.cpp, line 784]
Event: 7.214 Thread 0x0000020ac3106d80 Exception <a 'java/lang/NoSuchMethodError'{0x00000000842e1640}: 'java.lang.Object java.lang.invoke.DirectMethodHandle$Holder.invokeSpecial(java.lang.Object, java.lang.Object, long, java.lang.Object, java.lang.Object)'> (0x00000000842e1640) 
thrown [s\src\hotspot\share\interpreter\linkResolver.cpp, line 784]
Event: 7.270 Thread 0x0000020ac3106d80 Exception <a 'java/lang/NoSuchMethodError'{0x0000000083ebd1d0}: 'int java.lang.invoke.DirectMethodHandle$Holder.invokeInterface(java.lang.Object, java.lang.Object, java.lang.Object, java.lang.Object, java.lang.Object)'> (0x0000000083ebd1d0) 
thrown [s\src\hotspot\share\interpreter\linkResolver.cpp, line 784]
Event: 7.300 Thread 0x0000020ac3106d80 Exception <a 'java/lang/NoSuchMethodError'{0x0000000083de7458}: 'java.lang.Object java.lang.invoke.DirectMethodHandle$Holder.newInvokeSpecial(java.lang.Object, java.lang.Object, java.lang.Object, java.lang.Object, int, java.lang.Object)'> (0x0000000083de7458) 
thrown [s\src\hotspot\share\interpreter\linkResolver.cpp, line 784]
Event: 7.301 Thread 0x0000020ac3106d80 Exception <a 'java/lang/NoSuchMethodError'{0x0000000083defbb8}: 'java.lang.Object java.lang.invoke.Invokers$Holder.linkToTargetMethod(java.lang.Object, java.lang.Object, java.lang.Object, int, java.lang.Object, java.lang.Object)'> (0x0000000083defbb8) 
thrown [s\src\hotspot\share\interpreter\linkResolver.cpp, line 784]
Event: 7.367 Thread 0x0000020ac3106d80 Exception <a 'java/lang/NoSuchMethodError'{0x000000008383d0c0}: 'java.lang.Object java.lang.invoke.DirectMethodHandle$Holder.invokeSpecialIFC(java.lang.Object, java.lang.Object, java.lang.Object)'> (0x000000008383d0c0) 
thrown [s\src\hotspot\share\interpreter\linkResolver.cpp, line 784]
Event: 7.470 Thread 0x0000020ac3106d80 Exception <a 'java/lang/ClassNotFoundException'{0x00000000833da7c8}: ijJvmDebugger1_ef8m1veyp0ol1q35xx5vipe5lBeanInfo> (0x00000000833da7c8) 
thrown [s\src\hotspot\share\classfile\systemDictionary.cpp, line 312]
Event: 7.471 Thread 0x0000020ac3106d80 Exception <a 'java/lang/ClassNotFoundException'{0x00000000833e07f0}: ijJvmDebugger1_ef8m1veyp0ol1q35xx5vipe5lCustomizer> (0x00000000833e07f0) 
thrown [s\src\hotspot\share\classfile\systemDictionary.cpp, line 312]
Event: 7.608 Thread 0x0000020ac3106d80 Exception <a 'java/lang/ClassNotFoundException'{0x000000008325e798}: sun/misc/SharedSecrets> (0x000000008325e798) 
thrown [s\src\hotspot\share\classfile\systemDictionary.cpp, line 312]
Event: 7.608 Thread 0x0000020ac3106d80 Exception <a 'java/lang/ClassNotFoundException'{0x0000000083261ae0}: com/intellij/gradle/toolingExtension/impl/initScript/util/GradleLifecycleUtilBeanInfo> (0x0000000083261ae0) 
thrown [s\src\hotspot\share\classfile\systemDictionary.cpp, line 312]
Event: 7.609 Thread 0x0000020ac3106d80 Exception <a 'java/lang/ClassNotFoundException'{0x00000000832696e8}: com/intellij/gradle/toolingExtension/impl/initScript/util/GradleLifecycleUtilCustomizer> (0x00000000832696e8) 
thrown [s\src\hotspot\share\classfile\systemDictionary.cpp, line 312]
Event: 7.662 Thread 0x0000020ac3106d80 Exception <a 'java/lang/ClassNotFoundException'{0x00000000831e9b78}: ijKotlinCoroutineJvmDebugInit1_6ijlri0fp49ekm6312sngnp6pBeanInfo> (0x00000000831e9b78) 
thrown [s\src\hotspot\share\classfile\systemDictionary.cpp, line 312]
Event: 7.662 Thread 0x0000020ac3106d80 Exception <a 'java/lang/ClassNotFoundException'{0x00000000831efdd0}: ijKotlinCoroutineJvmDebugInit1_6ijlri0fp49ekm6312sngnp6pCustomizer> (0x00000000831efdd0) 
thrown [s\src\hotspot\share\classfile\systemDictionary.cpp, line 312]
Event: 7.671 Thread 0x0000020ac3106d80 Exception <a 'java/lang/ClassNotFoundException'{0x0000000083040680}: ijKotlinCoroutineJvmDebugInit1_6ijlri0fp49ekm6312sngnp6p$_run_closure1BeanInfo> (0x0000000083040680) 
thrown [s\src\hotspot\share\classfile\systemDictionary.cpp, line 312]
Event: 7.672 Thread 0x0000020ac3106d80 Exception <a 'java/lang/ClassNotFoundException'{0x0000000083046f78}: ijKotlinCoroutineJvmDebugInit1_6ijlri0fp49ekm6312sngnp6p$_run_closure1Customizer> (0x0000000083046f78) 
thrown [s\src\hotspot\share\classfile\systemDictionary.cpp, line 312]
Event: 7.708 Thread 0x0000020ac3106d80 Exception <a 'java/lang/ClassNotFoundException'{0x0000000082fda060}: ijKotlinCoroutineJvmDebugInit1_6ijlri0fp49ekm6312sngnp6pBeanInfo> (0x0000000082fda060) 
thrown [s\src\hotspot\share\classfile\systemDictionary.cpp, line 312]
Event: 7.708 Thread 0x0000020ac3106d80 Exception <a 'java/lang/ClassNotFoundException'{0x0000000082fe0258}: ijKotlinCoroutineJvmDebugInit1_6ijlri0fp49ekm6312sngnp6pCustomizer> (0x0000000082fe0258) 
thrown [s\src\hotspot\share\classfile\systemDictionary.cpp, line 312]

ZGC Phase Switch (0 events):
No events

VM Operations (20 events):
Event: 6.357 Executing VM operation: HandshakeAllThreads (Deoptimize)
Event: 6.357 Executing VM operation: HandshakeAllThreads (Deoptimize) done
Event: 6.377 Executing VM operation: ICBufferFull
Event: 6.377 Executing VM operation: ICBufferFull done
Event: 6.488 Executing VM operation: G1CollectForAllocation (G1 Evacuation Pause)
Event: 6.493 Executing VM operation: G1CollectForAllocation (G1 Evacuation Pause) done
Event: 6.744 Executing VM operation: HandshakeAllThreads (Deoptimize)
Event: 6.744 Executing VM operation: HandshakeAllThreads (Deoptimize) done
Event: 6.798 Executing VM operation: HandshakeAllThreads (Deoptimize)
Event: 6.798 Executing VM operation: HandshakeAllThreads (Deoptimize) done
Event: 6.918 Executing VM operation: G1CollectForAllocation (G1 Evacuation Pause)
Event: 6.926 Executing VM operation: G1CollectForAllocation (G1 Evacuation Pause) done
Event: 7.165 Executing VM operation: HandshakeAllThreads (Deoptimize)
Event: 7.166 Executing VM operation: HandshakeAllThreads (Deoptimize) done
Event: 7.275 Executing VM operation: HandshakeAllThreads (Deoptimize)
Event: 7.275 Executing VM operation: HandshakeAllThreads (Deoptimize) done
Event: 7.444 Executing VM operation: ICBufferFull
Event: 7.444 Executing VM operation: ICBufferFull done
Event: 7.688 Executing VM operation: HandshakeAllThreads (Deoptimize)
Event: 7.688 Executing VM operation: HandshakeAllThreads (Deoptimize) done

Memory protections (0 events):
No events

Nmethod flushes (20 events):
Event: 5.230 Thread 0x0000020abd061ae0 flushing  nmethod 0x0000020aa95d3290
Event: 5.230 Thread 0x0000020abd061ae0 flushing  nmethod 0x0000020aa95d3910
Event: 5.230 Thread 0x0000020abd061ae0 flushing  nmethod 0x0000020aa960fa90
Event: 5.230 Thread 0x0000020abd061ae0 flushing  nmethod 0x0000020aa9610110
Event: 5.230 Thread 0x0000020abd061ae0 flushing  nmethod 0x0000020aa9638910
Event: 5.230 Thread 0x0000020abd061ae0 flushing  nmethod 0x0000020aa9639f10
Event: 5.230 Thread 0x0000020abd061ae0 flushing  nmethod 0x0000020aa963d190
Event: 5.230 Thread 0x0000020abd061ae0 flushing  nmethod 0x0000020aa9640910
Event: 5.230 Thread 0x0000020abd061ae0 flushing  nmethod 0x0000020aa9641090
Event: 5.230 Thread 0x0000020abd061ae0 flushing  nmethod 0x0000020aa9683410
Event: 5.230 Thread 0x0000020abd061ae0 flushing  nmethod 0x0000020aa96b7e10
Event: 5.230 Thread 0x0000020abd061ae0 flushing  nmethod 0x0000020aa96bd090
Event: 5.230 Thread 0x0000020abd061ae0 flushing  nmethod 0x0000020aa9708b10
Event: 5.230 Thread 0x0000020abd061ae0 flushing  nmethod 0x0000020aa9709210
Event: 5.230 Thread 0x0000020abd061ae0 flushing  nmethod 0x0000020aa970f610
Event: 5.230 Thread 0x0000020abd061ae0 flushing  nmethod 0x0000020aa979ac10
Event: 5.230 Thread 0x0000020abd061ae0 flushing  nmethod 0x0000020aa979b090
Event: 5.230 Thread 0x0000020abd061ae0 flushing  nmethod 0x0000020aa979ea10
Event: 5.230 Thread 0x0000020abd061ae0 flushing  nmethod 0x0000020aa97d4710
Event: 5.230 Thread 0x0000020abd061ae0 flushing  nmethod 0x0000020aa97d7590

Events (20 events):
Event: 4.732 Thread 0x0000020ac3106d80 Thread added: 0x0000020ac345aab0
Event: 5.053 Thread 0x0000020ac3106d80 Thread added: 0x0000020ac34589e0
Event: 5.060 Thread 0x0000020ac3106d80 Thread added: 0x0000020ac3456fa0
Event: 5.366 Thread 0x0000020ac3106d80 Thread added: 0x0000020ac3453b20
Event: 5.408 Thread 0x0000020ac3106d80 Thread added: 0x0000020ac3459700
Event: 6.059 Thread 0x0000020ac3106d80 Thread added: 0x0000020ac3456280
Event: 6.079 Thread 0x0000020ac3106d80 Thread added: 0x0000020ac3454ed0
Event: 6.239 Thread 0x0000020ac3106d80 Thread added: 0x0000020ac3457630
Event: 6.542 Thread 0x0000020ac3106d80 Thread added: 0x0000020ac3456910
Event: 6.601 Thread 0x0000020ac3106d80 Thread added: 0x0000020ac3455bf0
Event: 7.322 Thread 0x0000020ac3106d80 Thread added: 0x0000020ac3458350
Event: 7.324 Thread 0x0000020ac3106d80 Thread added: 0x0000020ac3459d90
Event: 7.326 Thread 0x0000020ac3106d80 Thread added: 0x0000020ac345b140
Event: 7.367 Thread 0x0000020ac3106d80 Thread added: 0x0000020ac3457cc0
Event: 7.368 Thread 0x0000020ac3106d80 Thread added: 0x0000020ac3459070
Event: 7.369 Thread 0x0000020ac3106d80 Thread added: 0x0000020ac3455560
Event: 7.464 Thread 0x0000020ac3106d80 Thread added: 0x0000020ac59ec640
Event: 7.682 Thread 0x0000020ac3106d80 Thread added: 0x0000020ac59f0150
Event: 7.683 Thread 0x0000020ac3106d80 Thread added: 0x0000020ac59f07e0
Event: 7.683 Thread 0x0000020ac3106d80 Thread added: 0x0000020ac59eccd0


Dynamic libraries:
0x00007ff62acc0000 - 0x00007ff62acca000 	C:\Program Files\Android\Android Studio\jbr\bin\java.exe
0x00007ffd80670000 - 0x00007ffd80865000 	C:\WINDOWS\SYSTEM32\ntdll.dll
0x00007ffd7eee0000 - 0x00007ffd7ef9e000 	C:\WINDOWS\System32\KERNEL32.DLL
0x00007ffd7e310000 - 0x00007ffd7e5d8000 	C:\WINDOWS\System32\KERNELBASE.dll
0x00007ffd7e0c0000 - 0x00007ffd7e1c0000 	C:\WINDOWS\System32\ucrtbase.dll
0x00007ffd79960000 - 0x00007ffd79978000 	C:\Program Files\Android\Android Studio\jbr\bin\jli.dll
0x00007ffd6d570000 - 0x00007ffd6d58b000 	C:\Program Files\Android\Android Studio\jbr\bin\VCRUNTIME140.dll
0x00007ffd7f090000 - 0x00007ffd7f230000 	C:\WINDOWS\System32\USER32.dll
0x00007ffd7def0000 - 0x00007ffd7df12000 	C:\WINDOWS\System32\win32u.dll
0x00007ffd80070000 - 0x00007ffd8009a000 	C:\WINDOWS\System32\GDI32.dll
0x00007ffd7df20000 - 0x00007ffd7e02b000 	C:\WINDOWS\System32\gdi32full.dll
0x00007ffd7e630000 - 0x00007ffd7e6cd000 	C:\WINDOWS\System32\msvcp_win.dll
0x00007ffd6c870000 - 0x00007ffd6cb0a000 	C:\WINDOWS\WinSxS\amd64_microsoft.windows.common-controls_6595b64144ccf1df_6.0.19041.1110_none_60b5254171f9507e\COMCTL32.dll
0x00007ffd7e940000 - 0x00007ffd7e9de000 	C:\WINDOWS\System32\msvcrt.dll
0x00007ffd80250000 - 0x00007ffd80280000 	C:\WINDOWS\System32\IMM32.DLL
0x00007ffd75ac0000 - 0x00007ffd75acc000 	C:\Program Files\Android\Android Studio\jbr\bin\vcruntime140_1.dll
0x00007ffd76130000 - 0x00007ffd761bd000 	C:\Program Files\Android\Android Studio\jbr\bin\msvcp140.dll
0x00007ffd44500000 - 0x00007ffd4518e000 	C:\Program Files\Android\Android Studio\jbr\bin\server\jvm.dll
0x00007ffd80520000 - 0x00007ffd805ce000 	C:\WINDOWS\System32\ADVAPI32.dll
0x00007ffd803d0000 - 0x00007ffd8046c000 	C:\WINDOWS\System32\sechost.dll
0x00007ffd802a0000 - 0x00007ffd803c5000 	C:\WINDOWS\System32\RPCRT4.dll
0x00007ffd7fff0000 - 0x00007ffd8005b000 	C:\WINDOWS\System32\WS2_32.dll
0x00007ffd6c7b0000 - 0x00007ffd6c7d7000 	C:\WINDOWS\SYSTEM32\WINMM.dll
0x00007ffd7dc00000 - 0x00007ffd7dc4b000 	C:\WINDOWS\SYSTEM32\POWRPROF.dll
0x00007ffd78310000 - 0x00007ffd7831a000 	C:\WINDOWS\SYSTEM32\VERSION.dll
0x00007ffd7dbe0000 - 0x00007ffd7dbf2000 	C:\WINDOWS\SYSTEM32\UMPDC.dll
0x00007ffd7bcd0000 - 0x00007ffd7bce2000 	C:\WINDOWS\SYSTEM32\kernel.appcore.dll
0x00007ffd6d560000 - 0x00007ffd6d56a000 	C:\Program Files\Android\Android Studio\jbr\bin\jimage.dll
0x00007ffd69820000 - 0x00007ffd69a04000 	C:\WINDOWS\SYSTEM32\DBGHELP.DLL
0x00007ffd697f0000 - 0x00007ffd6981c000 	C:\WINDOWS\SYSTEM32\dbgcore.DLL
0x00007ffd7e030000 - 0x00007ffd7e0b2000 	C:\WINDOWS\System32\bcryptPrimitives.dll
0x00007ffd6d4d0000 - 0x00007ffd6d4de000 	C:\Program Files\Android\Android Studio\jbr\bin\instrument.dll
0x00007ffd6c3e0000 - 0x00007ffd6c400000 	C:\Program Files\Android\Android Studio\jbr\bin\java.dll
0x00007ffd694c0000 - 0x00007ffd694d8000 	C:\Program Files\Android\Android Studio\jbr\bin\zip.dll
0x00007ffd7f230000 - 0x00007ffd7f974000 	C:\WINDOWS\System32\SHELL32.dll
0x00007ffd7bed0000 - 0x00007ffd7c664000 	C:\WINDOWS\SYSTEM32\windows.storage.dll
0x00007ffd7eb80000 - 0x00007ffd7eed4000 	C:\WINDOWS\System32\combase.dll
0x00007ffd7d730000 - 0x00007ffd7d75c000 	C:\WINDOWS\SYSTEM32\Wldp.dll
0x00007ffd80470000 - 0x00007ffd8051d000 	C:\WINDOWS\System32\SHCORE.dll
0x00007ffd7fee0000 - 0x00007ffd7ff35000 	C:\WINDOWS\System32\shlwapi.dll
0x00007ffd7dcd0000 - 0x00007ffd7dcef000 	C:\WINDOWS\SYSTEM32\profapi.dll
0x00007ffd6c2a0000 - 0x00007ffd6c2b0000 	C:\Program Files\Android\Android Studio\jbr\bin\net.dll
0x00007ffd73160000 - 0x00007ffd7326a000 	C:\WINDOWS\SYSTEM32\WINHTTP.dll
0x00007ffd7d490000 - 0x00007ffd7d4fa000 	C:\WINDOWS\system32\mswsock.dll
0x00007ffd694a0000 - 0x00007ffd694b6000 	C:\Program Files\Android\Android Studio\jbr\bin\nio.dll
0x00007ffd69650000 - 0x00007ffd69660000 	C:\Program Files\Android\Android Studio\jbr\bin\verify.dll
0x00007ffd79a50000 - 0x00007ffd79a77000 	C:\Users\Nguyen Tung\.gradle\native\1def1411415f61bf3af743bc5b6707747c0891f09f0c88961ee8f79bc544acac\windows-amd64\native-platform.dll
0x00007ffd6ac50000 - 0x00007ffd6acc8000 	C:\Users\Nguyen Tung\.gradle\native\0.2.7\x86_64-windows-gnu\gradle-fileevents.dll
0x00007ffd69150000 - 0x00007ffd69159000 	C:\Program Files\Android\Android Studio\jbr\bin\management.dll
0x00007ffd690e0000 - 0x00007ffd690eb000 	C:\Program Files\Android\Android Studio\jbr\bin\management_ext.dll
0x00007ffd7e6d0000 - 0x00007ffd7e6d8000 	C:\WINDOWS\System32\PSAPI.DLL
0x00007ffd7d180000 - 0x00007ffd7d1bb000 	C:\WINDOWS\SYSTEM32\IPHLPAPI.DLL
0x00007ffd7efa0000 - 0x00007ffd7efa8000 	C:\WINDOWS\System32\NSI.dll
0x00007ffd69a10000 - 0x00007ffd69a19000 	C:\Program Files\Android\Android Studio\jbr\bin\extnet.dll
0x00007ffd7d690000 - 0x00007ffd7d6a8000 	C:\WINDOWS\SYSTEM32\CRYPTSP.dll
0x00007ffd7ce10000 - 0x00007ffd7ce44000 	C:\WINDOWS\system32\rsaenh.dll
0x00007ffd7e1c0000 - 0x00007ffd7e1e7000 	C:\WINDOWS\System32\bcrypt.dll
0x00007ffd7dc90000 - 0x00007ffd7dcbe000 	C:\WINDOWS\SYSTEM32\USERENV.dll
0x00007ffd7d680000 - 0x00007ffd7d68c000 	C:\WINDOWS\SYSTEM32\CRYPTBASE.dll
0x00007ffd6b430000 - 0x00007ffd6b437000 	C:\WINDOWS\system32\wshunix.dll

dbghelp: loaded successfully - version: 4.0.5 - missing functions: none
symbol engine: initialized successfully - sym options: 0x614 - pdb path: .;C:\Program Files\Android\Android Studio\jbr\bin;C:\WINDOWS\SYSTEM32;C:\WINDOWS\WinSxS\amd64_microsoft.windows.common-controls_6595b64144ccf1df_6.0.19041.1110_none_60b5254171f9507e;C:\Program Files\Android\Android Studio\jbr\bin\server;C:\Users\Nguyen Tung\.gradle\native\1def1411415f61bf3af743bc5b6707747c0891f09f0c88961ee8f79bc544acac\windows-amd64;C:\Users\Nguyen Tung\.gradle\native\0.2.7\x86_64-windows-gnu

VM Arguments:
jvm_args: --add-opens=java.base/java.lang=ALL-UNNAMED --add-opens=java.base/java.lang.invoke=ALL-UNNAMED --add-opens=java.base/java.util=ALL-UNNAMED --add-opens=java.prefs/java.util.prefs=ALL-UNNAMED --add-exports=jdk.compiler/com.sun.tools.javac.api=ALL-UNNAMED --add-exports=jdk.compiler/com.sun.tools.javac.util=ALL-UNNAMED --add-opens=java.base/java.util=ALL-UNNAMED --add-opens=java.prefs/java.util.prefs=ALL-UNNAMED --add-opens=java.base/java.nio.charset=ALL-UNNAMED --add-opens=java.base/java.net=ALL-UNNAMED --add-opens=java.base/java.util.concurrent.atomic=ALL-UNNAMED --add-opens=java.xml/javax.xml.namespace=ALL-UNNAMED -Xmx2048m -Dfile.encoding=UTF-8 -Duser.country=US -Duser.language=en -Duser.variant -javaagent:C:\Users\Nguyen Tung\.gradle\wrapper\dists\gradle-8.13-bin\5xuhj0ry160q40clulazy9h7d\gradle-8.13\lib\agents\gradle-instrumentation-agent-8.13.jar 
java_command: org.gradle.launcher.daemon.bootstrap.GradleDaemon 8.13
java_class_path (initial): C:\Users\Nguyen Tung\.gradle\wrapper\dists\gradle-8.13-bin\5xuhj0ry160q40clulazy9h7d\gradle-8.13\lib\gradle-daemon-main-8.13.jar
Launcher Type: SUN_STANDARD

[Global flags]
     intx CICompilerCount                          = 3                                         {product} {ergonomic}
     uint ConcGCThreads                            = 1                                         {product} {ergonomic}
     uint G1ConcRefinementThreads                  = 4                                         {product} {ergonomic}
   size_t G1HeapRegionSize                         = 1048576                                   {product} {ergonomic}
    uintx GCDrainStackTargetSize                   = 64                                        {product} {ergonomic}
   size_t InitialHeapSize                          = 67108864                                  {product} {ergonomic}
   size_t MarkStackSize                            = 4194304                                   {product} {ergonomic}
   size_t MaxHeapSize                              = 2147483648                                {product} {command line}
   size_t MaxNewSize                               = 1287651328                                {product} {ergonomic}
   size_t MinHeapDeltaBytes                        = 1048576                                   {product} {ergonomic}
   size_t MinHeapSize                              = 8388608                                   {product} {ergonomic}
    uintx NonNMethodCodeHeapSize                   = 5832780                                {pd product} {ergonomic}
    uintx NonProfiledCodeHeapSize                  = 122912730                              {pd product} {ergonomic}
    uintx ProfiledCodeHeapSize                     = 122912730                              {pd product} {ergonomic}
    uintx ReservedCodeCacheSize                    = 251658240                              {pd product} {ergonomic}
     bool SegmentedCodeCache                       = true                                      {product} {ergonomic}
   size_t SoftMaxHeapSize                          = 2147483648                             {manageable} {ergonomic}
     bool UseCompressedOops                        = true                           {product lp64_product} {ergonomic}
     bool UseG1GC                                  = true                                      {product} {ergonomic}
     bool UseLargePagesIndividualAllocation        = false                                  {pd product} {ergonomic}

Logging:
Log output configuration:
 #0: stdout all=warning uptime,level,tags foldmultilines=false
 #1: stderr all=off uptime,level,tags foldmultilines=false

Environment Variables:
PATH=C:\Program Files\Common Files\Oracle\Java\javapath;C:\WINDOWS\system32;C:\WINDOWS;C:\WINDOWS\System32\Wbem;C:\WINDOWS\System32\WindowsPowerShell\v1.0\;C:\WINDOWS\System32\OpenSSH\;C:\Program Files\Git\cmd;C:\Users\Nguyen Tung\AppData\Local\Microsoft\WindowsApps;
USERNAME=Nguyen Tung
OS=Windows_NT
PROCESSOR_IDENTIFIER=Intel64 Family 6 Model 158 Stepping 10, GenuineIntel
TMP=C:\Users\NGUYEN~1\AppData\Local\Temp
TEMP=C:\Users\NGUYEN~1\AppData\Local\Temp




Periodic native trim disabled

JNI global refs:
JNI global refs: 24, weak refs: 6

JNI global refs memory usage: 835, weak refs: 833

Process memory usage:
Resident Set Size: 248204K (6% of 4063584K total physical memory with 314516K free physical memory)

OOME stack traces (most recent first):
Classloader memory used:
Loader org.gradle.internal.classloader.VisitableURLClassLoader                         : 26739K
Loader bootstrap                                                                       : 22077K
Loader org.gradle.initialization.MixInLegacyTypesClassLoader                           : 6269K
Loader jdk.internal.loader.ClassLoaders$PlatformClassLoader                            : 499K
Loader jdk.internal.loader.ClassLoaders$AppClassLoader                                 : 235K
Loader org.gradle.groovy.scripts.internal.DefaultScriptCompilationHandler$ScriptClassLoader: 98800B
Loader org.gradle.internal.classloader.VisitableURLClassLoader$InstrumentingVisitableURLClassLoader: 15784B
Loader jdk.internal.reflect.DelegatingClassLoader                                      : 10296B
Loader org.codehaus.groovy.runtime.callsite.CallSiteClassLoader                        : 10112B

Classes loaded by more than one classloader:
Class org.gradle.internal.classloader.FilteringClassLoader                            : loaded 2 times (x 103B)
Class org.gradle.internal.classloader.ClassLoaderHierarchy                            : loaded 2 times (x 68B)
Class org.gradle.api.internal.classpath.ManifestUtil                                  : loaded 2 times (x 69B)
Class org.gradle.internal.classloader.DefaultClassLoaderFactory                       : loaded 2 times (x 80B)
Class org.gradle.internal.classloader.ClassLoaderVisitor                              : loaded 2 times (x 74B)
Class org.gradle.api.internal.classpath.EffectiveClassPath                            : loaded 2 times (x 88B)
Class org.gradle.api.internal.DefaultClassPathProvider                                : loaded 2 times (x 74B)
Class [Lorg.gradle.api.internal.ClassPathProvider;                                    : loaded 2 times (x 67B)
Class org.gradle.api.internal.ClassPathProvider                                       : loaded 2 times (x 68B)
Class org.gradle.internal.service.UnknownServiceException                             : loaded 2 times (x 81B)
Class org.gradle.internal.classpath.TransformedClassPath                              : loaded 2 times (x 94B)
Class org.gradle.internal.classloader.InstrumentingClassLoader                        : loaded 2 times (x 68B)
Class ijKotlinCoroutineJvmDebugInit1_6ijlri0fp49ekm6312sngnp6p$_run_closure1          : loaded 2 times (x 137B)
Class org.gradle.internal.service.ServiceLocator                                      : loaded 2 times (x 68B)
Class ijKotlinCoroutineJvmDebugInit1_6ijlri0fp49ekm6312sngnp6p                        : loaded 2 times (x 177B)
Class org.gradle.internal.InternalTransformer                                         : loaded 2 times (x 68B)
Class org.gradle.internal.classloader.ClasspathUtil$1                                 : loaded 2 times (x 74B)
Class org.gradle.api.internal.classpath.DefaultModuleRegistry$DefaultModule           : loaded 2 times (x 84B)
Class org.gradle.api.internal.classpath.Module                                        : loaded 2 times (x 68B)
Class org.gradle.api.internal.classpath.UnknownModuleException                        : loaded 2 times (x 80B)
Class org.gradle.api.internal.DefaultClassPathRegistry                                : loaded 2 times (x 74B)
Class org.gradle.api.internal.ClassPathRegistry                                       : loaded 2 times (x 68B)
Class org.gradle.internal.classpath.DefaultClassPath$ImmutableUniqueList              : loaded 2 times (x 197B)
Class org.gradle.internal.classpath.ClassPath                                         : loaded 2 times (x 68B)
Class org.gradle.api.UncheckedIOException                                             : loaded 2 times (x 80B)
Class org.gradle.internal.installation.GradleInstallation$1                           : loaded 2 times (x 73B)
Class org.gradle.api.internal.classpath.ModuleRegistry                                : loaded 2 times (x 68B)
Class org.gradle.api.internal.classpath.DefaultModuleRegistry                         : loaded 2 times (x 84B)
Class org.gradle.internal.service.ServiceLookupException                              : loaded 2 times (x 80B)
Class org.gradle.internal.classloader.ClassLoaderFactory                              : loaded 2 times (x 68B)
Class org.gradle.internal.service.CachingServiceLocator                               : loaded 2 times (x 80B)
Class org.gradle.internal.classloader.ClasspathUtil                                   : loaded 2 times (x 69B)
Class org.gradle.api.specs.Spec                                                       : loaded 2 times (x 68B)
Class org.gradle.internal.classloader.VisitableURLClassLoader$InstrumentingVisitableURLClassLoader: loaded 2 times (x 121B)
Class org.gradle.internal.classloader.VisitableURLClassLoader$Spec                    : loaded 2 times (x 72B)
Class org.gradle.internal.classpath.DefaultClassPath                                  : loaded 2 times (x 88B)
Class org.gradle.internal.classloader.ClassLoaderSpec                                 : loaded 2 times (x 69B)
Class org.gradle.internal.classloader.VisitableURLClassLoader                         : loaded 2 times (x 115B)
Class ijJvmDebugger1_ef8m1veyp0ol1q35xx5vipe5l                                        : loaded 2 times (x 177B)
Class org.gradle.internal.Cast                                                        : loaded 2 times (x 69B)
Class org.gradle.api.Action                                                           : loaded 2 times (x 68B)
Class org.gradle.internal.classpath.DefaultClassPath$ImmutableUniqueList$Builder      : loaded 2 times (x 73B)
Class org.gradle.api.GradleException                                                  : loaded 2 times (x 80B)
Class org.gradle.internal.IoActions                                                   : loaded 2 times (x 69B)
Class org.gradle.internal.classloader.SystemClassLoaderSpec                           : loaded 2 times (x 69B)
Class org.gradle.api.internal.classpath.GlobalCacheRootsProvider                      : loaded 2 times (x 68B)
Class ijJvmDebugger1_ef8m1veyp0ol1q35xx5vipe5l$_run_closure1                          : loaded 2 times (x 137B)
Class org.gradle.internal.installation.CurrentGradleInstallationLocator               : loaded 2 times (x 69B)
Class org.gradle.internal.service.DefaultServiceLocator                               : loaded 2 times (x 81B)
Class org.gradle.internal.installation.CurrentGradleInstallation                      : loaded 2 times (x 71B)
Class org.gradle.util.internal.GUtil                                                  : loaded 2 times (x 69B)
Class org.gradle.internal.installation.GradleInstallation                             : loaded 2 times (x 73B)

---------------  S Y S T E M  ---------------

OS:
 Windows 10 , 64 bit Build 19041 (10.0.19041.1645)
OS uptime: 0 days 2:50 hours

CPU: total 4 (initial active 4) (2 cores per cpu, 2 threads per core) family 6 model 158 stepping 10 microcode 0xb4, cx8, cmov, fxsr, ht, mmx, 3dnowpref, sse, sse2, sse3, ssse3, sse4.1, sse4.2, popcnt, lzcnt, tsc, tscinvbit, aes, erms, clmul, clflush, clflushopt, rdtscp
Processor Information for the first 4 processors :
  Max Mhz: 3696, Current Mhz: 3696, Mhz Limit: 3696

Memory: 4k page, system-wide physical 3968M (307M free)
TotalPageFile size 6619M (AvailPageFile size 6M)
current process WorkingSet (physical memory assigned to process): 242M, peak: 242M
current process commit charge ("private bytes"): 272M, peak: 273M

vm_info: OpenJDK 64-Bit Server VM (21.0.7+-13880790-b1038.58) for windows-amd64 JRE (21.0.7+-13880790-b1038.58), built on 2025-08-04T20:56:21Z by "builder" with MS VC++ 16.10 / 16.11 (VS2019)

END.
